           Time    Speed        Read     Read   Mapped   Mapped   Mapped   Mapped Unmapped Unmapped Unmapped Unmapped
                    M/hr      number   length   unique   length   MMrate    multi   multi+       MM    short    other
Jan 20 16:13:19	Started 1st pass mapping
Jan 20 16:15:02      1.5       43060      300     4.0%    285.7     5.3%     0.1%     0.0%     0.0%    95.8%     0.0%
Jan 20 16:16:46     24.7     1420089      300     4.0%    286.1     5.2%     0.1%     0.0%     0.0%    95.9%     0.0%
Jan 20 16:18:24     33.0     2794041      300     4.0%    286.2     5.2%     0.1%     0.0%     0.0%    95.8%     0.0%
Jan 20 16:20:07     36.8     4167993      300     4.1%    286.2     5.2%     0.2%     0.0%     0.0%    95.8%     0.0%
Jan 20 16:21:44     39.5     5541945      300     4.1%    286.3     5.2%     0.2%     0.0%     0.0%    95.8%     0.0%
Jan 20 16:23:15     41.8     6915897      300     4.1%    286.3     5.2%     0.2%     0.0%     0.0%    95.8%     0.0%
Jan 20 16:24:17     45.1     8246913      300     4.1%    286.3     5.2%     0.2%     0.0%     0.0%    95.8%     0.0%
Jan 20 16:25:24     41.4     8332785      300     4.1%    286.3     5.2%     0.2%     0.0%     0.0%    95.8%     0.0%
Jan 20 16:26:42     43.3     9663801      300     4.1%    286.4     5.2%     0.2%     0.0%     0.0%    95.8%     0.0%
Jan 20 16:27:46     45.6    10991967      300     4.1%    286.4     5.2%     0.2%     0.0%     0.0%    95.8%     0.0%
Jan 20 16:28:55     42.6    11077593      300     4.1%    286.4     5.2%     0.2%     0.0%     0.0%    95.8%     0.0%
Jan 20 16:30:15     44.0    12404796      300     4.1%    286.3     5.2%     0.2%     0.0%     0.0%    95.8%     0.0%
Jan 20 16:31:15     45.8    13689186      300     4.1%    286.3     5.2%     0.2%     0.0%     0.0%    95.8%     0.0%
Jan 20 16:32:27     43.3    13817625      300     4.1%    286.3     5.2%     0.2%     0.0%     0.0%    95.8%     0.0%
Jan 20 16:33:47     44.4    15144828      300     4.1%    286.3     5.2%     0.2%     0.0%     0.0%    95.8%     0.0%
Jan 20 16:34:47     45.8    16386405      300     4.1%    286.3     5.2%     0.2%     0.0%     0.0%    95.8%     0.0%
Jan 20 16:35:53     44.0    16557657      300     4.1%    286.3     5.2%     0.2%     0.0%     0.0%    95.8%     0.0%
Jan 20 16:37:16     44.8    17884860      300     4.1%    286.3     5.2%     0.2%     0.0%     0.0%    95.8%     0.0%
Jan 20 16:38:21     45.7    19083624      300     4.1%    286.3     5.2%     0.2%     0.0%     0.0%    95.8%     0.0%
Jan 20 16:39:24     44.5    19340502      300     4.1%    286.3     5.2%     0.2%     0.0%     0.0%    95.8%     0.0%
Jan 20 16:40:45     45.1    20624892      300     4.1%    286.3     5.2%     0.2%     0.0%     0.0%    95.8%     0.0%
Jan 20 16:41:51     45.8    21780843      300     4.1%    286.4     5.2%     0.2%     0.0%     0.0%    95.8%     0.0%
Jan 20 16:42:54     45.0    22166160      300     4.1%    286.4     5.2%     0.2%     0.0%     0.0%    95.8%     0.0%
Jan 20 16:44:06     45.5    23364924      300     4.1%    286.4     5.2%     0.2%     0.0%     0.0%    95.8%     0.0%
Jan 20 16:45:09     46.1    24478062      300     4.1%    286.4     5.2%     0.2%     0.0%     0.0%    95.8%     0.0%
Jan 20 16:46:17     45.2    24820566      300     4.1%    286.4     5.2%     0.2%     0.0%     0.0%    95.8%     0.0%
Jan 20 16:47:17     46.0    26019330      300     4.1%    286.4     5.2%     0.2%     0.0%     0.0%    95.8%     0.0%
Jan 20 16:48:20     45.5    26575899      300     4.1%    286.4     5.2%     0.2%     0.0%     0.0%    95.8%     0.0%
Jan 20 16:49:25     45.7    27517785      300     4.1%    286.4     5.2%     0.2%     0.0%     0.0%    95.8%     0.0%
Jan 20 16:50:25     46.2    28588110      300     4.1%    286.4     5.2%     0.2%     0.0%     0.0%    95.8%     0.0%
Jan 20 16:51:25     45.6    28930614      300     4.1%    286.4     5.2%     0.2%     0.0%     0.0%    95.8%     0.0%
Jan 20 16:52:25     46.2    30086565      300     4.1%    286.4     5.2%     0.2%     0.0%     0.0%    95.8%     0.0%
Jan 20 16:53:26     45.7    30557508      300     4.1%    286.4     5.2%     0.2%     0.0%     0.0%    95.8%     0.0%
Jan 20 16:54:30     46.0    31585020      300     4.1%    286.4     5.2%     0.2%     0.0%     0.0%    95.8%     0.0%
Jan 20 16:55:35     46.2    32569719      300     4.1%    286.4     5.2%     0.2%     0.0%     0.0%    95.8%     0.0%
Jan 20 16:56:38     45.8    33083475      300     4.1%    286.4     5.2%     0.2%     0.0%     0.0%    95.8%     0.0%
Jan 20 16:57:40     46.3    34196613      300     4.1%    286.4     5.2%     0.2%     0.0%     0.0%    95.8%     0.0%
Jan 20 16:58:41     45.8    34667556      300     4.1%    286.4     5.2%     0.2%     0.0%     0.0%    95.8%     0.0%
Jan 20 16:59:42     46.2    35695068      300     4.1%    286.5     5.2%     0.2%     0.0%     0.0%    95.8%     0.0%
Jan 20 17:00:43     46.3    36594141      300     4.1%    286.5     5.2%     0.2%     0.0%     0.0%    95.8%     0.0%
Jan 20 17:01:43     46.1    37150710      300     4.1%    286.5     5.2%     0.2%     0.0%     0.0%    95.8%     0.0%
Jan 20 17:02:43     46.3    38135409      300     4.1%    286.5     5.2%     0.2%     0.0%     0.0%    95.8%     0.0%
Jan 20 17:03:48     45.9    38649165      300     4.1%    286.5     5.2%     0.2%     0.0%     0.0%    95.8%     0.0%
Jan 20 17:04:51     46.3    39762303      300     4.1%    286.5     5.2%     0.2%     0.0%     0.0%    95.8%     0.0%
Jan 20 17:05:51     46.3    40575750      300     4.1%    286.5     5.2%     0.2%     0.0%     0.0%    95.8%     0.0%
Jan 20 17:06:51     46.2    41260758      300     4.1%    286.5     5.2%     0.2%     0.0%     0.0%    95.8%     0.0%
Jan 20 17:07:55     46.4    42245457      300     4.1%    286.5     5.2%     0.2%     0.0%     0.0%    95.8%     0.0%
Jan 20 17:09:01     46.1    42802026      300     4.1%    286.5     5.2%     0.2%     0.0%     0.0%    95.8%     0.0%
Jan 20 17:10:01     46.4    43829538      300     4.1%    286.5     5.2%     0.2%     0.0%     0.0%    95.8%     0.0%
Jan 20 17:11:02     46.3    44514546      300     4.1%    286.5     5.2%     0.2%     0.0%     0.0%    95.8%     0.0%
Jan 20 17:12:07     46.3    45413619      300     4.1%    286.5     5.2%     0.2%     0.0%     0.0%    95.8%     0.0%
Jan 20 17:13:07     46.5    46355505      300     4.1%    286.5     5.2%     0.2%     0.0%     0.0%    95.8%     0.0%
Jan 20 17:14:10     46.2    46869261      300     4.1%    286.5     5.2%     0.2%     0.0%     0.0%    95.8%     0.0%
Jan 20 17:15:17     46.5    47982399      300     4.1%    286.5     5.2%     0.2%     0.0%     0.0%    95.8%     0.0%
Jan 20 17:16:18     46.4    48667407      300     4.1%    286.5     5.2%     0.2%     0.0%     0.0%    95.8%     0.0%
Jan 20 17:17:20     46.5    49566480      300     4.1%    286.5     5.2%     0.2%     0.0%     0.0%    95.8%     0.0%
Jan 20 17:18:21     46.5    50379927      300     4.1%    286.5     5.2%     0.2%     0.0%     0.0%    95.8%     0.0%
Jan 20 17:19:22     46.3    50979309      300     4.1%    286.5     5.2%     0.2%     0.0%     0.0%    95.8%     0.0%
Jan 20 17:20:23     46.6    52092447      300     4.1%    286.5     5.2%     0.2%     0.0%     0.0%    95.8%     0.0%
Jan 20 17:21:23     46.3    52563390      300     4.1%    286.5     5.2%     0.2%     0.0%     0.0%    95.8%     0.0%
Jan 20 17:22:24     46.5    53590902      300     4.1%    286.5     5.2%     0.2%     0.0%     0.0%    95.8%     0.0%
Jan 20 17:23:24     46.5    54361536      300     4.1%    286.5     5.2%     0.2%     0.0%     0.0%    95.8%     0.0%
Jan 20 17:24:29     46.4    55046544      300     4.1%    286.5     5.2%     0.2%     0.0%     0.0%    95.8%     0.0%
Jan 20 17:25:34     46.6    56159682      300     4.1%    286.5     5.2%     0.2%     0.0%     0.0%    95.8%     0.0%
Jan 20 17:26:34     46.4    56587812      300     4.1%    286.5     5.2%     0.2%     0.0%     0.0%    95.8%     0.0%
Jan 20 17:27:49     46.5    57743763      300     4.1%    286.5     5.2%     0.2%     0.0%     0.0%    95.8%     0.0%
Jan 20 17:28:51     46.7    58771275      300     4.1%    286.5     5.2%     0.2%     0.0%     0.0%    95.8%     0.0%
Jan 20 17:29:52     46.4    59242218      300     4.1%    286.5     5.2%     0.2%     0.0%     0.0%    95.8%     0.0%
Jan 20 17:30:58     46.6    60355356      300     4.1%    286.5     5.2%     0.2%     0.0%     0.0%    95.8%     0.0%
Jan 20 17:31:58     46.6    61125990      300     4.1%    286.5     5.2%     0.2%     0.0%     0.0%    95.8%     0.0%
Jan 20 17:33:05     46.5    61853811      300     4.1%    286.5     5.2%     0.2%     0.0%     0.0%    95.8%     0.0%
Jan 20 17:34:06     46.8    62966949      300     4.1%    286.5     5.2%     0.2%     0.0%     0.0%    95.8%     0.0%
Jan 20 17:34:45	Finished 1st pass mapping
Jan 20 17:36:50      1.5       43070      300     3.9%    286.7     5.2%     0.2%     0.0%     0.0%    95.9%     0.0%
Jan 20 17:38:34     24.3     1419185      300     4.0%    285.9     5.3%     0.1%     0.0%     0.0%    95.9%     0.0%
Jan 20 17:40:12     32.6     2792258      300     4.0%    286.0     5.3%     0.1%     0.0%     0.0%    95.8%     0.0%
Jan 20 17:41:52     36.8     4165333      300     4.0%    286.0     5.3%     0.2%     0.0%     0.0%    95.8%     0.0%
Jan 20 17:43:38     38.8     5538406      300     4.1%    286.1     5.3%     0.2%     0.0%     0.0%    95.8%     0.0%
Jan 20 17:45:20     40.4     6911465      300     4.1%    286.1     5.2%     0.2%     0.0%     0.0%    95.8%     0.0%
Jan 20 17:46:23     43.7     8241596      300     4.1%    286.1     5.2%     0.2%     0.0%     0.0%    95.8%     0.0%
Jan 20 17:47:24     41.1     8456137      300     4.1%    286.1     5.2%     0.2%     0.0%     0.0%    95.8%     0.0%
Jan 20 17:48:42     42.5     9657546      300     4.1%    286.2     5.2%     0.2%     0.0%     0.0%    95.8%     0.0%
Jan 20 17:49:42     43.8    10685303      300     4.1%    286.1     5.2%     0.2%     0.0%     0.0%    95.8%     0.0%
Jan 20 17:50:43     42.4    11070355      300     4.1%    286.1     5.2%     0.2%     0.0%     0.0%    95.8%     0.0%
Jan 20 17:51:51     44.2    12353931      300     4.1%    286.1     5.2%     0.2%     0.0%     0.0%    95.8%     0.0%
Jan 20 17:52:51     43.3    12824595      300     4.1%    286.1     5.3%     0.2%     0.0%     0.0%    95.8%     0.0%
Jan 20 17:54:09     43.4    13808637      300     4.1%    286.1     5.3%     0.2%     0.0%     0.0%    95.8%     0.0%
Jan 20 17:55:11     44.5    14921072      300     4.0%    286.1     5.3%     0.2%     0.0%     0.0%    95.8%     0.0%
Jan 20 17:56:14     43.8    15434509      300     4.0%    286.1     5.3%     0.2%     0.0%     0.0%    95.8%     0.0%
Jan 20 17:57:15     44.4    16418552      300     4.1%    286.1     5.3%     0.2%     0.0%     0.0%    95.8%     0.0%
Jan 20 17:58:16     44.7    17274235      300     4.1%    286.1     5.3%     0.2%     0.0%     0.0%    95.8%     0.0%
Jan 20 17:59:20     44.4    17958793      300     4.1%    286.1     5.3%     0.2%     0.0%     0.0%    95.8%     0.0%
Jan 20 18:00:28     44.7    18942900      300     4.1%    286.1     5.3%     0.2%     0.0%     0.0%    95.8%     0.0%
Jan 20 18:01:29     44.4    19541893      300     4.1%    286.1     5.2%     0.2%     0.0%     0.0%    95.8%     0.0%
Jan 20 18:02:29     44.7    20440384      300     4.1%    286.1     5.2%     0.2%     0.0%     0.0%    95.8%     0.0%
Jan 20 18:03:29     45.0    21296091      300     4.1%    286.2     5.2%     0.2%     0.0%     0.0%    95.8%     0.0%
Jan 20 18:04:29     44.7    21937850      300     4.1%    286.2     5.2%     0.2%     0.0%     0.0%    95.8%     0.0%
Jan 20 18:05:40     45.2    23050273      300     4.1%    286.2     5.2%     0.2%     0.0%     0.0%    95.8%     0.0%
Jan 20 18:06:41     44.7    23563720      300     4.1%    286.2     5.2%     0.2%     0.0%     0.0%    95.8%     0.0%
Jan 20 18:07:47     45.0    24547766      300     4.0%    286.2     5.2%     0.2%     0.0%     0.0%    95.8%     0.0%
Jan 20 18:08:47     45.4    25489022      300     4.0%    286.2     5.2%     0.2%     0.0%     0.0%    95.8%     0.0%
Jan 20 18:09:49     45.0    26045241      300     4.0%    286.2     5.2%     0.2%     0.0%     0.0%    95.8%     0.0%
Jan 20 18:11:03     45.4    27200460      300     4.1%    286.2     5.2%     0.2%     0.0%     0.0%    95.8%     0.0%
Jan 20 18:12:05     45.0    27756666      300     4.1%    286.2     5.2%     0.2%     0.0%     0.0%    95.8%     0.0%
Jan 20 18:13:08     45.3    28740717      300     4.0%    286.2     5.2%     0.2%     0.0%     0.0%    95.8%     0.0%
Jan 20 18:14:09     45.6    29724814      300     4.0%    286.2     5.2%     0.2%     0.0%     0.0%    95.8%     0.0%
Jan 20 18:15:14     45.2    30238248      300     4.0%    286.2     5.2%     0.2%     0.0%     0.0%    95.8%     0.0%
Jan 20 18:16:18     45.6    31307805      300     4.1%    286.2     5.2%     0.2%     0.0%     0.0%    95.8%     0.0%
Jan 20 18:17:18     45.3    31864014      300     4.1%    286.2     5.2%     0.2%     0.0%     0.0%    95.8%     0.0%
Jan 20 18:18:19     45.5    32805235      300     4.1%    286.2     5.2%     0.2%     0.0%     0.0%    95.8%     0.0%
Jan 20 18:19:19     45.7    33703756      300     4.1%    286.2     5.2%     0.2%     0.0%     0.0%    95.8%     0.0%
Jan 20 18:20:29     45.4    34345539      300     4.0%    286.2     5.2%     0.2%     0.0%     0.0%    95.8%     0.0%
Jan 20 18:21:30     45.8    35415128      300     4.0%    286.2     5.2%     0.2%     0.0%     0.0%    95.8%     0.0%
Jan 20 18:22:33     45.5    35971360      300     4.0%    286.3     5.2%     0.2%     0.0%     0.0%    95.8%     0.0%
Jan 20 18:23:33     45.6    36869783      300     4.0%    286.3     5.2%     0.2%     0.0%     0.0%    95.8%     0.0%
Jan 20 18:24:33     45.7    37725465      300     4.0%    286.3     5.2%     0.2%     0.0%     0.0%    95.8%     0.0%
Jan 20 18:25:41     45.5    38410022      300     4.0%    286.3     5.2%     0.2%     0.0%     0.0%    95.8%     0.0%
Jan 20 18:26:41     45.9    39479615      300     4.0%    286.3     5.2%     0.2%     0.0%     0.0%    95.8%     0.0%
Jan 20 18:27:43     45.7    40078614      300     4.0%    286.3     5.2%     0.2%     0.0%     0.0%    95.8%     0.0%
Jan 20 18:28:46     45.8    41019863      300     4.1%    286.3     5.2%     0.2%     0.0%     0.0%    95.8%     0.0%
Jan 20 18:29:48     45.7    41704373      300     4.1%    286.3     5.2%     0.2%     0.0%     0.0%    95.8%     0.0%
Jan 20 18:30:56     45.7    42517294      300     4.0%    286.3     5.2%     0.2%     0.0%     0.0%    95.8%     0.0%
Jan 20 18:31:56     45.9    43458530      300     4.0%    286.3     5.2%     0.2%     0.0%     0.0%    95.8%     0.0%
Jan 20 18:33:06     45.7    44185866      300     4.0%    286.3     5.2%     0.2%     0.0%     0.0%    95.8%     0.0%
Jan 20 18:34:18     45.8    45212674      300     4.0%    286.3     5.2%     0.2%     0.0%     0.0%    95.8%     0.0%
Jan 20 18:35:24     45.9    46153917      300     4.0%    286.3     5.2%     0.2%     0.0%     0.0%    95.8%     0.0%
Jan 20 18:36:34     45.8    46966788      300     4.0%    286.3     5.2%     0.2%     0.0%     0.0%    95.8%     0.0%
Jan 20 18:37:36     45.9    47822498      300     4.0%    286.3     5.2%     0.2%     0.0%     0.0%    95.8%     0.0%
Jan 20 18:38:41     45.9    48678175      300     4.0%    286.3     5.2%     0.2%     0.0%     0.0%    95.8%     0.0%
Jan 20 18:39:43     45.9    49448320      300     4.0%    286.3     5.2%     0.2%     0.0%     0.0%    95.8%     0.0%
Jan 20 18:40:43     45.9    50261231      300     4.0%    286.3     5.2%     0.2%     0.0%     0.0%    95.8%     0.0%
Jan 20 18:41:51     45.9    51074124      300     4.0%    286.3     5.2%     0.2%     0.0%     0.0%    95.8%     0.0%
Jan 20 18:42:55     45.9    51887046      300     4.0%    286.3     5.2%     0.2%     0.0%     0.0%    95.8%     0.0%
Jan 20 18:44:01     46.0    52828281      300     4.0%    286.3     5.2%     0.2%     0.0%     0.0%    95.8%     0.0%
Jan 20 18:45:13     46.0    53769563      300     4.0%    286.3     5.2%     0.2%     0.0%     0.0%    95.8%     0.0%
Jan 20 18:46:15     46.0    54539682      300     4.0%    286.3     5.2%     0.2%     0.0%     0.0%    95.8%     0.0%
Jan 20 18:47:17     45.9    55267091      300     4.0%    286.3     5.2%     0.2%     0.0%     0.0%    95.8%     0.0%
Jan 20 18:48:18     46.0    56165563      300     4.0%    286.3     5.2%     0.2%     0.0%     0.0%    95.8%     0.0%
Jan 20 18:49:20     46.0    56935728      300     4.0%    286.3     5.2%     0.2%     0.0%     0.0%    95.8%     0.0%
Jan 20 18:50:26     46.0    57834234      300     4.0%    286.3     5.2%     0.2%     0.0%     0.0%    95.8%     0.0%
Jan 20 18:51:26     46.1    58647162      300     4.0%    286.3     5.2%     0.2%     0.0%     0.0%    95.8%     0.0%
Jan 20 18:52:26     46.0    59288930      300     4.0%    286.3     5.2%     0.2%     0.0%     0.0%    95.8%     0.0%
Jan 20 18:53:26     46.0    60144626      300     4.0%    286.3     5.2%     0.2%     0.0%     0.0%    95.8%     0.0%
Jan 20 18:54:27     46.0    60871975      300     4.0%    286.3     5.2%     0.2%     0.0%     0.0%    95.8%     0.0%
Jan 20 18:55:38     46.1    61898820      300     4.0%    286.3     5.2%     0.2%     0.0%     0.0%    95.8%     0.0%
Jan 20 18:56:41     46.2    62797261      300     4.0%    286.3     5.2%     0.2%     0.0%     0.0%    95.8%     0.0%
Jan 20 18:59:38     44.9    63340190      300     4.1%    286.0     5.2%     0.2%     0.0%     0.0%    95.8%     0.0%
ALL DONE!
