                                 Started job on |	Jan 20 15:39:15
                             Started mapping on |	Jan 20 16:02:13
                                    Finished on |	Jan 20 16:36:13
       Mapping speed, Million of reads per hour |	111.94

                          Number of input reads |	63433402
                      Average input read length |	300
                                    UNIQUE READS:
                   Uniquely mapped reads number |	51256161
                        Uniquely mapped reads % |	80.80%
                          Average mapped length |	297.54
                       Number of splices: Total |	22647204
            Number of splices: Annotated (sjdb) |	22645329
                       Number of splices: GT/AG |	22274033
                       Number of splices: GC/AG |	253446
                       Number of splices: AT/AC |	13208
               Number of splices: Non-canonical |	106517
                      Mismatch rate per base, % |	0.64%
                         Deletion rate per base |	0.03%
                        Deletion average length |	2.19
                        Insertion rate per base |	0.02%
                       Insertion average length |	2.31
                             MULTI-MAPPING READS:
        Number of reads mapped to multiple loci |	1112838
             % of reads mapped to multiple loci |	1.75%
        Number of reads mapped to too many loci |	5
             % of reads mapped to too many loci |	0.00%
                                  UNMAPPED READS:
  Number of reads unmapped: too many mismatches |	0
       % of reads unmapped: too many mismatches |	0.00%
            Number of reads unmapped: too short |	11060912
                 % of reads unmapped: too short |	17.44%
                Number of reads unmapped: other |	3486
                     % of reads unmapped: other |	0.01%
                                  CHIMERIC READS:
                       Number of chimeric reads |	0
                            % of chimeric reads |	0.00%
