           Time    Speed        Read     Read   Mapped   Mapped   Mapped   Mapped Unmapped Unmapped Unmapped Unmapped
                    M/hr      number   length   unique   length   MMrate    multi   multi+       MM    short    other
Jan 20 15:39:18	Started 1st pass mapping
Jan 20 15:39:46      5.6       43217      300    81.5%    297.4     0.8%     1.3%     0.0%     0.0%    17.2%     0.0%
Jan 20 15:40:46    123.1     3008721      300    81.1%    297.3     0.7%     1.4%     0.0%     0.0%    17.6%     0.0%
Jan 20 15:41:46    150.5     6185985      300    81.0%    297.5     0.7%     1.4%     0.0%     0.0%    17.6%     0.0%
Jan 20 15:42:46    162.1     9363249      300    81.0%    297.5     0.7%     1.4%     0.0%     0.0%    17.6%     0.0%
Jan 20 15:43:46    159.7    11891040      300    81.0%    297.4     0.7%     1.4%     0.0%     0.0%    17.7%     0.0%
Jan 20 15:44:46    162.5    14802324      300    81.0%    297.4     0.7%     1.4%     0.0%     0.0%    17.6%     0.0%
Jan 20 15:45:47    164.7    17799234      300    81.1%    297.5     0.7%     1.4%     0.0%     0.0%    17.6%     0.0%
Jan 20 15:46:47    167.1    20838957      300    81.1%    297.5     0.7%     1.4%     0.0%     0.0%    17.5%     0.0%
Jan 20 15:47:47    168.3    23793054      300    81.1%    297.5     0.7%     1.4%     0.0%     0.0%    17.5%     0.0%
Jan 20 15:48:47    168.4    26618712      300    81.1%    297.5     0.7%     1.4%     0.0%     0.0%    17.5%     0.0%
Jan 20 15:49:47    168.8    29487183      300    81.1%    297.5     0.7%     1.4%     0.0%     0.0%    17.5%     0.0%
Jan 20 15:50:47    169.5    32441280      300    81.1%    297.5     0.7%     1.4%     0.0%     0.0%    17.5%     0.0%
Jan 20 15:51:47    170.3    35438190      300    81.2%    297.5     0.7%     1.4%     0.0%     0.0%    17.5%     0.0%
Jan 20 15:52:47    171.4    38520726      300    81.2%    297.5     0.7%     1.4%     0.0%     0.0%    17.5%     0.0%
Jan 20 15:53:47    172.3    41603262      300    81.2%    297.5     0.7%     1.4%     0.0%     0.0%    17.5%     0.0%
Jan 20 15:54:48    172.6    44600172      300    81.2%    297.5     0.7%     1.4%     0.0%     0.0%    17.5%     0.0%
Jan 20 15:55:49    172.8    47554269      300    81.2%    297.5     0.7%     1.4%     0.0%     0.0%    17.5%     0.0%
Jan 20 15:56:50    172.8    50508366      300    81.2%    297.5     0.7%     1.4%     0.0%     0.0%    17.5%     0.0%
Jan 20 15:57:50    173.4    53548089      300    81.2%    297.5     0.6%     1.4%     0.0%     0.0%    17.5%     0.0%
Jan 20 15:58:50    173.8    56587812      300    81.2%    297.5     0.6%     1.4%     0.0%     0.0%    17.5%     0.0%
Jan 20 15:59:50    174.4    59670348      300    81.2%    297.6     0.6%     1.4%     0.0%     0.0%    17.5%     0.0%
Jan 20 16:00:51    174.4    62624445      300    81.2%    297.6     0.6%     1.4%     0.0%     0.0%    17.5%     0.0%
Jan 20 16:01:09	Finished 1st pass mapping
Jan 20 16:03:13     87.1     1451429      300    80.7%    297.9     0.7%     1.8%     0.0%     0.0%    17.5%     0.0%
Jan 20 16:04:13    133.0     4432961      300    80.6%    297.7     0.7%     1.7%     0.0%     0.0%    17.6%     0.0%
Jan 20 16:05:13    142.3     7116396      300    80.6%    297.8     0.7%     1.7%     0.0%     0.0%    17.7%     0.0%
Jan 20 16:06:13    148.3     9884955      300    80.6%    297.8     0.7%     1.7%     0.0%     0.0%    17.7%     0.0%
Jan 20 16:07:13    151.8    12646106      300    80.6%    297.8     0.7%     1.7%     0.0%     0.0%    17.7%     0.0%
Jan 20 16:08:13    153.6    15364522      300    80.6%    297.8     0.7%     1.7%     0.0%     0.0%    17.7%     0.0%
Jan 20 16:09:14    153.9    17997847      300    80.6%    297.8     0.7%     1.7%     0.0%     0.0%    17.6%     0.0%
Jan 20 16:10:16    154.4    20715788      300    80.7%    297.8     0.7%     1.7%     0.0%     0.0%    17.6%     0.0%
Jan 20 16:11:19    154.5    23434156      300    80.7%    297.8     0.7%     1.7%     0.0%     0.0%    17.6%     0.0%
Jan 20 16:12:20    155.4    26194775      300    80.7%    297.8     0.7%     1.7%     0.0%     0.0%    17.6%     0.0%
Jan 20 16:13:20    156.7    29040510      300    80.7%    297.8     0.7%     1.7%     0.0%     0.0%    17.6%     0.0%
Jan 20 16:14:20    157.5    31801004      300    80.7%    297.8     0.7%     1.7%     0.0%     0.0%    17.5%     0.0%
Jan 20 16:15:20    157.5    34433771      300    80.7%    297.8     0.7%     1.7%     0.0%     0.0%    17.5%     0.0%
Jan 20 16:16:22    158.1    37279118      300    80.7%    297.8     0.7%     1.7%     0.0%     0.0%    17.5%     0.0%
Jan 20 16:17:22    158.4    39997236      300    80.7%    297.9     0.7%     1.7%     0.0%     0.0%    17.5%     0.0%
Jan 20 16:18:24    158.7    42800265      300    80.8%    297.9     0.7%     1.7%     0.0%     0.0%    17.5%     0.0%
Jan 20 16:19:25    159.1    45602897      300    80.7%    297.9     0.7%     1.7%     0.0%     0.0%    17.5%     0.0%
Jan 20 16:20:27    159.3    48405796      300    80.7%    297.9     0.7%     1.7%     0.0%     0.0%    17.5%     0.0%
Jan 20 16:21:28    159.2    51081335      300    80.8%    297.9     0.7%     1.7%     0.0%     0.0%    17.5%     0.0%
Jan 20 16:22:28    159.4    53799528      300    80.8%    297.9     0.7%     1.7%     0.0%     0.0%    17.5%     0.0%
Jan 20 16:23:28    159.8    56602299      300    80.7%    297.9     0.6%     1.7%     0.0%     0.0%    17.5%     0.0%
Jan 20 16:24:28    159.6    59193227      300    80.7%    297.9     0.6%     1.7%     0.0%     0.0%    17.5%     0.0%
Jan 20 16:25:28    159.8    61911419      300    80.7%    297.9     0.6%     1.7%     0.0%     0.0%    17.5%     0.0%
Jan 20 16:36:13    111.9    63433402      300    80.8%    297.5     0.6%     1.8%     0.0%     0.0%    17.4%     0.0%
ALL DONE!
