                                 Started job on |	Jan 20 16:13:17
                             Started mapping on |	Jan 20 17:35:04
                                    Finished on |	Jan 20 18:59:38
       Mapping speed, Million of reads per hour |	44.94

                          Number of input reads |	63340190
                      Average input read length |	300
                                    UNIQUE READS:
                   Uniquely mapped reads number |	2590138
                        Uniquely mapped reads % |	4.09%
                          Average mapped length |	285.98
                       Number of splices: Total |	228426
            Number of splices: Annotated (sjdb) |	228279
                       Number of splices: GT/AG |	223853
                       Number of splices: GC/AG |	150
                       Number of splices: AT/AC |	560
               Number of splices: Non-canonical |	3863
                      Mismatch rate per base, % |	5.19%
                         Deletion rate per base |	0.81%
                        Deletion average length |	6.53
                        Insertion rate per base |	0.27%
                       Insertion average length |	3.62
                             MULTI-MAPPING READS:
        Number of reads mapped to multiple loci |	98359
             % of reads mapped to multiple loci |	0.16%
        Number of reads mapped to too many loci |	2
             % of reads mapped to too many loci |	0.00%
                                  UNMAPPED READS:
  Number of reads unmapped: too many mismatches |	0
       % of reads unmapped: too many mismatches |	0.00%
            Number of reads unmapped: too short |	60651691
                 % of reads unmapped: too short |	95.76%
                Number of reads unmapped: other |	0
                     % of reads unmapped: other |	0.00%
                                  CHIMERIC READS:
                       Number of chimeric reads |	0
                            % of chimeric reads |	0.00%
