[hmmsearch]	Error: Failed to open sequence file /bigdata/stajichlab/shared/projects/Caulerpa/annotation/quast_results/results_2022_01_03_14_07_58/busco_stats/run_Caulerpa_lentillifera_OIST-dna/augustus_output/extracted_proteins/EOG09370RJN.faa.1 for reading
[hmmsearch]	Error: Failed to open sequence file /bigdata/stajichlab/shared/projects/Caulerpa/annotation/quast_results/results_2022_01_03_14_07_58/busco_stats/run_Caulerpa_lentillifera_OIST-dna/augustus_output/extracted_proteins/EOG093704HC.faa.2 for reading
[hmmsearch]	Error: Failed to open sequence file /bigdata/stajichlab/shared/projects/Caulerpa/annotation/quast_results/results_2022_01_03_14_07_58/busco_stats/run_Caulerpa_lentillifera_OIST-dna/augustus_output/extracted_proteins/EOG0937106D.faa.1 for reading
[hmmsearch]	Error: Failed to open sequence file /bigdata/stajichlab/shared/projects/Caulerpa/annotation/quast_results/results_2022_01_03_14_07_58/busco_stats/run_Caulerpa_lentillifera_OIST-dna/augustus_output/extracted_proteins/EOG09370T6W.faa.1 for reading
[hmmsearch]	Error: Failed to open sequence file /bigdata/stajichlab/shared/projects/Caulerpa/annotation/quast_results/results_2022_01_03_14_07_58/busco_stats/run_Caulerpa_lentillifera_OIST-dna/augustus_output/extracted_proteins/EOG09370LMP.faa.1 for reading
[hmmsearch]	Error: Failed to open sequence file /bigdata/stajichlab/shared/projects/Caulerpa/annotation/quast_results/results_2022_01_03_14_07_58/busco_stats/run_Caulerpa_lentillifera_OIST-dna/augustus_output/extracted_proteins/EOG09371088.faa.1 for reading
[hmmsearch]	Error: Failed to open sequence file /bigdata/stajichlab/shared/projects/Caulerpa/annotation/quast_results/results_2022_01_03_14_07_58/busco_stats/run_Caulerpa_lentillifera_OIST-dna/augustus_output/extracted_proteins/EOG093705E5.faa.1 for reading
[hmmsearch]	Error: Failed to open sequence file /bigdata/stajichlab/shared/projects/Caulerpa/annotation/quast_results/results_2022_01_03_14_07_58/busco_stats/run_Caulerpa_lentillifera_OIST-dna/augustus_output/extracted_proteins/EOG09370UID.faa.1 for reading
[hmmsearch]	Error: Failed to open sequence file /bigdata/stajichlab/shared/projects/Caulerpa/annotation/quast_results/results_2022_01_03_14_07_58/busco_stats/run_Caulerpa_lentillifera_OIST-dna/augustus_output/extracted_proteins/EOG09370UID.faa.3 for reading
[hmmsearch]	Error: Failed to open sequence file /bigdata/stajichlab/shared/projects/Caulerpa/annotation/quast_results/results_2022_01_03_14_07_58/busco_stats/run_Caulerpa_lentillifera_OIST-dna/augustus_output/extracted_proteins/EOG093707VQ.faa.1 for reading
[hmmsearch]	Error: Failed to open sequence file /bigdata/stajichlab/shared/projects/Caulerpa/annotation/quast_results/results_2022_01_03_14_07_58/busco_stats/run_Caulerpa_lentillifera_OIST-dna/augustus_output/extracted_proteins/EOG093707VQ.faa.3 for reading
[hmmsearch]	Error: Failed to open sequence file /bigdata/stajichlab/shared/projects/Caulerpa/annotation/quast_results/results_2022_01_03_14_07_58/busco_stats/run_Caulerpa_lentillifera_OIST-dna/augustus_output/extracted_proteins/EOG093705Z6.faa.1 for reading
[hmmsearch]	Error: Failed to open sequence file /bigdata/stajichlab/shared/projects/Caulerpa/annotation/quast_results/results_2022_01_03_14_07_58/busco_stats/run_Caulerpa_lentillifera_OIST-dna/augustus_output/extracted_proteins/EOG09370RIT.faa.1 for reading
[hmmsearch]	Error: Failed to open sequence file /bigdata/stajichlab/shared/projects/Caulerpa/annotation/quast_results/results_2022_01_03_14_07_58/busco_stats/run_Caulerpa_lentillifera_OIST-dna/augustus_output/extracted_proteins/EOG0937019B.faa.1 for reading
[hmmsearch]	Error: Failed to open sequence file /bigdata/stajichlab/shared/projects/Caulerpa/annotation/quast_results/results_2022_01_03_14_07_58/busco_stats/run_Caulerpa_lentillifera_OIST-dna/augustus_output/extracted_proteins/EOG093701SQ.faa.2 for reading
[hmmsearch]	Error: Failed to open sequence file /bigdata/stajichlab/shared/projects/Caulerpa/annotation/quast_results/results_2022_01_03_14_07_58/busco_stats/run_Caulerpa_lentillifera_OIST-dna/augustus_output/extracted_proteins/EOG09370CK6.faa.1 for reading
[hmmsearch]	Error: Failed to open sequence file /bigdata/stajichlab/shared/projects/Caulerpa/annotation/quast_results/results_2022_01_03_14_07_58/busco_stats/run_Caulerpa_lentillifera_OIST-dna/augustus_output/extracted_proteins/EOG09370TBD.faa.2 for reading
[hmmsearch]	Error: Failed to open sequence file /bigdata/stajichlab/shared/projects/Caulerpa/annotation/quast_results/results_2022_01_03_14_07_58/busco_stats/run_Caulerpa_lentillifera_OIST-dna/augustus_output/extracted_proteins/EOG093713HJ.faa.1 for reading
[hmmsearch]	Error: Failed to open sequence file /bigdata/stajichlab/shared/projects/Caulerpa/annotation/quast_results/results_2022_01_03_14_07_58/busco_stats/run_Caulerpa_lentillifera_OIST-dna/augustus_output/extracted_proteins/EOG093701IQ.faa.2 for reading
[hmmsearch]	Error: Failed to open sequence file /bigdata/stajichlab/shared/projects/Caulerpa/annotation/quast_results/results_2022_01_03_14_07_58/busco_stats/run_Caulerpa_lentillifera_OIST-dna/augustus_output/extracted_proteins/EOG09370KJ3.faa.1 for reading
[hmmsearch]	Error: Failed to open sequence file /bigdata/stajichlab/shared/projects/Caulerpa/annotation/quast_results/results_2022_01_03_14_07_58/busco_stats/run_Caulerpa_lentillifera_OIST-dna/augustus_output/extracted_proteins/EOG09370IUA.faa.1 for reading
[hmmsearch]	Error: Failed to open sequence file /bigdata/stajichlab/shared/projects/Caulerpa/annotation/quast_results/results_2022_01_03_14_07_58/[hmmsearch]	37 of 184 task(s) completed at 01/03/2022 14:13:01
[hmmsearch]	56 of 184 task(s) completed at 01/03/2022 14:13:01
[hmmsearch]	74 of 184 task(s) completed at 01/03/2022 14:13:01
[hmmsearch]	92 of 184 task(s) completed at 01/03/2022 14:13:01
[hmmsearch]	111 of 184 task(s) completed at 01/03/2022 14:13:01
[hmmsearch]	129 of 184 task(s) completed at 01/03/2022 14:13:01
[hmmsearch]	166 of 184 task(s) completed at 01/03/2022 14:13:01
[hmmsearch]	184 of 184 task(s) completed at 01/03/2022 14:13:01
Results:
C:0.0%[S:0.0%,D:0.0%],F:0.0%,M:100.0%,n:303
0 Complete BUSCOs (C)
0 Complete and single-copy BUSCOs (S)
0 Complete and duplicated BUSCOs (D)
0 Fragmented BUSCOs (F)
303 Missing BUSCOs (M)
303 Total BUSCO groups searched
BUSCO did not find any match. Do not forget to check the file /bigdata/stajichlab/shared/projects/Caulerpa/annotation/quast_results/results_2022_01_03_14_07_58/busco_stats/run_Caulerpa_lentillifera_OIST-dna/augustus_output/augustus.log to exclude a problem regarding Augustus
[bash]	rm: cannot remove ‘/bigdata/stajichlab/shared/projects/Caulerpa/annotation/quast_results/results_2022_01_03_14_07_58/busco_stats/tmp/temp_Caulerpa_lentillifera_OIST-dna_788213522’: No such file or directory
BUSCO analysis done with WARNING(s). Total running time: 293.5316700935364 seconds
Results written in /bigdata/stajichlab/shared/projects/Caulerpa/annotation/quast_results/results_2022_01_03_14_07_58/busco_stats/run_Caulerpa_lentillifera_OIST-dna/

jects/Caulerpa/annotation/quast_results/results_2022_01_03_14_07_58/busco_stats/run_Caulerpa_lentillifera_OIST-dna/augustus_output/extracted_proteins/EOG09370AJP.faa.3 for reading
[hmmsearch]	Error: Failed to open sequence file /bigdata/stajichlab/shared/projects/Caulerpa/annotation/quast_results/results_2022_01_03_14_07_58/busco_stats/run_Caulerpa_lentillifera_OIST-dna/augustus_output/extracted_proteins/EOG09370D13.faa.1 for reading
[hmmsearch]	Error: Failed to open sequence file /bigdata/stajichlab/shared/projects/Caulerpa/annotation/quast_results/results_2022_01_03_14_07_58/busco_stats/run_Caulerpa_lentillifera_OIST-dna/augustus_output/extracted_proteins/EOG09370H3E.faa.1 for reading
[hmmsearch]	Error: Failed to open sequence file /bigdata/stajichlab/shared/projects/Caulerpa/annotation/quast_results/results_2022_01_03_14_07_58/busco_stats/run_Caulerpa_lentillifera_OIST-dna/augustus_output/extracted_proteins/EOG09370HBN.faa.1 for reading
[hmmsearch]	Error: Failed to open sequence file /bigdata/stajichlab/shared/projects/Caulerpa/annotation/quast_results/results_2022_01_03_14_07_58/busco_stats/run_Caulerpa_lentillifera_OIST-dna/augustus_output/extracted_proteins/EOG09370M9E.faa.1 for reading
[hmmsearch]	Error: Failed to open sequence file /bigdata/stajichlab/shared/projects/Caulerpa/annotation/quast_results/results_2022_01_03_14_07_58/busco_stats/run_Caulerpa_lentillifera_OIST-dna/augustus_output/extracted_proteins/EOG09370M9E.faa.3 for reading
[hmmsearch]	Error: Failed to open sequence file /bigdata/stajichlab/shared/projects/Caulerpa/annotation/quast_results/results_2022_01_03_14_07_58/busco_stats/run_Caulerpa_lentillifera_OIST-dna/augustus_output/extracted_proteins/EOG09370ADO.faa.1 for reading
[hmmsearch]	Error: Failed to open sequence file /bigdata/stajichlab/shared/projects/Caulerpa/annotation/quast_results/results_2022_01_03_14_07_58/busco_stats/run_Caulerpa_lentillifera_OIST-dna/augustus_output/extracted_proteins/EOG09370ADO.faa.3 for reading
[hmmsearch]	Error: Failed to open sequence file /bigdata/stajichlab/shared/projects/Caulerpa/annotation/quast_results/results_2022_01_03_14_07_58/busco_stats/run_Caulerpa_lentillifera_OIST-dna/augustus_output/extracted_proteins/EOG093709HP.faa.1 for reading
[hmmsearch]	Error: Failed to open sequence file /bigdata/stajichlab/shared/projects/Caulerpa/annotation/quast_results/results_2022_01_03_14_07_58/busco_stats/run_Caulerpa_lentillifera_OIST-dna/augustus_output/extracted_proteins/EOG09370EHZ.faa.1 for reading
[hmmsearch]	Error: Failed to open sequence file /bigdata/stajichlab/shared/projects/Caulerpa/annotation/quast_results/results_2022_01_03_14_07_58/busco_stats/run_Caulerpa_lentillifera_OIST-dna/augustus_output/extracted_proteins/EOG09370EHZ.faa.3 for reading
[hmmsearch]	Error: Failed to open sequence file /bigdata/stajichlab/shared/projects/Caulerpa/annotation/quast_results/results_2022_01_03_14_07_58/busco_stats/run_Caulerpa_lentillifera_OIST-dna/augustus_output/extracted_proteins/EOG09370CAV.faa.2 for reading
[hmmsearch]	Error: Failed to open sequence file /bigdata/stajichlab/shared/projects/Caulerpa/annotation/quast_results/results_2022_01_03_14_07_58/busco_stats/run_Caulerpa_lentillifera_OIST-dna/augustus_output/extracted_proteins/EOG093703WD.faa.1 for reading
[hmmsearch]	Error: Failed to open sequence file /bigdata/stajichlab/shared/projects/Caulerpa/annotation/quast_results/results_2022_01_03_14_07_58/busco_stats/run_Caulerpa_lentillifera_OIST-dna/augustus_output/extracted_proteins/EOG09370S0F.faa.1 for reading
[hmmsearch]	Error: Failed to open sequence file /bigdata/stajichlab/shared/projects/Caulerpa/annotation/quast_results/results_2022_01_03_14_07_58/busco_stats/run_Caulerpa_lentillifera_OIST-dna/augustus_output/extracted_proteins/EOG09370CAN.faa.1 for reading
[hmmsearch]	Error: Failed to open sequence file /bigdata/stajichlab/shared/projects/Caulerpa/annotation/quast_results/results_2022_01_03_14_07_58/busco_stats/run_Caulerpa_lentillifera_OIST-dna/augustus_output/extracted_proteins/EOG09370KGV.faa.1 for reading
[hmmsearch]	Error: Failed to open sequence file /bigdata/stajichlab/shared/projects/Caulerpa/annotation/quast_results/results_2022_01_03_14_07_58/busco_stats/run_Caulerpa_lentillifera_OIST-dna/augustus_output/extracted_proteins/EOG09370BYX.faa.1 for reading
[hmmsearch]	Error: Failed to open sequence file /bigdata/stajichlab/shared/projects/Caulerpa/annotation/quast_results/results_2022_01_03_14_07_58/busco_stats/run_Caulerpa_lentillifera_OIST-dna/augustus_output/extracted_proteins/EOG09370BYX.faa.3 for reading
[hmmsearch]	Error: Failed to open sequence file /bigdata/stajichlab/shared/projects/Caulerpa/annotation/quast_results/results_2022_01_03_14_07_58/busco_stats/run_Caulerpa_lentillifera_OIST-dna/augustus_output/extracted_proteins/EOG09370FLD.faa.1 for reading
[hmmsearch]	Error: Failed to open sequence file /bigdata/stajichlab/shared/projects/Caulerpa/annotation/quast_results/results_2022_01_03_14_07_58/busco_stats/run_Caulerpa_lentillifera_OIST-dna/augustus_output/extracted_proteins/EOG09370V9R.faa.1 for reading
[hmmsearch]	Error: Failed to open sequence file /bigdata/stajichlab/shared/projects/Caulerpa/annotation/quast_results/results_2022_01_03_14_07_58/busco_stats/run_Caulerpa_lentillifera_OIST-dna/augustus_output/extracted_proteins/EOG093702DP.faa.1 for reading
[hmmsearch]	Error: Failed to open sequence file /bigdata/stajichlab/shared/projects/Caulerpa/annotation/quast_results/results_2022_01_03_14_07_58/busco_stats/run_Caulerpa_lentillifera_OIST-dna/augustus_output/extracted_proteins/EOG09370ZI7.faa.1 for reading
[hmmsearch]	Error: Failed to open sequence file /bigdata/stajichlab/shared/projects/Caulerpa/annotation/quast_results/results_2022_01_03_14_07_58/busco_stats/run_Caulerpa_lentillifera_OIST-dna/augustus_output/extracted_proteins/EOG09370E8S.faa.1 for reading
[hmmsearch]	Error: Failed to open sequence file /bigdata/stajichlab/shared/projects/Caulerpa/annotation/quast_results/results_2022_01_03_14_07_58/busco_stats/run_Caulerpa_lentillifera_OIST-dna/augustus_output/extracted_proteins/EOG09370MQ0.faa.1 for reading
[hmmsearch]	Error: Failed to open sequence file /bigdata/stajichlab/shared/projects/Caulerpa/annotation/quast_results/results_2022_01_03_14_07_58/busco_stats/run_Caulerpa_lentillifera_OIST-dna/augustus_output/extracted_proteins/EOG093704J7.faa.2 for reading
[hmmsearch]	Error: Failed to open sequence file /bigdata/stajichlab/shared/projects/Caulerpa/annotation/quast_results/results_2022_01_03_14_07_58/busco_stats/run_Caulerpa_lentillifera_OIST-dna/augustus_output/extracted_proteins/EOG09370TBG.faa.2 for reading
[hmmsearch]	Error: Failed to open sequence file /bigdata/stajichlab/shared/projects/Caulerpa/annotation/quast_results/results_2022_01_03_14_07_58/busco_stats/run_Caulerpa_lentillifera_OIST-dna/augustus_output/extracted_proteins/EOG09370ARO.faa.1 for reading
[hmmsearch]	Error: Failed to open sequence file /bigdata/stajichlab/shared/projects/Caulerpa/annotation/quast_results/results_2022_01_03_14_07_58/busco_stats/run_Caulerpa_lentillifera_OIST-dna/augustus_output/extracted_proteins/EOG09370O06.faa.1 for reading
[hmmsearch]	Error: Failed to open sequence file /bigdata/stajichlab/shared/projects/Caulerpa/annotation/quast_results/results_2022_01_03_14_07_58/busco_stats/run_Caulerpa_lentillifera_OIST-dna/augustus_output/extracted_proteins/EOG09370QBK.faa.1 for reading
[hmmsearch]	Error: Failed to open sequence file /bigdata/stajichlab/shared/projects/Caulerpa/annotation/quast_results/results_2022_01_03_14_07_58/busco_stats/run_Caulerpa_lentillifera_OIST-dna/augustus_output/extracted_proteins/EOG09370GHM.faa.1 for reading
[hmmsearch]	Error: Failed to open sequence file /bigdata/stajichlab/shared/projects/Caulerpa/annotation/quast_results/results_2022_01_03_14_07_58/busco_stats/run_Caulerpa_lentillifera_OIST-dna/augustus_output/extracted_proteins/EOG09370TFO.faa.1 for reading
[hmmsearch]	Error: Failed to open sequence file /bigdata/stajichlab/shared/projects/Caulerpa/annotation/quast_results/results_2022_01_03_14_07_58/busco_stats/run_Caulerpa_lentillifera_OIST-dna/augustus_output/extracted_proteins/EOG09370DO5.faa.1 for reading
[hmmsearch]	Error: Failed to open sequence file /bigdata/stajichlab/shared/projects/Caulerpa/annotation/quast_results/results_2022_01_03_14_07_58/busco_stats/run_Caulerpa_lentillifera_OIST-dna/augustus_output/extracted_proteins/EOG09370TFO.faa.3 for reading
[hmmsearch]	Error: Failed to open sequence file /bigdata/stajichlab/shared/projects/Caulerpa/annotation/quast_results/results_2022_01_03_14_07_58/busco_stats/run_Caulerpa_lentillifera_OIST-dna/augustus_output/extracted_proteins/EOG0937033T.faa.2 for reading
[hmmsearch]	Error: Failed to open sequence file /bigdata/stajichlab/shared/projects/Caulerpa/annotation/quast_results/results_2022_01_03_14_07_58/busco_stats/run_Caulerpa_lentillifera_OIST-dna/augustus_output/extracted_proteins/EOG09370TH4.faa.1 for reading
[hmmsearch]	Error: Failed to open sequence file /bigdata/stajichlab/shared/projects/Caulerpa/annotation/quast_results/results_2022_01_03_14_07_58/busco_stats/run_Caulerpa_lentillifera_OIST-dna/augustus_output/extracted_proteins/EOG09370NIG.faa.1 for reading
[hmmsearch]	Error: Failed to open sequence file /bigdata/stajichlab/shared/projects/Caulerpa/annotation/quast_results/results_2022_01_03_14_07_58/busco_stats/run_Caulerpa_lentillifera_OIST-dna/augustus_output/extracted_proteins/EOG09370L77.faa.1 for reading
[hmmsearch]	Error: Failed to open sequence file /bigdata/stajichlab/shared/projects/Caulerpa/annotation/quast_results/results_2022_01_03_14_07_58/busco_stats/run_Caulerpa_lentillifera_OIST-dna/augustus_output/extracted_proteins/EOG09370MDU.faa.2 for reading
[hmmsearch]	Error: Failed to open sequence file /bigdata/stajichlab/shared/projects/Caulerpa/annotation/quast_results/results_2022_01_03_14_07_58/busco_stats/run_Caulerpa_lentillifera_OIST-dna/augustus_output/extracted_proteins/EOG09370AS9.faa.1 for reading
[hmmsearch]	Error: Failed to open sequence file /bigdata/stajichlab/shared/projects/Caulerpa/annotation/quast_results/results_2022_01_03_14_07_58/busco_stats/run_Caulerpa_lentillifera_OIST-dna/augustus_output/extracted_proteins/EOG093706X0.faa.1 for reading
[hmmsearch]	Error: Failed to open sequence file /bigdata/stajichlab/shared/projects/Caulerpa/annotation/quast_results/results_2022_01_03_14_07_58/busco_stats/run_Caulerpa_lentillifera_OIST-dna/augustus_output/extracted_proteins/EOG0937066G.faa.2 for reading
[hmmsearch]	Error: Failed to open sequence file /bigdata/stajichlab/shared/projects/Caulerpa/annotation/quast_results/results_2022_01_03_14_07_58/busco_stats/run_Caulerpa_lentillifera_OIST-dna/augustus_output/extracted_proteins/EOG09370S1Z.faa.1 for reading
[hmmsearch]	Error: Failed to open sequence file /bigdata/stajichlab/shared/projects/Caulerpa/annotation/quast_results/results_2022_01_03_14_07_58/busco_stats/run_Caulerpa_lentillifera_OIST-dna/augustus_output/extracted_proteins/EOG09370QT3.faa.1 for reading
[hmmsearch]	Error: Failed to open sequence file /bigdata/stajichlab/shared/projects/Caulerpa/annotation/quast_results/results_2022_01_03_14_07_58/busco_stats/run_Caulerpa_lentillifera_OIST-dna/augustus_output/extracted_proteins/EOG09370A22.faa.1 for reading
[hmmsearch]	Error: Failed to open sequence file /bigdata/stajichlab/shared/projects/Caulerpa/annotation/quast_results/results_2022_01_03_14_07_58/busco_stats/run_Caulerpa_lentillifera_OIST-dna/augustus_output/extracted_proteins/EOG093716T7.faa.1 for reading
[hmmsearch]	Error: Failed to open sequence file /bigdata/stajichlab/shared/projects/Caulerpa/annotation/quast_results/results_2022_01_03_14_07_58/busco_stats/run_Caulerpa_lentillifera_OIST-dna/augustus_output/extracted_proteins/EOG09370QBR.faa.1 for reading
[hmmsearch]	Error: Failed to open sequence file /bigdata/stajichlab/shared/projects/Caulerpa/annotation/quast_results/results_2022_01_03_14_07_58/busco_stats/run_Caulerpa_lentillifera_OIST-dna/augustus_output/extracted_proteins/EOG093710T1.faa.2 for reading
[hmmsearch]	Error: Failed to open sequence file /bigdata/stajichlab/shared/projects/Caulerpa/annotation/quast_results/results_2022_01_03_14_07_58/busco_stats/run_Caulerpa_lentillifera_OIST-dna/augustus_output/extracted_proteins/EOG09370KWF.faa.1 for reading
[hmmsearch]	Error: Failed to open sequence file /bigdata/stajichlab/shared/projects/Caulerpa/annotation/quast_results/results_2022_01_03_14_07_58/busco_stats/run_Caulerpa_lentillifera_OIST-dna/augustus_output/extracted_proteins/EOG093711ZO.faa.2 for reading
[hmmsearch]	Error: Failed to open sequence file /bigdata/stajichlab/shared/projects/Caulerpa/annotation/quast_results/results_2022_01_03_14_07_58/busco_stats/run_Caulerpa_lentillifera_OIST-dna/augustus_output/extracted_proteins/EOG09370R67.faa.1 for reading
[hmmsearch]	Error: Failed to open sequence file /bigdata/stajichlab/shared/projects/Caulerpa/annotation/quast_results/results_2022_01_03_14_07_58/busco_stats/run_Caulerpa_lentillifera_OIST-dna/augustus_output/extracted_proteins/EOG09370VFL.faa.1 for reading
[hmmsearch]	Error: Failed to open sequence file /bigdata/stajichlab/shared/projects/Caulerpa/annotation/quast_results/results_2022_01_03_14_07_58/busco_stats/run_Caulerpa_lentillifera_OIST-dna/augustus_output/extracted_proteins/EOG09370SO4.faa.1 for reading
[hmmsearch]	Error: Failed to open sequence file /bigdata/stajichlab/shared/projects/Caulerpa/annotation/quast_results/results_2022_01_03_14_07_58/busco_stats/run_Caulerpa_lentillifera_OIST-dna/augustus_output/extracted_proteins/EOG09370XO6.faa.1 for reading
[hmmsearch]	Error: Failed to open sequence file /bigdata/stajichlab/shared/projects/Caulerpa/annotation/quast_results/results_2022_01_03_14_07_58/busco_stats/run_Caulerpa_lentillifera_OIST-dna/augustus_output/extracted_proteins/EOG09370RCQ.faa.1 for reading
[hmmsearch]	Error: Failed to open sequence file /bigdata/stajichlab/shared/projects/Caulerpa/annotation/quast_results/results_2022_01_03_14_07_58/busco_stats/run_Caulerpa_lentillifera_OIST-dna/augustus_output/extracted_proteins/EOG09370USH.faa.1 for reading
[hmmsearch]	Error: Failed to open sequence file /bigdata/stajichlab/shared/projects/Caulerpa/annotation/quast_results/results_2022_01_03_14_07_58/busco_stats/run_Caulerpa_lentillifera_OIST-dna/augustus_output/extracted_proteins/EOG09370MMK.faa.1 for reading
[hmmsearch]	Error: Failed to open sequence file /bigdata/stajichlab/shared/projects/Caulerpa/annotation/quast_results/results_2022_01_03_14_07_58/busco_stats/run_Caulerpa_lentillifera_OIST-dna/augustus_output/extracted_proteins/EOG09370MMK.faa.3 for reading
[hmmsearch]	Error: Failed to open sequence file /bigdata/stajichlab/shared/projects/Caulerpa/annotation/quast_results/results_2022_01_03_14_07_58/busco_stats/run_Caulerpa_lentillifera_OIST-dna/augustus_output/extracted_proteins/EOG093711QY.faa.1 for reading
[hmmsearch]	Error: Failed to open sequence file /bigdata/stajichlab/shared/projects/Caulerpa/annotation/quast_results/results_2022_01_03_14_07_58/busco_stats/run_Caulerpa_lentillifera_OIST-dna/augustus_output/extracted_proteins/EOG09371675.faa.1 for reading
[hmmsearch]	Error: Failed to open sequence file /bigdata/stajichlab/shared/projects/Caulerpa/annotation/quast_results/results_2022_01_03_14_07_58/busco_stats/run_Caulerpa_lentillifera_OIST-dna/augustus_output/extracted_proteins/EOG09370GK0.faa.1 for reading
[hmmsearch]	Error: Failed to open sequence file /bigdata/stajichlab/shared/projects/Caulerpa/annotation/quast_results/results_2022_01_03_14_07_58/busco_stats/run_Caulerpa_lentillifera_OIST-dna/augustus_output/extracted_proteins/EOG09370AV1.faa.2 for reading
[hmmsearch]	Error: Failed to open sequence file /bigdata/stajichlab/shared/projects/Caulerpa/annotation/quast_results/results_2022_01_03_14_07_58/busco_stats/run_Caulerpa_lentillifera_OIST-dna/augustus_output/extracted_proteins/EOG09370UV4.faa.1 for reading
[hmmsearch]	Error: Failed to open sequence file /bigdata/stajichlab/shared/projects/Caulerpa/annotation/quast_results/results_2022_01_03_14_07_58/busco_stats/run_Caulerpa_lentillifera_OIST-dna/augustus_output/extracted_proteins/EOG09370QVI.faa.2 for reading
[hmmsearch]	Error: Failed to open sequence file /bigdata/stajichlab/shared/projects/Caulerpa/annotation/quast_results/results_2022_01_03_14_07_58/busco_stats/run_Caulerpa_lentillifera_OIST-dna/augustus_output/extracted_proteins/EOG093718E9.faa.1 for reading
[hmmsearch]	Error: Failed to open sequence file /bigdata/stajichlab/shared/projects/Caulerpa/annotation/quast_results/results_2022_01_03_14_07_58/busco_stats/run_Caulerpa_lentillifera_OIST-dna/augustus_output/extracted_proteins/EOG093709BZ.faa.2 for reading
[hmmsearch]	Error: Failed to open sequence file /bigdata/stajichlab/shared/projects/Caulerpa/annotation/quast_results/results_2022_01_03_14_07_58/busco_stats/run_Caulerpa_lentillifera_OIST-dna/augustus_output/extracted_proteins/EOG09370MGF.faa.1 for reading
[hmmsearch]	Error: Failed to open sequence file /bigdata/stajichlab/shared/projects/Caulerpa/annotation/quast_results/results_2022_01_03_14_07_58/busco_stats/run_Caulerpa_lentillifera_OIST-dna/augustus_output/extracted_proteins/EOG093719IK.faa.2 for reading
[hmmsearch]	Error: Failed to open sequence file /bigdata/stajichlab/shared/projects/Caulerpa/annotation/quast_results/results_2022_01_03_14_07_58/busco_stats/run_Caulerpa_lentillifera_OIST-dna/augustus_output/extracted_proteins/EOG09370B1L.faa.1 for reading
[hmmsearch]	Error: Failed to open sequence file /bigdata/stajichlab/shared/projects/Caulerpa/annotation/quast_results/results_2022_01_03_14_07_58/busco_stats/run_Caulerpa_lentillifera_OIST-dna/augustus_output/extracted_proteins/EOG09370VTP.faa.1 for reading
[hmmsearch]	Error: Failed to open sequence file /bigdata/stajichlab/shared/projects/Caulerpa/annotation/quast_results/results_2022_01_03_14_07_58/busco_stats/run_Caulerpa_lentillifera_OIST-dna/augustus_output/extracted_proteins/EOG09370FWQ.faa.1 for reading
[hmmsearch]	Error: Failed to open sequence file /bigdata/stajichlab/shared/projects/Caulerpa/annotation/quast_results/results_2022_01_03_14_07_58/busco_stats/run_Caulerpa_lentillifera_OIST-dna/augustus_output/extracted_proteins/EOG09370OO3.faa.1 for reading
[hmmsearch]	Error: Failed to open sequence file /bigdata/stajichlab/shared/projects/Caulerpa/annotation/quast_results/results_2022_01_03_14_07_58/busco_stats/run_Caulerpa_lentillifera_OIST-dna/augustus_output/extracted_proteins/EOG09370BBR.faa.1 for reading
[hmmsearch]	Error: Failed to open sequence file /bigdata/stajichlab/shared/projects/Caulerpa/annotation/quast_results/results_2022_01_03_14_07_58/busco_stats/run_Caulerpa_lentillifera_OIST-dna/augustus_output/extracted_proteins/EOG093703YA.faa.1 for reading
[hmmsearch]	Error: Failed to open sequence file /bigdata/stajichlab/shared/projects/Caulerpa/annotation/quast_results/results_2022_01_03_14_07_58/busco_stats/run_Caulerpa_lentillifera_OIST-dna/augustus_output/extracted_proteins/EOG093703YA.faa.3 for reading
[hmmsearch]	Error: Failed to open sequence file /bigdata/stajichlab/shared/projects/Caulerpa/annotation/quast_results/results_2022_01_03_14_07_58/busco_stats/run_Caulerpa_lentillifera_OIST-dna/augustus_output/extracted_proteins/EOG09370762.faa.2 for reading
[hmmsearch]	Error: Failed to open sequence file /bigdata/stajichlab/shared/projects/Caulerpa/annotation/quast_results/results_2022_01_03_14_07_58/busco_stats/run_Caulerpa_lentillifera_OIST-dna/augustus_output/extracted_proteins/EOG09370ER5.faa.1 for reading
[hmmsearch]	Error: Failed to open sequence file /bigdata/stajichlab/shared/projects/Caulerpa/annotation/quast_results/results_2022_01_03_14_07_58/busco_stats/run_Caulerpa_lentillifera_OIST-dna/augustus_output/extracted_proteins/EOG09370CIV.faa.1 for reading
[hmmsearch]	Error: Failed to open sequence file /bigdata/stajichlab/shared/projects/Caulerpa/annotation/quast_results/results_2022_01_03_14_07_58/busco_stats/run_Caulerpa_lentillifera_OIST-dna/augustus_output/extracted_proteins/EOG093707VN.faa.1 for reading
[hmmsearch]	Error: Failed to open sequence file /bigdata/stajichlab/shared/projects/Caulerpa/annotation/quast_results/results_2022_01_03_14_07_58/busco_stats/run_Caulerpa_lentillifera_OIST-dna/augustus_output/extracted_proteins/EOG09370DTG.faa.1 for reading
[hmmsearch]	Error: Failed to open sequence file /bigdata/stajichlab/shared/projects/Caulerpa/annotation/quast_results/results_2022_01_03_14_07_58/busco_stats/run_Caulerpa_lentillifera_OIST-dna/augustus_output/extracted_proteins/EOG09370CZ0.faa.1 for reading
[hmmsearch]	Error: Failed to open sequence file /bigdata/stajichlab/shared/projects/Caulerpa/annotation/quast_results/results_2022_01_03_14_07_58/busco_stats/run_Caulerpa_lentillifera_OIST-dna/augustus_output/extracted_proteins/EOG09370XFJ.faa.1 for reading
[hmmsearch]	Error: Failed to open sequence file /bigdata/stajichlab/shared/projects/Caulerpa/annotation/quast_results/results_2022_01_03_14_07_58/busco_stats/run_Caulerpa_lentillifera_OIST-dna/augustus_output/extracted_proteins/EOG09370TCX.faa.2 for reading
[hmmsearch]	Error: Failed to open sequence file /bigdata/stajichlab/shared/projects/Caulerpa/annotation/quast_results/results_2022_01_03_14_07_58/busco_stats/run_Caulerpa_lentillifera_OIST-dna/augustus_output/extracted_proteins/EOG09370WT1.faa.1 for reading
[hmmsearch]	Error: Failed to open sequence file /bigdata/stajichlab/shared/projects/Caulerpa/annotation/quast_results/results_2022_01_03_14_07_58/busco_stats/run_Caulerpa_lentillifera_OIST-dna/augustus_output/extracted_proteins/EOG093701S0.faa.1 for reading
[hmmsearch]	Error: Failed to open sequence file /bigdata/stajichlab/shared/projects/Caulerpa/annotation/quast_results/results_2022_01_03_14_07_58/busco_stats/run_Caulerpa_lentillifera_OIST-dna/augustus_output/extracted_proteins/EOG0937129K.faa.1 for reading
[hmmsearch]	Error: Failed to open sequence file /bigdata/stajichlab/shared/projects/Caulerpa/annotation/quast_results/results_2022_01_03_14_07_58/busco_stats/run_Caulerpa_lentillifera_OIST-dna/augustus_output/extracted_proteins/EOG093702AT.faa.1 for reading
[hmmsearch]	Error: Failed to open sequence file /bigdata/stajichlab/shared/projects/Caulerpa/annotation/quast_results/results_2022_01_03_14_07_58/busco_stats/run_Caulerpa_lentillifera_OIST-dna/augustus_output/extracted_proteins/EOG09370GC2.faa.1 for reading
[hmmsearch]	Error: Failed to open sequence file /bigdata/stajichlab/shared/projects/Caulerpa/annotation/quast_results/results_2022_01_03_14_07_58/busco_stats/run_Caulerpa_lentillifera_OIST-dna/augustus_output/extracted_proteins/EOG09370P7I.faa.1 for reading
[hmmsearch]	Error: Failed to open sequence file /bigdata/stajichlab/shared/projects/Caulerpa/annotation/quast_results/results_2022_01_03_14_07_58/busco_stats/run_Caulerpa_lentillifera_OIST-dna/augustus_output/extracted_proteins/EOG093704UY.faa.2 for reading
[hmmsearch]	Error: Failed to open sequence file /bigdata/stajichlab/shared/projects/Caulerpa/annotation/quast_results/results_2022_01_03_14_07_58/busco_stats/run_Caulerpa_lentillifera_OIST-dna/augustus_output/extracted_proteins/EOG093705EY.faa.1 for reading
[hmmsearch]	Error: Failed to open sequence file /bigdata/stajichlab/shared/projects/Caulerpa/annotation/quast_results/results_2022_01_03_14_07_58/busco_stats/run_Caulerpa_lentillifera_OIST-dna/augustus_output/extracted_proteins/EOG09370JIK.faa.1 for reading
[hmmsearch]	Error: Failed to open sequence file /bigdata/stajichlab/shared/projects/Caulerpa/annotation/quast_results/results_2022_01_03_14_07_58/busco_stats/run_Caulerpa_lentillifera_OIST-dna/augustus_output/extracted_proteins/EOG09370PYJ.faa.1 for reading
[hmmsearch]	Error: Failed to open sequence file /bigdata/stajichlab/shared/projects/Caulerpa/annotation/quast_results/results_2022_01_03_14_07_58/busco_stats/run_Caulerpa_lentillifera_OIST-dna/augustus_output/extracted_proteins/EOG09370DS4.faa.1 for reading
[hmmsearch]	Error: Failed to open sequence file /bigdata/stajichlab/shared/projects/Caulerpa/annotation/quast_results/results_2022_01_03_14_07_58/busco_stats/run_Caulerpa_lentillifera_OIST-dna/augustus_output/extracted_proteins/EOG09370KYZ.faa.1 for reading
[hmmsearch]	Error: Failed to open sequence file /bigdata/stajichlab/shared/projects/Caulerpa/annotation/quast_results/results_2022_01_03_14_07_58/busco_stats/run_Caulerpa_lentillifera_OIST-dna/augustus_output/extracted_proteins/EOG09370P9T.faa.1 for reading
[hmmsearch]	Error: Failed to open sequence file /bigdata/stajichlab/shared/projects/Caulerpa/annotation/quast_results/results_2022_01_03_14_07_58/busco_stats/run_Caulerpa_lentillifera_OIST-dna/augustus_output/extracted_proteins/EOG09370P9T.faa.3 for reading
[hmmsearch]	Error: Failed to open sequence file /bigdata/stajichlab/shared/projects/Caulerpa/annotation/quast_results/results_2022_01_03_14_07_58/busco_stats/run_Caulerpa_lentillifera_OIST-dna/augustus_output/extracted_proteins/EOG0937133J.faa.1 for reading
[hmmsearch]	Error: Failed to open sequence file /bigdata/stajichlab/shared/projects/Caulerpa/annotation/quast_results/results_2022_01_03_14_07_58/busco_stats/run_Caulerpa_lentillifera_OIST-dna/augustus_output/extracted_proteins/EOG093705YA.faa.1 for reading
[hmmsearch]	Error: Failed to open sequence file /bigdata/stajichlab/shared/projects/Caulerpa/annotation/quast_results/results_2022_01_03_14_07_58/busco_stats/run_Caulerpa_lentillifera_OIST-dna/augustus_output/extracted_proteins/EOG09370DXT.faa.1 for reading
[hmmsearch]	Error: Failed to open sequence file /bigdata/stajichlab/shared/projects/Caulerpa/annotation/quast_results/results_2022_01_03_14_07_58/busco_stats/run_Caulerpa_lentillifera_OIST-dna/augustus_output/extracted_proteins/EOG093708IM.faa.1 for reading
[hmmsearch]	Error: Failed to open sequence file /bigdata/stajichlab/shared/projects/Caulerpa/annotation/quast_results/results_2022_01_03_14_07_58/busco_stats/run_Caulerpa_lentillifera_OIST-dna/augustus_output/extracted_proteins/EOG093706PM.faa.1 for reading
[hmmsearch]	Error: Failed to open sequence file /bigdata/stajichlab/shared/projects/Caulerpa/annotation/quast_results/results_2022_01_03_14_07_58/busco_stats/run_Caulerpa_lentillifera_OIST-dna/augustus_output/extracted_proteins/EOG093705U4.faa.2 for reading
[hmmsearch]	Error: Failed to open sequence file /bigdata/stajichlab/shared/projects/Caulerpa/annotation/quast_results/results_2022_01_03_14_07_58/busco_stats/run_Caulerpa_lentillifera_OIST-dna/augustus_output/extracted_proteins/EOG09370UO4.faa.1 for reading
[hmmsearch]	Error: Failed to open sequence file /bigdata/stajichlab/shared/projects/Caulerpa/annotation/quast_results/results_2022_01_03_14_07_58/busco_stats/run_Caulerpa_lentillifera_OIST-dna/augustus_output/extracted_proteins/EOG0937029K.faa.1 for reading
[hmmsearch]	Error: Failed to open sequence file /bigdata/stajichlab/shared/projects/Caulerpa/annotation/quast_results/results_2022_01_03_14_07_58/busco_stats/run_Caulerpa_lentillifera_OIST-dna/augustus_output/extracted_proteins/EOG093719M8.faa.1 for reading
[hmmsearch]	Error: Failed to open sequence file /bigdata/stajichlab/shared/projects/Caulerpa/annotation/quast_results/results_2022_01_03_14_07_58/busco_stats/run_Caulerpa_lentillifera_OIST-dna/augustus_output/extracted_proteins/EOG09370E4U.faa.2 for reading
[hmmsearch]	Error: Failed to open sequence file /bigdata/stajichlab/shared/projects/Caulerpa/annotation/quast_results/results_2022_01_03_14_07_58/busco_stats/run_Caulerpa_lentillifera_OIST-dna/augustus_output/extracted_proteins/EOG09370B65.faa.1 for reading
[hmmsearch]	Error: Failed to open sequence file /bigdata/stajichlab/shared/projects/Caulerpa/annotation/quast_results/results_2022_01_03_14_07_58/busco_stats/run_Caulerpa_lentillifera_OIST-dna/augustus_output/extracted_proteins/EOG09370DP4.faa.1 for reading
[hmmsearch]	Error: Failed to open sequence file /bigdata/stajichlab/shared/projects/Caulerpa/annotation/quast_results/results_2022_01_03_14_07_58/busco_stats/run_Caulerpa_lentillifera_OIST-dna/augustus_output/extracted_proteins/EOG09370PBD.faa.1 for reading
[hmmsearch]	Error: Failed to open sequence file /bigdata/stajichlab/shared/projects/Caulerpa/annotation/quast_results/results_2022_01_03_14_07_58/busco_stats/run_Caulerpa_lentillifera_OIST-dna/augustus_output/extracted_proteins/EOG09370K1R.faa.1 for reading
[hmmsearch]	Error: Failed to open sequence file /bigdata/stajichlab/shared/projects/Caulerpa/annotation/quast_results/results_2022_01_03_14_07_58/busco_stats/run_Caulerpa_lentillifera_OIST-dna/augustus_output/extracted_proteins/EOG09370K1R.faa.3 for reading
[hmmsearch]	Error: Failed to open sequence file /bigdata/stajichlab/shared/projects/Caulerpa/annotation/quast_results/results_2022_01_03_14_07_58/busco_stats/run_Caulerpa_lentillifera_OIST-dna/augustus_output/extracted_proteins/EOG09370KOV.faa.1 for reading
[hmmsearch]	Error: Failed to open sequence file /bigdata/stajichlab/shared/projects/Caulerpa/annotation/quast_results/results_2022_01_03_14_07_58/busco_stats/run_Caulerpa_lentillifera_OIST-dna/augustus_output/extracted_proteins/EOG09370WYG.faa.2 for reading
[hmmsearch]	Error: Failed to open sequence file /bigdata/stajichlab/shared/projects/Caulerpa/annotation/quast_results/results_2022_01_03_14_07_58/busco_stats/run_Caulerpa_lentillifera_OIST-dna/augustus_output/extracted_proteins/EOG09370W44.faa.1 for reading
[hmmsearch]	Error: Failed to open sequence file /bigdata/stajichlab/shared/projects/Caulerpa/annotation/quast_results/results_2022_01_03_14_07_58/busco_stats/run_Caulerpa_lentillifera_OIST-dna/augustus_output/extracted_proteins/EOG09370UR3.faa.1 for reading
[hmmsearch]	Error: Failed to open sequence file /bigdata/stajichlab/shared/projects/Caulerpa/annotation/quast_results/results_2022_01_03_14_07_58/busco_stats/run_Caulerpa_lentillifera_OIST-dna/augustus_output/extracted_proteins/EOG09370TG2.faa.2 for reading
[hmmsearch]	Error: Failed to open sequence file /bigdata/stajichlab/shared/projects/Caulerpa/annotation/quast_results/results_2022_01_03_14_07_58/busco_stats/run_Caulerpa_lentillifera_OIST-dna/augustus_output/extracted_proteins/EOG09370OGW.faa.1 for reading
[hmmsearch]	Error: Failed to open sequence file /bigdata/stajichlab/shared/projects/Caulerpa/annotation/quast_results/results_2022_01_03_14_07_58/busco_stats/run_Caulerpa_lentillifera_OIST-dna/augustus_output/extracted_proteins/EOG09370U71.faa.2 for reading
[hmmsearch]	Error: Failed to open sequence file /bigdata/stajichlab/shared/projects/Caulerpa/annotation/quast_results/results_2022_01_03_14_07_58/busco_stats/run_Caulerpa_lentillifera_OIST-dna/augustus_output/extracted_proteins/EOG09370CF1.faa.1 for reading
[hmmsearch]	Error: Failed to open sequence file /bigdata/stajichlab/shared/projects/Caulerpa/annotation/quast_results/results_2022_01_03_14_07_58/busco_stats/run_Caulerpa_lentillifera_OIST-dna/augustus_output/extracted_proteins/EOG0937004M.faa.1 for reading
[hmmsearch]	Error: Failed to open sequence file /bigdata/stajichlab/shared/projects/Caulerpa/annotation/quast_results/results_2022_01_03_14_07_58/busco_stats/run_Caulerpa_lentillifera_OIST-dna/augustus_output/extracted_proteins/EOG09370IF5.faa.1 for reading
[hmmsearch]	Error: Failed to open sequence file /bigdata/stajichlab/shared/projects/Caulerpa/annotation/quast_results/results_2022_01_03_14_07_58/busco_stats/run_Caulerpa_lentillifera_OIST-dna/augustus_output/extracted_proteins/EOG09370L23.faa.1 for reading
[hmmsearch]	Error: Failed to open sequence file /bigdata/stajichlab/shared/projects/Caulerpa/annotation/quast_results/results_2022_01_03_14_07_58/busco_stats/run_Caulerpa_lentillifera_OIST-dna/augustus_output/extracted_proteins/EOG09370YSI.faa.1 for reading
[hmmsearch]	Error: Failed to open sequence file /bigdata/stajichlab/shared/projects/Caulerpa/annotation/quast_results/results_2022_01_03_14_07_58/busco_stats/run_Caulerpa_lentillifera_OIST-dna/augustus_output/extracted_proteins/EOG09370YSI.faa.3 for reading
[hmmsearch]	Error: Failed to open sequence file /bigdata/stajichlab/shared/projects/Caulerpa/annotation/quast_results/results_2022_01_03_14_07_58/busco_stats/run_Caulerpa_lentillifera_OIST-dna/augustus_output/extracted_proteins/EOG09370LFI.faa.2 for reading
[hmmsearch]	Error: Failed to open sequence file /bigdata/stajichlab/shared/projects/Caulerpa/annotation/quast_results/results_2022_01_03_14_07_58/busco_stats/run_Caulerpa_lentillifera_OIST-dna/augustus_output/extracted_proteins/EOG0937060I.faa.2 for reading
[hmmsearch]	Error: Failed to open sequence file /bigdata/stajichlab/shared/projects/Caulerpa/annotation/quast_results/results_2022_01_03_14_07_58/busco_stats/run_Caulerpa_lentillifera_OIST-dna/augustus_output/extracted_proteins/EOG09370AL3.faa.2 for reading
[hmmsearch]	Error: Failed to open sequence file /bigdata/stajichlab/shared/projects/Caulerpa/annotation/quast_results/results_2022_01_03_14_07_58/busco_stats/run_Caulerpa_lentillifera_OIST-dna/augustus_output/extracted_proteins/EOG09370VLM.faa.1 for reading
[hmmsearch]	Error: Failed to open sequence file /bigdata/stajichlab/shared/projects/Caulerpa/annotation/quast_results/results_2022_01_03_14_07_58/busco_stats/run_Caulerpa_lentillifera_OIST-dna/augustus_output/extracted_proteins/EOG09370OS5.faa.1 for reading
[hmmsearch]	Error: Failed to open sequence file /bigdata/stajichlab/shared/projects/Caulerpa/annotation/quast_results/results_2022_01_03_14_07_58/busco_stats/run_Caulerpa_lentillifera_OIST-dna/augustus_output/extracted_proteins/EOG09370OS5.faa.3 for reading
[hmmsearch]	Error: Failed to open sequence file /bigdata/stajichlab/shared/projects/Caulerpa/annotation/quast_results/results_2022_01_03_14_07_58/busco_stats/run_Caulerpa_lentillifera_OIST-dna/augustus_output/extracted_proteins/EOG09370GIK.faa.1 for reading
[hmmsearch]	Error: Failed to open sequence file /bigdata/stajichlab/shared/projects/Caulerpa/annotation/quast_results/results_2022_01_03_14_07_58/busco_stats/run_Caulerpa_lentillifera_OIST-dna/augustus_output/extracted_proteins/EOG09370PLC.faa.1 for reading
[hmmsearch]	Error: Failed to open sequence file /bigdata/stajichlab/shared/projects/Caulerpa/annotation/quast_results/results_2022_01_03_14_07_58/busco_stats/run_Caulerpa_lentillifera_OIST-dna/augustus_output/extracted_proteins/EOG09370PLC.faa.3 for reading
[hmmsearch]	Error: Failed to open sequence file /bigdata/stajichlab/shared/projects/Caulerpa/annotation/quast_results/results_2022_01_03_14_07_58/busco_stats/run_Caulerpa_lentillifera_OIST-dna/augustus_output/extracted_proteins/EOG09370P5Q.faa.1 for reading
[hmmsearch]	Error: Failed to open sequence file /bigdata/stajichlab/shared/projects/Caulerpa/annotation/quast_results/results_2022_01_03_14_07_58/busco_stats/run_Caulerpa_lentillifera_OIST-dna/augustus_output/extracted_proteins/EOG0937068H.faa.1 for reading
[hmmsearch]	Error: Failed to open sequence file /bigdata/stajichlab/shared/projects/Caulerpa/annotation/quast_results/results_2022_01_03_14_07_58/busco_stats/run_Caulerpa_lentillifera_OIST-dna/augustus_output/extracted_proteins/EOG09370YC4.faa.2 for reading
[hmmsearch]	Error: Failed to open sequence file /bigdata/stajichlab/shared/projects/Caulerpa/annotation/quast_results/results_2022_01_03_14_07_58/busco_stats/run_Caulerpa_lentillifera_OIST-dna/augustus_output/extracted_proteins/EOG0937085E.faa.1 for reading
[hmmsearch]	Error: Failed to open sequence file /bigdata/stajichlab/shared/projects/Caulerpa/annotation/quast_results/results_2022_01_03_14_07_58/busco_stats/run_Caulerpa_lentillifera_OIST-dna/augustus_output/extracted_proteins/EOG0937106Y.faa.1 for reading
[hmmsearch]	Error: Failed to open sequence file /bigdata/stajichlab/shared/projects/Caulerpa/annotation/quast_results/results_2022_01_03_14_07_58/busco_stats/run_Caulerpa_lentillifera_OIST-dna/augustus_output/extracted_proteins/EOG09370CZT.faa.2 for reading
[hmmsearch]	Error: Failed to open sequence file /bigdata/stajichlab/shared/projects/Caulerpa/annotation/quast_results/results_2022_01_03_14_07_58/busco_stats/run_Caulerpa_lentillifera_OIST-dna/augustus_output/extracted_proteins/EOG093712Q6.faa.1 for reading
[hmmsearch]	Error: Failed to open sequence file /bigdata/stajichlab/shared/projects/Caulerpa/annotation/quast_results/results_2022_01_03_14_07_58/busco_stats/run_Caulerpa_lentillifera_OIST-dna/augustus_output/extracted_proteins/EOG093707LO.faa.1 for reading
[hmmsearch]	Error: Failed to open sequence file /bigdata/stajichlab/shared/projects/Caulerpa/annotation/quast_results/results_2022_01_03_14_07_58/busco_stats/run_Caulerpa_lentillifera_OIST-dna/augustus_output/extracted_proteins/EOG093703C8.faa.1 for reading
[hmmsearch]	Error: Failed to open sequence file /bigdata/stajichlab/shared/projects/Caulerpa/annotation/quast_results/results_2022_01_03_14_07_58/busco_stats/run_Caulerpa_lentillifera_OIST-dna/augustus_output/extracted_proteins/EOG09370F1Q.faa.1 for reading
[hmmsearch]	Error: Failed to open sequence file /bigdata/stajichlab/shared/projects/Caulerpa/annotation/quast_results/results_2022_01_03_14_07_58/busco_stats/run_Caulerpa_lentillifera_OIST-dna/augustus_output/extracted_proteins/EOG09370O51.faa.1 for reading
[hmmsearch]	Error: Failed to open sequence file /bigdata/stajichlab/shared/projects/Caulerpa/annotation/quast_results/results_2022_01_03_14_07_58/busco_stats/run_Caulerpa_lentillifera_OIST-dna/augustus_output/extracted_proteins/EOG09370GEO.faa.1 for reading
[hmmsearch]	Error: Failed to open sequence file /bigdata/stajichlab/shared/projects/Caulerpa/annotation/quast_results/results_2022_01_03_14_07_58/busco_stats/run_Caulerpa_lentillifera_OIST-dna/augustus_output/extracted_proteins/EOG0937017X.faa.1 for reading
[hmmsearch]	Error: Failed to open sequence file /bigdata/stajichlab/shared/projects/Caulerpa/annotation/quast_results/results_2022_01_03_14_07_58/busco_stats/run_Caulerpa_lentillifera_OIST-dna/augustus_output/extracted_proteins/EOG0937091Y.faa.1 for reading
[hmmsearch]	Error: Failed to open sequence file /bigdata/stajichlab/shared/projects/Caulerpa/annotation/quast_results/results_2022_01_03_14_07_58/busco_stats/run_Caulerpa_lentillifera_OIST-dna/augustus_output/extracted_proteins/EOG093702PE.faa.1 for reading
[hmmsearch]	Error: Failed to open sequence file /bigdata/stajichlab/shared/projects/Caulerpa/annotation/quast_results/results_2022_01_03_14_07_58/busco_stats/run_Caulerpa_lentillifera_OIST-dna/augustus_output/extracted_proteins/EOG093704Q0.faa.1 for reading
[hmmsearch]	Error: Failed to open sequence file /bigdata/stajichlab/shared/projects/Caulerpa/annotation/quast_results/results_2022_01_03_14_07_58/busco_stats/run_Caulerpa_lentillifera_OIST-dna/augustus_output/extracted_proteins/EOG09370BQO.faa.1 for reading
[hmmsearch]	Error: Failed to open sequence file /bigdata/stajichlab/shared/projects/Caulerpa/annotation/quast_results/results_2022_01_03_14_07_58/busco_stats/run_Caulerpa_lentillifera_OIST-dna/augustus_output/extracted_proteins/EOG09371431.faa.1 for reading
[hmmsearch]	Error: Failed to open sequence file /bigdata/stajichlab/shared/projects/Caulerpa/annotation/quast_results/results_2022_01_03_14_07_58/busco_stats/run_Caulerpa_lentillifera_OIST-dna/augustus_output/extracted_proteins/EOG09370GJ7.faa.1 for reading
[hmmsearch]	Error: Failed to open sequence file /bigdata/stajichlab/shared/projects/Caulerpa/annotation/quast_results/results_2022_01_03_14_07_58/busco_stats/run_Caulerpa_lentillifera_OIST-dna/augustus_output/extracted_proteins/EOG09370OFR.faa.1 for reading
[hmmsearch]	Error: Failed to open sequence file /bigdata/stajichlab/shared/projects/Caulerpa/annotation/quast_results/results_2022_01_03_14_07_58/busco_stats/run_Caulerpa_lentillifera_OIST-dna/augustus_output/extracted_proteins/EOG093704GD.faa.1 for reading
[hmmsearch]	Error: Failed to open sequence file /bigdata/stajichlab/shared/projects/Caulerpa/annotation/quast_results/results_2022_01_03_14_07_58/busco_stats/run_Caulerpa_lentillifera_OIST-dna/augustus_output/extracted_proteins/EOG093718EG.faa.2 for reading
[hmmsearch]	Error: Failed to open sequence file /bigdata/stajichlab/shared/projects/Caulerpa/annotation/quast_results/results_2022_01_03_14_07_58/busco_stats/run_Caulerpa_lentillifera_OIST-dna/augustus_output/extracted_proteins/EOG093703N5.faa.1 for reading
[hmmsearch]	Error: Failed to open sequence file /bigdata/stajichlab/shared/projects/Caulerpa/annotation/quast_results/results_2022_01_03_14_07_58/busco_stats/run_Caulerpa_lentillifera_OIST-dna/augustus_output/extracted_proteins/EOG09370JZ3.faa.2 for reading
