[hmmsearch]	Error: Failed to open sequence file /bigdata/stajichlab/shared/projects/Caulerpa/annotation/quast_results/results_2022_01_03_14_07_58/busco_stats/run_Caulerpa_racemosa_spades-ragtag-scaffolds-kept5000/augustus_output/extracted_proteins/EOG0937106D.faa.1 for reading
[hmmsearch]	Error: Failed to open sequence file /bigdata/stajichlab/shared/projects/Caulerpa/annotation/quast_results/results_2022_01_03_14_07_58/busco_stats/run_Caulerpa_racemosa_spades-ragtag-scaffolds-kept5000/augustus_output/extracted_proteins/EOG09370UID.faa.1 for reading
[hmmsearch]	Error: Failed to open sequence file /bigdata/stajichlab/shared/projects/Caulerpa/annotation/quast_results/results_2022_01_03_14_07_58/busco_stats/run_Caulerpa_racemosa_spades-ragtag-scaffolds-kept5000/augustus_output/extracted_proteins/EOG093705E5.faa.1 for reading
[hmmsearch]	Error: Failed to open sequence file /bigdata/stajichlab/shared/projects/Caulerpa/annotation/quast_results/results_2022_01_03_14_07_58/busco_stats/run_Caulerpa_racemosa_spades-ragtag-scaffolds-kept5000/augustus_output/extracted_proteins/EOG09370RJN.faa.1 for reading
[hmmsearch]	Error: Failed to open sequence file /bigdata/stajichlab/shared/projects/Caulerpa/annotation/quast_results/results_2022_01_03_14_07_58/busco_stats/run_Caulerpa_racemosa_spades-ragtag-scaffolds-kept5000/augustus_output/extracted_proteins/EOG09370LMP.faa.1 for reading
[hmmsearch]	Error: Failed to open sequence file /bigdata/stajichlab/shared/projects/Caulerpa/annotation/quast_results/results_2022_01_03_14_07_58/busco_stats/run_Caulerpa_racemosa_spades-ragtag-scaffolds-kept5000/augustus_output/extracted_proteins/EOG09371088.faa.1 for reading
[hmmsearch]	Error: Failed to open sequence file /bigdata/stajichlab/shared/projects/Caulerpa/annotation/quast_results/results_2022_01_03_14_07_58/busco_stats/run_Caulerpa_racemosa_spades-ragtag-scaffolds-kept5000/augustus_output/extracted_proteins/EOG09370T6W.faa.1 for reading
[hmmsearch]	Error: Failed to open sequence file /bigdata/stajichlab/shared/projects/Caulerpa/annotation/quast_results/results_2022_01_03_14_07_58/busco_stats/run_Caulerpa_racemosa_spades-ragtag-scaffolds-kept5000/augustus_output/extracted_proteins/EOG09370UID.faa.3 for reading
[hmmsearch]	Error: Failed to open sequence file /bigdata/stajichlab/shared/projects/Caulerpa/annotation/quast_results/results_2022_01_03_14_07_58/busco_stats/run_Caulerpa_racemosa_spades-ragtag-scaffolds-kept5000/augustus_output/extracted_proteins/EOG093707VQ.faa.1 for reading
[hmmsearch]	Error: Failed to open sequence file /bigdata/stajichlab/shared/projects/Caulerpa/annotation/quast_results/results_2022_01_03_14_07_58/busco_stats/run_Caulerpa_racemosa_spades-ragtag-scaffolds-kept5000/augustus_output/extracted_proteins/EOG093707VQ.faa.3 for reading
[hmmsearch]	Error: Failed to open sequence file /bigdata/stajichlab/shared/projects/Caulerpa/annotation/quast_results/results_2022_01_03_14_07_58/busco_stats/run_Caulerpa_racemosa_spades-ragtag-scaffolds-kept5000/augustus_output/extracted_proteins/EOG093705Z6.faa.1 for reading
[hmmsearch]	Error: Failed to open sequence file /bigdata/stajichlab/shared/projects/Caulerpa/annotation/quast_results/results_2022_01_03_14_07_58/busco_stats/run_Caulerpa_racemosa_spades-ragtag-scaffolds-kept5000/augustus_output/extracted_proteins/EOG09370RIT.faa.1 for reading
[hmmsearch]	Error: Failed to open sequence file /bigdata/stajichlab/shared/projects/Caulerpa/annotation/quast_results/results_2022_01_03_14_07_58/busco_stats/run_Caulerpa_racemosa_spades-ragtag-scaffolds-kept5000/augustus_output/extracted_proteins/EOG0937019B.faa.1 for reading
[hmmsearch]	Error: Failed to open sequence file /bigdata/stajichlab/shared/projects/Caulerpa/annotation/quast_results/results_2022_01_03_14_07_58/busco_stats/run_Caulerpa_racemosa_spades-ragtag-scaffolds-kept5000/augustus_output/extracted_proteins/EOG09370TBD.faa.1 for reading
[hmmsearch]	Error: Failed to open sequence file /bigdata/stajichlab/shared/projects/Caulerpa/annotation/quast_results/results_2022_01_03_14_07_58/busco_stats/run_Caulerpa_racemosa_spades-ragtag-scaffolds-kept5000/augustus_output/extracted_proteins/EOG093713HJ.faa.1 for reading
[hmmsearch]	Error: Failed to open sequence file /bigdata/stajichlab/shared/projects/Caulerpa/annotation/quast_results/results_2022_01_03_14_07_58/busco_stats/run_Caulerpa_racemosa_spades-ragtag-scaffolds-kept5000/augustus_output/extracted_proteins/EOG093701IQ.faa.2 for reading
[hmmsearch]	Error: Failed to open sequence file /bigdata/stajichlab/shared/projects/Caulerpa/annotation/quast_results/results_2022_01_03_14_07_58/busco_stats/run_Caulerpa_racemosa_spades-ragtag-scaffolds-kept5000/augustus_output/extracted_proteins/EOG09370KJ3.faa.1 for reading
[hmmsearch]	Error: Failed to open sequence file /bigdata/stajichlab/shared/projects/Caulerpa/annotation/quast_results/results_2022_01_03_14_07_58/busco_stats/run_Caulerpa_racemosa_spades-ragtag-scaffolds-kept5000/augustus_output/extracted_proteins/EOG09370IUA.faa.1 for reading
[hmmsearch]	Error: Failed to open sequence file /bigdata/stajichlab/shared/projects/Caulerpa/annotation/quast_results/results_2022_01_03_14_07_58/busco_stats/run_Caulerpa_racemosa_spades-ragtag-scaffolds-kept5000/augustus_output/extracted_proteins/EOG09370CKL.faa.1 for reading
[hmmsearch]	Error: Failed to open sequence file /bigdata/stajichlab/shared/projects/Caulerpa/annotation/quast_results/results_2022_01_03_14_07_58/busco_stats/run_Caulerpa_racemosa_spades-ragtag-scaffolds-kept5000/augustus_output/extracted_proteins/EOG09370TTI.faa.1 for reading
[hmmsearch]	Error: Failed to open sequence file /bigdata/stajichlab/shared/projects/Caulerpa/annotation/quast_results/results_2022_01_03_14_07_58/busco_stats/run_Caulerpa_racemosa_spades-ragtag-scaffolds-kept5000/augustus_output/extracted_pr[hmmsearch]	36 of 176 task(s) completed at 01/03/2022 14:13:01
[hmmsearch]	53 of 176 task(s) completed at 01/03/2022 14:13:01
[hmmsearch]	71 of 176 task(s) completed at 01/03/2022 14:13:01
[hmmsearch]	89 of 176 task(s) completed at 01/03/2022 14:13:01
[hmmsearch]	106 of 176 task(s) completed at 01/03/2022 14:13:02
[hmmsearch]	124 of 176 task(s) completed at 01/03/2022 14:13:02
[hmmsearch]	141 of 176 task(s) completed at 01/03/2022 14:13:02
[hmmsearch]	159 of 176 task(s) completed at 01/03/2022 14:13:02
[hmmsearch]	176 of 176 task(s) completed at 01/03/2022 14:13:02
Results:
C:0.0%[S:0.0%,D:0.0%],F:0.0%,M:100.0%,n:303
0 Complete BUSCOs (C)
0 Complete and single-copy BUSCOs (S)
0 Complete and duplicated BUSCOs (D)
0 Fragmented BUSCOs (F)
303 Missing BUSCOs (M)
303 Total BUSCO groups searched
BUSCO did not find any match. Do not forget to check the file /bigdata/stajichlab/shared/projects/Caulerpa/annotation/quast_results/results_2022_01_03_14_07_58/busco_stats/run_Caulerpa_racemosa_spades-ragtag-scaffolds-kept5000/augustus_output/augustus.log to exclude a problem regarding Augustus
[bash]	rm: cannot remove ‘/bigdata/stajichlab/shared/projects/Caulerpa/annotation/quast_results/results_2022_01_03_14_07_58/busco_stats/tmp/temp_Caulerpa_racemosa_spades-ragtag-scaffolds-kept5000_3281525549’: No such file or directory
BUSCO analysis done with WARNING(s). Total running time: 293.948007106781 seconds
Results written in /bigdata/stajichlab/shared/projects/Caulerpa/annotation/quast_results/results_2022_01_03_14_07_58/busco_stats/run_Caulerpa_racemosa_spades-ragtag-scaffolds-kept5000/

sa_spades-ragtag-scaffolds-kept5000/augustus_output/extracted_proteins/EOG09370H3E.faa.2 for reading
[hmmsearch]	Error: Failed to open sequence file /bigdata/stajichlab/shared/projects/Caulerpa/annotation/quast_results/results_2022_01_03_14_07_58/busco_stats/run_Caulerpa_racemosa_spades-ragtag-scaffolds-kept5000/augustus_output/extracted_proteins/EOG09370CTU.faa.1 for reading
[hmmsearch]	Error: Failed to open sequence file /bigdata/stajichlab/shared/projects/Caulerpa/annotation/quast_results/results_2022_01_03_14_07_58/busco_stats/run_Caulerpa_racemosa_spades-ragtag-scaffolds-kept5000/augustus_output/extracted_proteins/EOG09370M9E.faa.2 for reading
[hmmsearch]	Error: Failed to open sequence file /bigdata/stajichlab/shared/projects/Caulerpa/annotation/quast_results/results_2022_01_03_14_07_58/busco_stats/run_Caulerpa_racemosa_spades-ragtag-scaffolds-kept5000/augustus_output/extracted_proteins/EOG093707HK.faa.1 for reading
[hmmsearch]	Error: Failed to open sequence file /bigdata/stajichlab/shared/projects/Caulerpa/annotation/quast_results/results_2022_01_03_14_07_58/busco_stats/run_Caulerpa_racemosa_spades-ragtag-scaffolds-kept5000/augustus_output/extracted_proteins/EOG09370ADO.faa.2 for reading
[hmmsearch]	Error: Failed to open sequence file /bigdata/stajichlab/shared/projects/Caulerpa/annotation/quast_results/results_2022_01_03_14_07_58/busco_stats/run_Caulerpa_racemosa_spades-ragtag-scaffolds-kept5000/augustus_output/extracted_proteins/EOG093717LU.faa.1 for reading
[hmmsearch]	Error: Failed to open sequence file /bigdata/stajichlab/shared/projects/Caulerpa/annotation/quast_results/results_2022_01_03_14_07_58/busco_stats/run_Caulerpa_racemosa_spades-ragtag-scaffolds-kept5000/augustus_output/extracted_proteins/EOG09370FSS.faa.1 for reading
[hmmsearch]	Error: Failed to open sequence file /bigdata/stajichlab/shared/projects/Caulerpa/annotation/quast_results/results_2022_01_03_14_07_58/busco_stats/run_Caulerpa_racemosa_spades-ragtag-scaffolds-kept5000/augustus_output/extracted_proteins/EOG09370EHZ.faa.2 for reading
[hmmsearch]	Error: Failed to open sequence file /bigdata/stajichlab/shared/projects/Caulerpa/annotation/quast_results/results_2022_01_03_14_07_58/busco_stats/run_Caulerpa_racemosa_spades-ragtag-scaffolds-kept5000/augustus_output/extracted_proteins/EOG09370CAV.faa.2 for reading
[hmmsearch]	Error: Failed to open sequence file /bigdata/stajichlab/shared/projects/Caulerpa/annotation/quast_results/results_2022_01_03_14_07_58/busco_stats/run_Caulerpa_racemosa_spades-ragtag-scaffolds-kept5000/augustus_output/extracted_proteins/EOG093714Q2.faa.1 for reading
[hmmsearch]	Error: Failed to open sequence file /bigdata/stajichlab/shared/projects/Caulerpa/annotation/quast_results/results_2022_01_03_14_07_58/busco_stats/run_Caulerpa_racemosa_spades-ragtag-scaffolds-kept5000/augustus_output/extracted_proteins/EOG09370U9P.faa.1 for reading
[hmmsearch]	Error: Failed to open sequence file /bigdata/stajichlab/shared/projects/Caulerpa/annotation/quast_results/results_2022_01_03_14_07_58/busco_stats/run_Caulerpa_racemosa_spades-ragtag-scaffolds-kept5000/augustus_output/extracted_proteins/EOG09370HD7.faa.1 for reading
[hmmsearch]	Error: Failed to open sequence file /bigdata/stajichlab/shared/projects/Caulerpa/annotation/quast_results/results_2022_01_03_14_07_58/busco_stats/run_Caulerpa_racemosa_spades-ragtag-scaffolds-kept5000/augustus_output/extracted_proteins/EOG093701EE.faa.1 for reading
[hmmsearch]	Error: Failed to open sequence file /bigdata/stajichlab/shared/projects/Caulerpa/annotation/quast_results/results_2022_01_03_14_07_58/busco_stats/run_Caulerpa_racemosa_spades-ragtag-scaffolds-kept5000/augustus_output/extracted_proteins/EOG09370KGV.faa.2 for reading
[hmmsearch]	Error: Failed to open sequence file /bigdata/stajichlab/shared/projects/Caulerpa/annotation/quast_results/results_2022_01_03_14_07_58/busco_stats/run_Caulerpa_racemosa_spades-ragtag-scaffolds-kept5000/augustus_output/extracted_proteins/EOG09370BYX.faa.2 for reading
[hmmsearch]	Error: Failed to open sequence file /bigdata/stajichlab/shared/projects/Caulerpa/annotation/quast_results/results_2022_01_03_14_07_58/busco_stats/run_Caulerpa_racemosa_spades-ragtag-scaffolds-kept5000/augustus_output/extracted_proteins/EOG09370FLD.faa.1 for reading
[hmmsearch]	Error: Failed to open sequence file /bigdata/stajichlab/shared/projects/Caulerpa/annotation/quast_results/results_2022_01_03_14_07_58/busco_stats/run_Caulerpa_racemosa_spades-ragtag-scaffolds-kept5000/augustus_output/extracted_proteins/EOG09370V9R.faa.1 for reading
[hmmsearch]	Error: Failed to open sequence file /bigdata/stajichlab/shared/projects/Caulerpa/annotation/quast_results/results_2022_01_03_14_07_58/busco_stats/run_Caulerpa_racemosa_spades-ragtag-scaffolds-kept5000/augustus_output/extracted_proteins/EOG093702DP.faa.1 for reading
[hmmsearch]	Error: Failed to open sequence file /bigdata/stajichlab/shared/projects/Caulerpa/annotation/quast_results/results_2022_01_03_14_07_58/busco_stats/run_Caulerpa_racemosa_spades-ragtag-scaffolds-kept5000/augustus_output/extracted_proteins/EOG09370ZI7.faa.1 for reading
[hmmsearch]	Error: Failed to open sequence file /bigdata/stajichlab/shared/projects/Caulerpa/annotation/quast_results/results_2022_01_03_14_07_58/busco_stats/run_Caulerpa_racemosa_spades-ragtag-scaffolds-kept5000/augustus_output/extracted_proteins/EOG09370E8S.faa.1 for reading
[hmmsearch]	Error: Failed to open sequence file /bigdata/stajichlab/shared/projects/Caulerpa/annotation/quast_results/results_2022_01_03_14_07_58/busco_stats/run_Caulerpa_racemosa_spades-ragtag-scaffolds-kept5000/augustus_output/extracted_proteins/EOG09370MQ0.faa.1 for reading
[hmmsearch]	Error: Failed to open sequence file /bigdata/stajichlab/shared/projects/Caulerpa/annotation/quast_results/results_2022_01_03_14_07_58/busco_stats/run_Caulerpa_racemosa_spades-ragtag-scaffolds-kept5000/augustus_output/extracted_proteins/EOG093704J7.faa.2 for reading
[hmmsearch]	Error: Failed to open sequence file /bigdata/stajichlab/shared/projects/Caulerpa/annotation/quast_results/results_2022_01_03_14_07_58/busco_stats/run_Caulerpa_racemosa_spades-ragtag-scaffolds-kept5000/augustus_output/extracted_proteins/EOG09370TBG.faa.1 for reading
[hmmsearch]	Error: Failed to open sequence file /bigdata/stajichlab/shared/projects/Caulerpa/annotation/quast_results/results_2022_01_03_14_07_58/busco_stats/run_Caulerpa_racemosa_spades-ragtag-scaffolds-kept5000/augustus_output/extracted_proteins/EOG09370TBG.faa.3 for reading
[hmmsearch]	Error: Failed to open sequence file /bigdata/stajichlab/shared/projects/Caulerpa/annotation/quast_results/results_2022_01_03_14_07_58/busco_stats/run_Caulerpa_racemosa_spades-ragtag-scaffolds-kept5000/augustus_output/extracted_proteins/EOG09370DV4.faa.1 for reading
[hmmsearch]	Error: Failed to open sequence file /bigdata/stajichlab/shared/projects/Caulerpa/annotation/quast_results/results_2022_01_03_14_07_58/busco_stats/run_Caulerpa_racemosa_spades-ragtag-scaffolds-kept5000/augustus_output/extracted_proteins/EOG09370IH5.faa.1 for reading
[hmmsearch]	Error: Failed to open sequence file /bigdata/stajichlab/shared/projects/Caulerpa/annotation/quast_results/results_2022_01_03_14_07_58/busco_stats/run_Caulerpa_racemosa_spades-ragtag-scaffolds-kept5000/augustus_output/extracted_proteins/EOG093705VV.faa.1 for reading
[hmmsearch]	Error: Failed to open sequence file /bigdata/stajichlab/shared/projects/Caulerpa/annotation/quast_results/results_2022_01_03_14_07_58/busco_stats/run_Caulerpa_racemosa_spades-ragtag-scaffolds-kept5000/augustus_output/extracted_proteins/EOG09370GHM.faa.2 for reading
[hmmsearch]	Error: Failed to open sequence file /bigdata/stajichlab/shared/projects/Caulerpa/annotation/quast_results/results_2022_01_03_14_07_58/busco_stats/run_Caulerpa_racemosa_spades-ragtag-scaffolds-kept5000/augustus_output/extracted_proteins/EOG09370DO5.faa.1 for reading
[hmmsearch]	Error: Failed to open sequence file /bigdata/stajichlab/shared/projects/Caulerpa/annotation/quast_results/results_2022_01_03_14_07_58/busco_stats/run_Caulerpa_racemosa_spades-ragtag-scaffolds-kept5000/augustus_output/extracted_proteins/EOG093705DM.faa.2 for reading
[hmmsearch]	Error: Failed to open sequence file /bigdata/stajichlab/shared/projects/Caulerpa/annotation/quast_results/results_2022_01_03_14_07_58/busco_stats/run_Caulerpa_racemosa_spades-ragtag-scaffolds-kept5000/augustus_output/extracted_proteins/EOG09370TFO.faa.2 for reading
[hmmsearch]	Error: Failed to open sequence file /bigdata/stajichlab/shared/projects/Caulerpa/annotation/quast_results/results_2022_01_03_14_07_58/busco_stats/run_Caulerpa_racemosa_spades-ragtag-scaffolds-kept5000/augustus_output/extracted_proteins/EOG0937033T.faa.1 for reading
[hmmsearch]	Error: Failed to open sequence file /bigdata/stajichlab/shared/projects/Caulerpa/annotation/quast_results/results_2022_01_03_14_07_58/busco_stats/run_Caulerpa_racemosa_spades-ragtag-scaffolds-kept5000/augustus_output/extracted_proteins/EOG0937033T.faa.3 for reading
[hmmsearch]	Error: Failed to open sequence file /bigdata/stajichlab/shared/projects/Caulerpa/annotation/quast_results/results_2022_01_03_14_07_58/busco_stats/run_Caulerpa_racemosa_spades-ragtag-scaffolds-kept5000/augustus_output/extracted_proteins/EOG09370USJ.faa.1 for reading
[hmmsearch]	Error: Failed to open sequence file /bigdata/stajichlab/shared/projects/Caulerpa/annotation/quast_results/results_2022_01_03_14_07_58/busco_stats/run_Caulerpa_racemosa_spades-ragtag-scaffolds-kept5000/augustus_output/extracted_proteins/EOG09370YCN.faa.1 for reading
[hmmsearch]	Error: Failed to open sequence file /bigdata/stajichlab/shared/projects/Caulerpa/annotation/quast_results/results_2022_01_03_14_07_58/busco_stats/run_Caulerpa_racemosa_spades-ragtag-scaffolds-kept5000/augustus_output/extracted_proteins/EOG09370L77.faa.2 for reading
[hmmsearch]	Error: Failed to open sequence file /bigdata/stajichlab/shared/projects/Caulerpa/annotation/quast_results/results_2022_01_03_14_07_58/busco_stats/run_Caulerpa_racemosa_spades-ragtag-scaffolds-kept5000/augustus_output/extracted_proteins/EOG093710JH.faa.1 for reading
[hmmsearch]	Error: Failed to open sequence file /bigdata/stajichlab/shared/projects/Caulerpa/annotation/quast_results/results_2022_01_03_14_07_58/busco_stats/run_Caulerpa_racemosa_spades-ragtag-scaffolds-kept5000/augustus_output/extracted_proteins/EOG093715EC.faa.1 for reading
[hmmsearch]	Error: Failed to open sequence file /bigdata/stajichlab/shared/projects/Caulerpa/annotation/quast_results/results_2022_01_03_14_07_58/busco_stats/run_Caulerpa_racemosa_spades-ragtag-scaffolds-kept5000/augustus_output/extracted_proteins/EOG0937066G.faa.1 for reading
[hmmsearch]	Error: Failed to open sequence file /bigdata/stajichlab/shared/projects/Caulerpa/annotation/quast_results/results_2022_01_03_14_07_58/busco_stats/run_Caulerpa_racemosa_spades-ragtag-scaffolds-kept5000/augustus_output/extracted_proteins/EOG09370S1Z.faa.1 for reading
[hmmsearch]	Error: Failed to open sequence file /bigdata/stajichlab/shared/projects/Caulerpa/annotation/quast_results/results_2022_01_03_14_07_58/busco_stats/run_Caulerpa_racemosa_spades-ragtag-scaffolds-kept5000/augustus_output/extracted_proteins/EOG09370QT3.faa.1 for reading
[hmmsearch]	Error: Failed to open sequence file /bigdata/stajichlab/shared/projects/Caulerpa/annotation/quast_results/results_2022_01_03_14_07_58/busco_stats/run_Caulerpa_racemosa_spades-ragtag-scaffolds-kept5000/augustus_output/extracted_proteins/EOG09370A22.faa.1 for reading
[hmmsearch]	Error: Failed to open sequence file /bigdata/stajichlab/shared/projects/Caulerpa/annotation/quast_results/results_2022_01_03_14_07_58/busco_stats/run_Caulerpa_racemosa_spades-ragtag-scaffolds-kept5000/augustus_output/extracted_proteins/EOG093707RF.faa.1 for reading
[hmmsearch]	Error: Failed to open sequence file /bigdata/stajichlab/shared/projects/Caulerpa/annotation/quast_results/results_2022_01_03_14_07_58/busco_stats/run_Caulerpa_racemosa_spades-ragtag-scaffolds-kept5000/augustus_output/extracted_proteins/EOG093716T7.faa.1 for reading
[hmmsearch]	Error: Failed to open sequence file /bigdata/stajichlab/shared/projects/Caulerpa/annotation/quast_results/results_2022_01_03_14_07_58/busco_stats/run_Caulerpa_racemosa_spades-ragtag-scaffolds-kept5000/augustus_output/extracted_proteins/EOG093710T1.faa.1 for reading
[hmmsearch]	Error: Failed to open sequence file /bigdata/stajichlab/shared/projects/Caulerpa/annotation/quast_results/results_2022_01_03_14_07_58/busco_stats/run_Caulerpa_racemosa_spades-ragtag-scaffolds-kept5000/augustus_output/extracted_proteins/EOG093710T1.faa.3 for reading
[hmmsearch]	Error: Failed to open sequence file /bigdata/stajichlab/shared/projects/Caulerpa/annotation/quast_results/results_2022_01_03_14_07_58/busco_stats/run_Caulerpa_racemosa_spades-ragtag-scaffolds-kept5000/augustus_output/extracted_proteins/EOG093711ZO.faa.1 for reading
[hmmsearch]	Error: Failed to open sequence file /bigdata/stajichlab/shared/projects/Caulerpa/annotation/quast_results/results_2022_01_03_14_07_58/busco_stats/run_Caulerpa_racemosa_spades-ragtag-scaffolds-kept5000/augustus_output/extracted_proteins/EOG093711ZO.faa.3 for reading
[hmmsearch]	Error: Failed to open sequence file /bigdata/stajichlab/shared/projects/Caulerpa/annotation/quast_results/results_2022_01_03_14_07_58/busco_stats/run_Caulerpa_racemosa_spades-ragtag-scaffolds-kept5000/augustus_output/extracted_proteins/EOG09370Y63.faa.1 for reading
[hmmsearch]	Error: Failed to open sequence file /bigdata/stajichlab/shared/projects/Caulerpa/annotation/quast_results/results_2022_01_03_14_07_58/busco_stats/run_Caulerpa_racemosa_spades-ragtag-scaffolds-kept5000/augustus_output/extracted_proteins/EOG09370VFL.faa.1 for reading
[hmmsearch]	Error: Failed to open sequence file /bigdata/stajichlab/shared/projects/Caulerpa/annotation/quast_results/results_2022_01_03_14_07_58/busco_stats/run_Caulerpa_racemosa_spades-ragtag-scaffolds-kept5000/augustus_output/extracted_proteins/EOG09370SO4.faa.1 for reading
[hmmsearch]	Error: Failed to open sequence file /bigdata/stajichlab/shared/projects/Caulerpa/annotation/quast_results/results_2022_01_03_14_07_58/busco_stats/run_Caulerpa_racemosa_spades-ragtag-scaffolds-kept5000/augustus_output/extracted_proteins/EOG09370XO6.faa.1 for reading
[hmmsearch]	Error: Failed to open sequence file /bigdata/stajichlab/shared/projects/Caulerpa/annotation/quast_results/results_2022_01_03_14_07_58/busco_stats/run_Caulerpa_racemosa_spades-ragtag-scaffolds-kept5000/augustus_output/extracted_proteins/EOG09370RCQ.faa.1 for reading
[hmmsearch]	Error: Failed to open sequence file /bigdata/stajichlab/shared/projects/Caulerpa/annotation/quast_results/results_2022_01_03_14_07_58/busco_stats/run_Caulerpa_racemosa_spades-ragtag-scaffolds-kept5000/augustus_output/extracted_proteins/EOG09370I3J.faa.1 for reading
[hmmsearch]	Error: Failed to open sequence file /bigdata/stajichlab/shared/projects/Caulerpa/annotation/quast_results/results_2022_01_03_14_07_58/busco_stats/run_Caulerpa_racemosa_spades-ragtag-scaffolds-kept5000/augustus_output/extracted_proteins/EOG09370USH.faa.2 for reading
[hmmsearch]	Error: Failed to open sequence file /bigdata/stajichlab/shared/projects/Caulerpa/annotation/quast_results/results_2022_01_03_14_07_58/busco_stats/run_Caulerpa_racemosa_spades-ragtag-scaffolds-kept5000/augustus_output/extracted_proteins/EOG09370MMK.faa.1 for reading
[hmmsearch]	Error: Failed to open sequence file /bigdata/stajichlab/shared/projects/Caulerpa/annotation/quast_results/results_2022_01_03_14_07_58/busco_stats/run_Caulerpa_racemosa_spades-ragtag-scaffolds-kept5000/augustus_output/extracted_proteins/EOG09370INZ.faa.1 for reading
[hmmsearch]	Error: Failed to open sequence file /bigdata/stajichlab/shared/projects/Caulerpa/annotation/quast_results/results_2022_01_03_14_07_58/busco_stats/run_Caulerpa_racemosa_spades-ragtag-scaffolds-kept5000/augustus_output/extracted_proteins/EOG09370W6N.faa.1 for reading
[hmmsearch]	Error: Failed to open sequence file /bigdata/stajichlab/shared/projects/Caulerpa/annotation/quast_results/results_2022_01_03_14_07_58/busco_stats/run_Caulerpa_racemosa_spades-ragtag-scaffolds-kept5000/augustus_output/extracted_proteins/EOG09370H68.faa.1 for reading
[hmmsearch]	Error: Failed to open sequence file /bigdata/stajichlab/shared/projects/Caulerpa/annotation/quast_results/results_2022_01_03_14_07_58/busco_stats/run_Caulerpa_racemosa_spades-ragtag-scaffolds-kept5000/augustus_output/extracted_proteins/EOG09370AV1.faa.1 for reading
[hmmsearch]	Error: Failed to open sequence file /bigdata/stajichlab/shared/projects/Caulerpa/annotation/quast_results/results_2022_01_03_14_07_58/busco_stats/run_Caulerpa_racemosa_spades-ragtag-scaffolds-kept5000/augustus_output/extracted_proteins/EOG09370AV1.faa.3 for reading
[hmmsearch]	Error: Failed to open sequence file /bigdata/stajichlab/shared/projects/Caulerpa/annotation/quast_results/results_2022_01_03_14_07_58/busco_stats/run_Caulerpa_racemosa_spades-ragtag-scaffolds-kept5000/augustus_output/extracted_proteins/EOG09370UV4.faa.1 for reading
[hmmsearch]	Error: Failed to open sequence file /bigdata/stajichlab/shared/projects/Caulerpa/annotation/quast_results/results_2022_01_03_14_07_58/busco_stats/run_Caulerpa_racemosa_spades-ragtag-scaffolds-kept5000/augustus_output/extracted_proteins/EOG093712G8.faa.1 for reading
[hmmsearch]	Error: Failed to open sequence file /bigdata/stajichlab/shared/projects/Caulerpa/annotation/quast_results/results_2022_01_03_14_07_58/busco_stats/run_Caulerpa_racemosa_spades-ragtag-scaffolds-kept5000/augustus_output/extracted_proteins/EOG093709BZ.faa.1 for reading
[hmmsearch]	Error: Failed to open sequence file /bigdata/stajichlab/shared/projects/Caulerpa/annotation/quast_results/results_2022_01_03_14_07_58/busco_stats/run_Caulerpa_racemosa_spades-ragtag-scaffolds-kept5000/augustus_output/extracted_proteins/EOG09370MGF.faa.1 for reading
[hmmsearch]	Error: Failed to open sequence file /bigdata/stajichlab/shared/projects/Caulerpa/annotation/quast_results/results_2022_01_03_14_07_58/busco_stats/run_Caulerpa_racemosa_spades-ragtag-scaffolds-kept5000/augustus_output/extracted_proteins/EOG09370KM9.faa.1 for reading
[hmmsearch]	Error: Failed to open sequence file /bigdata/stajichlab/shared/projects/Caulerpa/annotation/quast_results/results_2022_01_03_14_07_58/busco_stats/run_Caulerpa_racemosa_spades-ragtag-scaffolds-kept5000/augustus_output/extracted_proteins/EOG09370B1L.faa.2 for reading
[hmmsearch]	Error: Failed to open sequence file /bigdata/stajichlab/shared/projects/Caulerpa/annotation/quast_results/results_2022_01_03_14_07_58/busco_stats/run_Caulerpa_racemosa_spades-ragtag-scaffolds-kept5000/augustus_output/extracted_proteins/EOG093705KN.faa.1 for reading
[hmmsearch]	Error: Failed to open sequence file /bigdata/stajichlab/shared/projects/Caulerpa/annotation/quast_results/results_2022_01_03_14_07_58/busco_stats/run_Caulerpa_racemosa_spades-ragtag-scaffolds-kept5000/augustus_output/extracted_proteins/EOG09370OO3.faa.1 for reading
[hmmsearch]	Error: Failed to open sequence file /bigdata/stajichlab/shared/projects/Caulerpa/annotation/quast_results/results_2022_01_03_14_07_58/busco_stats/run_Caulerpa_racemosa_spades-ragtag-scaffolds-kept5000/augustus_output/extracted_proteins/EOG09370BBR.faa.1 for reading
[hmmsearch]	Error: Failed to open sequence file /bigdata/stajichlab/shared/projects/Caulerpa/annotation/quast_results/results_2022_01_03_14_07_58/busco_stats/run_Caulerpa_racemosa_spades-ragtag-scaffolds-kept5000/augustus_output/extracted_proteins/EOG09370UR1.faa.2 for reading
[hmmsearch]	Error: Failed to open sequence file /bigdata/stajichlab/shared/projects/Caulerpa/annotation/quast_results/results_2022_01_03_14_07_58/busco_stats/run_Caulerpa_racemosa_spades-ragtag-scaffolds-kept5000/augustus_output/extracted_proteins/EOG093703YA.faa.2 for reading
[hmmsearch]	Error: Failed to open sequence file /bigdata/stajichlab/shared/projects/Caulerpa/annotation/quast_results/results_2022_01_03_14_07_58/busco_stats/run_Caulerpa_racemosa_spades-ragtag-scaffolds-kept5000/augustus_output/extracted_proteins/EOG09370762.faa.1 for reading
[hmmsearch]	Error: Failed to open sequence file /bigdata/stajichlab/shared/projects/Caulerpa/annotation/quast_results/results_2022_01_03_14_07_58/busco_stats/run_Caulerpa_racemosa_spades-ragtag-scaffolds-kept5000/augustus_output/extracted_proteins/EOG09370762.faa.3 for reading
[hmmsearch]	Error: Failed to open sequence file /bigdata/stajichlab/shared/projects/Caulerpa/annotation/quast_results/results_2022_01_03_14_07_58/busco_stats/run_Caulerpa_racemosa_spades-ragtag-scaffolds-kept5000/augustus_output/extracted_proteins/EOG09370CIV.faa.1 for reading
[hmmsearch]	Error: Failed to open sequence file /bigdata/stajichlab/shared/projects/Caulerpa/annotation/quast_results/results_2022_01_03_14_07_58/busco_stats/run_Caulerpa_racemosa_spades-ragtag-scaffolds-kept5000/augustus_output/extracted_proteins/EOG093707VN.faa.1 for reading
[hmmsearch]	Error: Failed to open sequence file /bigdata/stajichlab/shared/projects/Caulerpa/annotation/quast_results/results_2022_01_03_14_07_58/busco_stats/run_Caulerpa_racemosa_spades-ragtag-scaffolds-kept5000/augustus_output/extracted_proteins/EOG09370DTG.faa.1 for reading
[hmmsearch]	Error: Failed to open sequence file /bigdata/stajichlab/shared/projects/Caulerpa/annotation/quast_results/results_2022_01_03_14_07_58/busco_stats/run_Caulerpa_racemosa_spades-ragtag-scaffolds-kept5000/augustus_output/extracted_proteins/EOG09370CZ0.faa.1 for reading
[hmmsearch]	Error: Failed to open sequence file /bigdata/stajichlab/shared/projects/Caulerpa/annotation/quast_results/results_2022_01_03_14_07_58/busco_stats/run_Caulerpa_racemosa_spades-ragtag-scaffolds-kept5000/augustus_output/extracted_proteins/EOG09370TCX.faa.1 for reading
[hmmsearch]	Error: Failed to open sequence file /bigdata/stajichlab/shared/projects/Caulerpa/annotation/quast_results/results_2022_01_03_14_07_58/busco_stats/run_Caulerpa_racemosa_spades-ragtag-scaffolds-kept5000/augustus_output/extracted_proteins/EOG09370WT1.faa.1 for reading
[hmmsearch]	Error: Failed to open sequence file /bigdata/stajichlab/shared/projects/Caulerpa/annotation/quast_results/results_2022_01_03_14_07_58/busco_stats/run_Caulerpa_racemosa_spades-ragtag-scaffolds-kept5000/augustus_output/extracted_proteins/EOG093701S0.faa.1 for reading
[hmmsearch]	Error: Failed to open sequence file /bigdata/stajichlab/shared/projects/Caulerpa/annotation/quast_results/results_2022_01_03_14_07_58/busco_stats/run_Caulerpa_racemosa_spades-ragtag-scaffolds-kept5000/augustus_output/extracted_proteins/EOG09370NBW.faa.1 for reading
[hmmsearch]	Error: Failed to open sequence file /bigdata/stajichlab/shared/projects/Caulerpa/annotation/quast_results/results_2022_01_03_14_07_58/busco_stats/run_Caulerpa_racemosa_spades-ragtag-scaffolds-kept5000/augustus_output/extracted_proteins/EOG09370LGH.faa.1 for reading
[hmmsearch]	Error: Failed to open sequence file /bigdata/stajichlab/shared/projects/Caulerpa/annotation/quast_results/results_2022_01_03_14_07_58/busco_stats/run_Caulerpa_racemosa_spades-ragtag-scaffolds-kept5000/augustus_output/extracted_proteins/EOG09370EL3.faa.1 for reading
[hmmsearch]	Error: Failed to open sequence file /bigdata/stajichlab/shared/projects/Caulerpa/annotation/quast_results/results_2022_01_03_14_07_58/busco_stats/run_Caulerpa_racemosa_spades-ragtag-scaffolds-kept5000/augustus_output/extracted_proteins/EOG093704UY.faa.1 for reading
[hmmsearch]	Error: Failed to open sequence file /bigdata/stajichlab/shared/projects/Caulerpa/annotation/quast_results/results_2022_01_03_14_07_58/busco_stats/run_Caulerpa_racemosa_spades-ragtag-scaffolds-kept5000/augustus_output/extracted_proteins/EOG093704UY.faa.3 for reading
[hmmsearch]	Error: Failed to open sequence file /bigdata/stajichlab/shared/projects/Caulerpa/annotation/quast_results/results_2022_01_03_14_07_58/busco_stats/run_Caulerpa_racemosa_spades-ragtag-scaffolds-kept5000/augustus_output/extracted_proteins/EOG09370I7R.faa.1 for reading
[hmmsearch]	Error: Failed to open sequence file /bigdata/stajichlab/shared/projects/Caulerpa/annotation/quast_results/results_2022_01_03_14_07_58/busco_stats/run_Caulerpa_racemosa_spades-ragtag-scaffolds-kept5000/augustus_output/extracted_proteins/EOG09370PYJ.faa.1 for reading
[hmmsearch]	Error: Failed to open sequence file /bigdata/stajichlab/shared/projects/Caulerpa/annotation/quast_results/results_2022_01_03_14_07_58/busco_stats/run_Caulerpa_racemosa_spades-ragtag-scaffolds-kept5000/augustus_output/extracted_proteins/EOG09370DS4.faa.1 for reading
[hmmsearch]	Error: Failed to open sequence file /bigdata/stajichlab/shared/projects/Caulerpa/annotation/quast_results/results_2022_01_03_14_07_58/busco_stats/run_Caulerpa_racemosa_spades-ragtag-scaffolds-kept5000/augustus_output/extracted_proteins/EOG09370KYZ.faa.1 for reading
[hmmsearch]	Error: Failed to open sequence file /bigdata/stajichlab/shared/projects/Caulerpa/annotation/quast_results/results_2022_01_03_14_07_58/busco_stats/run_Caulerpa_racemosa_spades-ragtag-scaffolds-kept5000/augustus_output/extracted_proteins/EOG09370P9T.faa.2 for reading
[hmmsearch]	Error: Failed to open sequence file /bigdata/stajichlab/shared/projects/Caulerpa/annotation/quast_results/results_2022_01_03_14_07_58/busco_stats/run_Caulerpa_racemosa_spades-ragtag-scaffolds-kept5000/augustus_output/extracted_proteins/EOG0937133J.faa.1 for reading
[hmmsearch]	Error: Failed to open sequence file /bigdata/stajichlab/shared/projects/Caulerpa/annotation/quast_results/results_2022_01_03_14_07_58/busco_stats/run_Caulerpa_racemosa_spades-ragtag-scaffolds-kept5000/augustus_output/extracted_proteins/EOG093705YA.faa.1 for reading
[hmmsearch]	Error: Failed to open sequence file /bigdata/stajichlab/shared/projects/Caulerpa/annotation/quast_results/results_2022_01_03_14_07_58/busco_stats/run_Caulerpa_racemosa_spades-ragtag-scaffolds-kept5000/augustus_output/extracted_proteins/EOG09370DXT.faa.1 for reading
[hmmsearch]	Error: Failed to open sequence file /bigdata/stajichlab/shared/projects/Caulerpa/annotation/quast_results/results_2022_01_03_14_07_58/busco_stats/run_Caulerpa_racemosa_spades-ragtag-scaffolds-kept5000/augustus_output/extracted_proteins/EOG093708IM.faa.1 for reading
[hmmsearch]	Error: Failed to open sequence file /bigdata/stajichlab/shared/projects/Caulerpa/annotation/quast_results/results_2022_01_03_14_07_58/busco_stats/run_Caulerpa_racemosa_spades-ragtag-scaffolds-kept5000/augustus_output/extracted_proteins/EOG093706PM.faa.1 for reading
[hmmsearch]	Error: Failed to open sequence file /bigdata/stajichlab/shared/projects/Caulerpa/annotation/quast_results/results_2022_01_03_14_07_58/busco_stats/run_Caulerpa_racemosa_spades-ragtag-scaffolds-kept5000/augustus_output/extracted_proteins/EOG093705U4.faa.2 for reading
[hmmsearch]	Error: Failed to open sequence file /bigdata/stajichlab/shared/projects/Caulerpa/annotation/quast_results/results_2022_01_03_14_07_58/busco_stats/run_Caulerpa_racemosa_spades-ragtag-scaffolds-kept5000/augustus_output/extracted_proteins/EOG09370UO4.faa.1 for reading
[hmmsearch]	Error: Failed to open sequence file /bigdata/stajichlab/shared/projects/Caulerpa/annotation/quast_results/results_2022_01_03_14_07_58/busco_stats/run_Caulerpa_racemosa_spades-ragtag-scaffolds-kept5000/augustus_output/extracted_proteins/EOG0937029K.faa.1 for reading
[hmmsearch]	Error: Failed to open sequence file /bigdata/stajichlab/shared/projects/Caulerpa/annotation/quast_results/results_2022_01_03_14_07_58/busco_stats/run_Caulerpa_racemosa_spades-ragtag-scaffolds-kept5000/augustus_output/extracted_proteins/EOG093719M8.faa.1 for reading
[hmmsearch]	Error: Failed to open sequence file /bigdata/stajichlab/shared/projects/Caulerpa/annotation/quast_results/results_2022_01_03_14_07_58/busco_stats/run_Caulerpa_racemosa_spades-ragtag-scaffolds-kept5000/augustus_output/extracted_proteins/EOG09370E4U.faa.2 for reading
[hmmsearch]	Error: Failed to open sequence file /bigdata/stajichlab/shared/projects/Caulerpa/annotation/quast_results/results_2022_01_03_14_07_58/busco_stats/run_Caulerpa_racemosa_spades-ragtag-scaffolds-kept5000/augustus_output/extracted_proteins/EOG09370B65.faa.1 for reading
[hmmsearch]	Error: Failed to open sequence file /bigdata/stajichlab/shared/projects/Caulerpa/annotation/quast_results/results_2022_01_03_14_07_58/busco_stats/run_Caulerpa_racemosa_spades-ragtag-scaffolds-kept5000/augustus_output/extracted_proteins/EOG09370DP4.faa.1 for reading
[hmmsearch]	Error: Failed to open sequence file /bigdata/stajichlab/shared/projects/Caulerpa/annotation/quast_results/results_2022_01_03_14_07_58/busco_stats/run_Caulerpa_racemosa_spades-ragtag-scaffolds-kept5000/augustus_output/extracted_proteins/EOG0937092W.faa.1 for reading
[hmmsearch]	Error: Failed to open sequence file /bigdata/stajichlab/shared/projects/Caulerpa/annotation/quast_results/results_2022_01_03_14_07_58/busco_stats/run_Caulerpa_racemosa_spades-ragtag-scaffolds-kept5000/augustus_output/extracted_proteins/EOG0937036L.faa.1 for reading
[hmmsearch]	Error: Failed to open sequence file /bigdata/stajichlab/shared/projects/Caulerpa/annotation/quast_results/results_2022_01_03_14_07_58/busco_stats/run_Caulerpa_racemosa_spades-ragtag-scaffolds-kept5000/augustus_output/extracted_proteins/EOG09370K1R.faa.2 for reading
[hmmsearch]	Error: Failed to open sequence file /bigdata/stajichlab/shared/projects/Caulerpa/annotation/quast_results/results_2022_01_03_14_07_58/busco_stats/run_Caulerpa_racemosa_spades-ragtag-scaffolds-kept5000/augustus_output/extracted_proteins/EOG09370BJE.faa.1 for reading
[hmmsearch]	Error: Failed to open sequence file /bigdata/stajichlab/shared/projects/Caulerpa/annotation/quast_results/results_2022_01_03_14_07_58/busco_stats/run_Caulerpa_racemosa_spades-ragtag-scaffolds-kept5000/augustus_output/extracted_proteins/EOG09370WYG.faa.1 for reading
[hmmsearch]	Error: Failed to open sequence file /bigdata/stajichlab/shared/projects/Caulerpa/annotation/quast_results/results_2022_01_03_14_07_58/busco_stats/run_Caulerpa_racemosa_spades-ragtag-scaffolds-kept5000/augustus_output/extracted_proteins/EOG09370WYG.faa.3 for reading
[hmmsearch]	Error: Failed to open sequence file /bigdata/stajichlab/shared/projects/Caulerpa/annotation/quast_results/results_2022_01_03_14_07_58/busco_stats/run_Caulerpa_racemosa_spades-ragtag-scaffolds-kept5000/augustus_output/extracted_proteins/EOG09370P2W.faa.1 for reading
[hmmsearch]	Error: Failed to open sequence file /bigdata/stajichlab/shared/projects/Caulerpa/annotation/quast_results/results_2022_01_03_14_07_58/busco_stats/run_Caulerpa_racemosa_spades-ragtag-scaffolds-kept5000/augustus_output/extracted_proteins/EOG09370TG2.faa.1 for reading
[hmmsearch]	Error: Failed to open sequence file /bigdata/stajichlab/shared/projects/Caulerpa/annotation/quast_results/results_2022_01_03_14_07_58/busco_stats/run_Caulerpa_racemosa_spades-ragtag-scaffolds-kept5000/augustus_output/extracted_proteins/EOG09370OGW.faa.1 for reading
[hmmsearch]	Error: Failed to open sequence file /bigdata/stajichlab/shared/projects/Caulerpa/annotation/quast_results/results_2022_01_03_14_07_58/busco_stats/run_Caulerpa_racemosa_spades-ragtag-scaffolds-kept5000/augustus_output/extracted_proteins/EOG09370U71.faa.2 for reading
[hmmsearch]	Error: Failed to open sequence file /bigdata/stajichlab/shared/projects/Caulerpa/annotation/quast_results/results_2022_01_03_14_07_58/busco_stats/run_Caulerpa_racemosa_spades-ragtag-scaffolds-kept5000/augustus_output/extracted_proteins/EOG09370CF1.faa.1 for reading
[hmmsearch]	Error: Failed to open sequence file /bigdata/stajichlab/shared/projects/Caulerpa/annotation/quast_results/results_2022_01_03_14_07_58/busco_stats/run_Caulerpa_racemosa_spades-ragtag-scaffolds-kept5000/augustus_output/extracted_proteins/EOG0937004M.faa.1 for reading
[hmmsearch]	Error: Failed to open sequence file /bigdata/stajichlab/shared/projects/Caulerpa/annotation/quast_results/results_2022_01_03_14_07_58/busco_stats/run_Caulerpa_racemosa_spades-ragtag-scaffolds-kept5000/augustus_output/extracted_proteins/EOG09370IF5.faa.1 for reading
[hmmsearch]	Error: Failed to open sequence file /bigdata/stajichlab/shared/projects/Caulerpa/annotation/quast_results/results_2022_01_03_14_07_58/busco_stats/run_Caulerpa_racemosa_spades-ragtag-scaffolds-kept5000/augustus_output/extracted_proteins/EOG09370L23.faa.1 for reading
[hmmsearch]	Error: Failed to open sequence file /bigdata/stajichlab/shared/projects/Caulerpa/annotation/quast_results/results_2022_01_03_14_07_58/busco_stats/run_Caulerpa_racemosa_spades-ragtag-scaffolds-kept5000/augustus_output/extracted_proteins/EOG09370YSI.faa.2 for reading
[hmmsearch]	Error: Failed to open sequence file /bigdata/stajichlab/shared/projects/Caulerpa/annotation/quast_results/results_2022_01_03_14_07_58/busco_stats/run_Caulerpa_racemosa_spades-ragtag-scaffolds-kept5000/augustus_output/extracted_proteins/EOG09370LFI.faa.1 for reading
[hmmsearch]	Error: Failed to open sequence file /bigdata/stajichlab/shared/projects/Caulerpa/annotation/quast_results/results_2022_01_03_14_07_58/busco_stats/run_Caulerpa_racemosa_spades-ragtag-scaffolds-kept5000/augustus_output/extracted_proteins/EOG09370AL3.faa.2 for reading
[hmmsearch]	Error: Failed to open sequence file /bigdata/stajichlab/shared/projects/Caulerpa/annotation/quast_results/results_2022_01_03_14_07_58/busco_stats/run_Caulerpa_racemosa_spades-ragtag-scaffolds-kept5000/augustus_output/extracted_proteins/EOG0937060I.faa.2 for reading
[hmmsearch]	Error: Failed to open sequence file /bigdata/stajichlab/shared/projects/Caulerpa/annotation/quast_results/results_2022_01_03_14_07_58/busco_stats/run_Caulerpa_racemosa_spades-ragtag-scaffolds-kept5000/augustus_output/extracted_proteins/EOG09370VLM.faa.1 for reading
[hmmsearch]	Error: Failed to open sequence file /bigdata/stajichlab/shared/projects/Caulerpa/annotation/quast_results/results_2022_01_03_14_07_58/busco_stats/run_Caulerpa_racemosa_spades-ragtag-scaffolds-kept5000/augustus_output/extracted_proteins/EOG09370OS5.faa.1 for reading
[hmmsearch]	Error: Failed to open sequence file /bigdata/stajichlab/shared/projects/Caulerpa/annotation/quast_results/results_2022_01_03_14_07_58/busco_stats/run_Caulerpa_racemosa_spades-ragtag-scaffolds-kept5000/augustus_output/extracted_proteins/EOG09370MHI.faa.1 for reading
[hmmsearch]	Error: Failed to open sequence file /bigdata/stajichlab/shared/projects/Caulerpa/annotation/quast_results/results_2022_01_03_14_07_58/busco_stats/run_Caulerpa_racemosa_spades-ragtag-scaffolds-kept5000/augustus_output/extracted_proteins/EOG09370GIK.faa.2 for reading
[hmmsearch]	Error: Failed to open sequence file /bigdata/stajichlab/shared/projects/Caulerpa/annotation/quast_results/results_2022_01_03_14_07_58/busco_stats/run_Caulerpa_racemosa_spades-ragtag-scaffolds-kept5000/augustus_output/extracted_proteins/EOG09370X1T.faa.1 for reading
[hmmsearch]	Error: Failed to open sequence file /bigdata/stajichlab/shared/projects/Caulerpa/annotation/quast_results/results_2022_01_03_14_07_58/busco_stats/run_Caulerpa_racemosa_spades-ragtag-scaffolds-kept5000/augustus_output/extracted_proteins/EOG09370P5Q.faa.1 for reading
[hmmsearch]	Error: Failed to open sequence file /bigdata/stajichlab/shared/projects/Caulerpa/annotation/quast_results/results_2022_01_03_14_07_58/busco_stats/run_Caulerpa_racemosa_spades-ragtag-scaffolds-kept5000/augustus_output/extracted_proteins/EOG0937068H.faa.1 for reading
[hmmsearch]	Error: Failed to open sequence file /bigdata/stajichlab/shared/projects/Caulerpa/annotation/quast_results/results_2022_01_03_14_07_58/busco_stats/run_Caulerpa_racemosa_spades-ragtag-scaffolds-kept5000/augustus_output/extracted_proteins/EOG09370YC4.faa.2 for reading
[hmmsearch]	Error: Failed to open sequence file /bigdata/stajichlab/shared/projects/Caulerpa/annotation/quast_results/results_2022_01_03_14_07_58/busco_stats/run_Caulerpa_racemosa_spades-ragtag-scaffolds-kept5000/augustus_output/extracted_proteins/EOG09370R3M.faa.1 for reading
[hmmsearch]	Error: Failed to open sequence file /bigdata/stajichlab/shared/projects/Caulerpa/annotation/quast_results/results_2022_01_03_14_07_58/busco_stats/run_Caulerpa_racemosa_spades-ragtag-scaffolds-kept5000/augustus_output/extracted_proteins/EOG09370LYY.faa.1 for reading
[hmmsearch]	Error: Failed to open sequence file /bigdata/stajichlab/shared/projects/Caulerpa/annotation/quast_results/results_2022_01_03_14_07_58/busco_stats/run_Caulerpa_racemosa_spades-ragtag-scaffolds-kept5000/augustus_output/extracted_proteins/EOG09370CZT.faa.1 for reading
[hmmsearch]	Error: Failed to open sequence file /bigdata/stajichlab/shared/projects/Caulerpa/annotation/quast_results/results_2022_01_03_14_07_58/busco_stats/run_Caulerpa_racemosa_spades-ragtag-scaffolds-kept5000/augustus_output/extracted_proteins/EOG09370CZT.faa.3 for reading
[hmmsearch]	Error: Failed to open sequence file /bigdata/stajichlab/shared/projects/Caulerpa/annotation/quast_results/results_2022_01_03_14_07_58/busco_stats/run_Caulerpa_racemosa_spades-ragtag-scaffolds-kept5000/augustus_output/extracted_proteins/EOG093703C8.faa.1 for reading
[hmmsearch]	Error: Failed to open sequence file /bigdata/stajichlab/shared/projects/Caulerpa/annotation/quast_results/results_2022_01_03_14_07_58/busco_stats/run_Caulerpa_racemosa_spades-ragtag-scaffolds-kept5000/augustus_output/extracted_proteins/EOG093712Q6.faa.1 for reading
[hmmsearch]	Error: Failed to open sequence file /bigdata/stajichlab/shared/projects/Caulerpa/annotation/quast_results/results_2022_01_03_14_07_58/busco_stats/run_Caulerpa_racemosa_spades-ragtag-scaffolds-kept5000/augustus_output/extracted_proteins/EOG09370K15.faa.1 for reading
[hmmsearch]	Error: Failed to open sequence file /bigdata/stajichlab/shared/projects/Caulerpa/annotation/quast_results/results_2022_01_03_14_07_58/busco_stats/run_Caulerpa_racemosa_spades-ragtag-scaffolds-kept5000/augustus_output/extracted_proteins/EOG093710A7.faa.1 for reading
[hmmsearch]	Error: Failed to open sequence file /bigdata/stajichlab/shared/projects/Caulerpa/annotation/quast_results/results_2022_01_03_14_07_58/busco_stats/run_Caulerpa_racemosa_spades-ragtag-scaffolds-kept5000/augustus_output/extracted_proteins/EOG09370J9L.faa.1 for reading
[hmmsearch]	Error: Failed to open sequence file /bigdata/stajichlab/shared/projects/Caulerpa/annotation/quast_results/results_2022_01_03_14_07_58/busco_stats/run_Caulerpa_racemosa_spades-ragtag-scaffolds-kept5000/augustus_output/extracted_proteins/EOG09370C5A.faa.1 for reading
[hmmsearch]	Error: Failed to open sequence file /bigdata/stajichlab/shared/projects/Caulerpa/annotation/quast_results/results_2022_01_03_14_07_58/busco_stats/run_Caulerpa_racemosa_spades-ragtag-scaffolds-kept5000/augustus_output/extracted_proteins/EOG0937017X.faa.2 for reading
[hmmsearch]	Error: Failed to open sequence file /bigdata/stajichlab/shared/projects/Caulerpa/annotation/quast_results/results_2022_01_03_14_07_58/busco_stats/run_Caulerpa_racemosa_spades-ragtag-scaffolds-kept5000/augustus_output/extracted_proteins/EOG0937091Y.faa.1 for reading
[hmmsearch]	Error: Failed to open sequence file /bigdata/stajichlab/shared/projects/Caulerpa/annotation/quast_results/results_2022_01_03_14_07_58/busco_stats/run_Caulerpa_racemosa_spades-ragtag-scaffolds-kept5000/augustus_output/extracted_proteins/EOG093702PE.faa.1 for reading
[hmmsearch]	Error: Failed to open sequence file /bigdata/stajichlab/shared/projects/Caulerpa/annotation/quast_results/results_2022_01_03_14_07_58/busco_stats/run_Caulerpa_racemosa_spades-ragtag-scaffolds-kept5000/augustus_output/extracted_proteins/EOG093704Q0.faa.1 for reading
[hmmsearch]	Error: Failed to open sequence file /bigdata/stajichlab/shared/projects/Caulerpa/annotation/quast_results/results_2022_01_03_14_07_58/busco_stats/run_Caulerpa_racemosa_spades-ragtag-scaffolds-kept5000/augustus_output/extracted_proteins/EOG09370BQO.faa.1 for reading
[hmmsearch]	Error: Failed to open sequence file /bigdata/stajichlab/shared/projects/Caulerpa/annotation/quast_results/results_2022_01_03_14_07_58/busco_stats/run_Caulerpa_racemosa_spades-ragtag-scaffolds-kept5000/augustus_output/extracted_proteins/EOG09371431.faa.1 for reading
[hmmsearch]	Error: Failed to open sequence file /bigdata/stajichlab/shared/projects/Caulerpa/annotation/quast_results/results_2022_01_03_14_07_58/busco_stats/run_Caulerpa_racemosa_spades-ragtag-scaffolds-kept5000/augustus_output/extracted_proteins/EOG09370GJ7.faa.1 for reading
[hmmsearch]	Error: Failed to open sequence file /bigdata/stajichlab/shared/projects/Caulerpa/annotation/quast_results/results_2022_01_03_14_07_58/busco_stats/run_Caulerpa_racemosa_spades-ragtag-scaffolds-kept5000/augustus_output/extracted_proteins/EOG09370OFR.faa.1 for reading
[hmmsearch]	Error: Failed to open sequence file /bigdata/stajichlab/shared/projects/Caulerpa/annotation/quast_results/results_2022_01_03_14_07_58/busco_stats/run_Caulerpa_racemosa_spades-ragtag-scaffolds-kept5000/augustus_output/extracted_proteins/EOG093718EG.faa.1 for reading
[hmmsearch]	Error: Failed to open sequence file /bigdata/stajichlab/shared/projects/Caulerpa/annotation/quast_results/results_2022_01_03_14_07_58/busco_stats/run_Caulerpa_racemosa_spades-ragtag-scaffolds-kept5000/augustus_output/extracted_proteins/EOG09370AI8.faa.1 for reading
[hmmsearch]	Error: Failed to open sequence file /bigdata/stajichlab/shared/projects/Caulerpa/annotation/quast_results/results_2022_01_03_14_07_58/busco_stats/run_Caulerpa_racemosa_spades-ragtag-scaffolds-kept5000/augustus_output/extracted_proteins/EOG09370JZ3.faa.1 for reading
