[hmmsearch]	Error: Failed to open sequence file /bigdata/stajichlab/shared/projects/Caulerpa/annotation/quast_results/results_2022_01_03_14_07_58/busco_stats/run_Caulerpa_lentillifera_spades-ragtag-scaffolds-kept5000/augustus_output/extracted_proteins/EOG0937106D.faa.1 for reading
[hmmsearch]	Error: Failed to open sequence file /bigdata/stajichlab/shared/projects/Caulerpa/annotation/quast_results/results_2022_01_03_14_07_58/busco_stats/run_Caulerpa_lentillifera_spades-ragtag-scaffolds-kept5000/augustus_output/extracted_proteins/EOG09370RJN.faa.1 for reading
[hmmsearch]	Error: Failed to open sequence file /bigdata/stajichlab/shared/projects/Caulerpa/annotation/quast_results/results_2022_01_03_14_07_58/busco_stats/run_Caulerpa_lentillifera_spades-ragtag-scaffolds-kept5000/augustus_output/extracted_proteins/EOG093704HC.faa.3 for reading
[hmmsearch]	Error: Failed to open sequence file /bigdata/stajichlab/shared/projects/Caulerpa/annotation/quast_results/results_2022_01_03_14_07_58/busco_stats/run_Caulerpa_lentillifera_spades-ragtag-scaffolds-kept5000/augustus_output/extracted_proteins/EOG093702MJ.faa.1 for reading
[hmmsearch]	Error: Failed to open sequence file /bigdata/stajichlab/shared/projects/Caulerpa/annotation/quast_results/results_2022_01_03_14_07_58/busco_stats/run_Caulerpa_lentillifera_spades-ragtag-scaffolds-kept5000/augustus_output/extracted_proteins/EOG09370LMP.faa.1 for reading
[hmmsearch]	Error: Failed to open sequence file /bigdata/stajichlab/shared/projects/Caulerpa/annotation/quast_results/results_2022_01_03_14_07_58/busco_stats/run_Caulerpa_lentillifera_spades-ragtag-scaffolds-kept5000/augustus_output/extracted_proteins/EOG09371BIR.faa.1 for reading
[hmmsearch]	Error: Failed to open sequence file /bigdata/stajichlab/shared/projects/Caulerpa/annotation/quast_results/results_2022_01_03_14_07_58/busco_stats/run_Caulerpa_lentillifera_spades-ragtag-scaffolds-kept5000/augustus_output/extracted_proteins/EOG093704HC.faa.1 for reading
[hmmsearch]	Error: Failed to open sequence file /bigdata/stajichlab/shared/projects/Caulerpa/annotation/quast_results/results_2022_01_03_14_07_58/busco_stats/run_Caulerpa_lentillifera_spades-ragtag-scaffolds-kept5000/augustus_output/extracted_proteins/EOG09370UID.faa.2 for reading
[hmmsearch]	Error: Failed to open sequence file /bigdata/stajichlab/shared/projects/Caulerpa/annotation/quast_results/results_2022_01_03_14_07_58/busco_stats/run_Caulerpa_lentillifera_spades-ragtag-scaffolds-kept5000/augustus_output/extracted_proteins/EOG0937167R.faa.1 for reading
[hmmsearch]	Error: Failed to open sequence file /bigdata/stajichlab/shared/projects/Caulerpa/annotation/quast_results/results_2022_01_03_14_07_58/busco_stats/run_Caulerpa_lentillifera_spades-ragtag-scaffolds-kept5000/augustus_output/extracted_proteins/EOG09370N7W.faa.1 for reading
[hmmsearch]	Error: Failed to open sequence file /bigdata/stajichlab/shared/projects/Caulerpa/annotation/quast_results/results_2022_01_03_14_07_58/busco_stats/run_Caulerpa_lentillifera_spades-ragtag-scaffolds-kept5000/augustus_output/extracted_proteins/EOG093707VQ.faa.2 for reading
[hmmsearch]	Error: Failed to open sequence file /bigdata/stajichlab/shared/projects/Caulerpa/annotation/quast_results/results_2022_01_03_14_07_58/busco_stats/run_Caulerpa_lentillifera_spades-ragtag-scaffolds-kept5000/augustus_output/extracted_proteins/EOG093711LC.faa.1 for reading
[hmmsearch]	Error: Failed to open sequence file /bigdata/stajichlab/shared/projects/Caulerpa/annotation/quast_results/results_2022_01_03_14_07_58/busco_stats/run_Caulerpa_lentillifera_spades-ragtag-scaffolds-kept5000/augustus_output/extracted_proteins/EOG09370FN1.faa.1 for reading
[hmmsearch]	Error: Failed to open sequence file /bigdata/stajichlab/shared/projects/Caulerpa/annotation/quast_results/results_2022_01_03_14_07_58/busco_stats/run_Caulerpa_lentillifera_spades-ragtag-scaffolds-kept5000/augustus_output/extracted_proteins/EOG093701SQ.faa.1 for reading
[hmmsearch]	Error: Failed to open sequence file /bigdata/stajichlab/shared/projects/Caulerpa/annotation/quast_results/results_2022_01_03_14_07_58/busco_stats/run_Caulerpa_lentillifera_spades-ragtag-scaffolds-kept5000/augustus_output/extracted_proteins/EOG093701SQ.faa.3 for reading
[hmmsearch]	Error: Failed to open sequence file /bigdata/stajichlab/shared/projects/Caulerpa/annotation/quast_results/results_2022_01_03_14_07_58/busco_stats/run_Caulerpa_lentillifera_spades-ragtag-scaffolds-kept5000/augustus_output/extracted_proteins/EOG09370TBD.faa.1 for reading
[hmmsearch]	Error: Failed to open sequence file /bigdata/stajichlab/shared/projects/Caulerpa/annotation/quast_results/results_2022_01_03_14_07_58/busco_stats/run_Caulerpa_lentillifera_spades-ragtag-scaffolds-kept5000/augustus_output/extracted_proteins/EOG093709JG.faa.1 for reading
[hmmsearch]	Error: Failed to open sequence file /bigdata/stajichlab/shared/projects/Caulerpa/annotation/quast_results/results_2022_01_03_14_07_58/busco_stats/run_Caulerpa_lentillifera_spades-ragtag-scaffolds-kept5000/augustus_output/extracted_proteins/EOG093701IQ.faa.1 for reading
[hmmsearch]	Error: Failed to open sequence file /bigdata/stajichlab/shared/projects/Caulerpa/annotation/quast_results/results_2022_01_03_14_07_58/busco_stats/run_Caulerpa_lentillifera_spades-ragtag-scaffolds-kept5000/augustus_output/extracted_proteins/EOG093701IQ.faa.3 for reading
[hmmsearch]	Error: Failed to open sequence file /bigdata/stajichlab/shared/projects/Caulerpa/annotation/quast_results/results_2022_01_03_14_07_58/busco_stats/run_Caulerpa_lentillifera_spades-ragtag-scaffolds-kept5000/augustus_output/extracted_proteins/EOG093703DY.faa.1 for reading
[hmmsearch]	Error: Failed to open sequence file /bigdata/stajichlab/shared/projects/Caulerpa/annotation/quast_results/results_2022_01_03_14_07_58/busco_stats/run_Caulerpa_lentillifera_spades-ragtag[hmmsearch]	36 of 179 task(s) completed at 01/03/2022 14:12:46
[hmmsearch]	54 of 179 task(s) completed at 01/03/2022 14:12:46
[hmmsearch]	72 of 179 task(s) completed at 01/03/2022 14:12:46
[hmmsearch]	90 of 179 task(s) completed at 01/03/2022 14:12:46
[hmmsearch]	108 of 179 task(s) completed at 01/03/2022 14:12:46
[hmmsearch]	126 of 179 task(s) completed at 01/03/2022 14:12:46
[hmmsearch]	144 of 179 task(s) completed at 01/03/2022 14:12:46
[hmmsearch]	162 of 179 task(s) completed at 01/03/2022 14:12:46
[hmmsearch]	179 of 179 task(s) completed at 01/03/2022 14:12:46
Results:
C:0.0%[S:0.0%,D:0.0%],F:0.0%,M:100.0%,n:303
0 Complete BUSCOs (C)
0 Complete and single-copy BUSCOs (S)
0 Complete and duplicated BUSCOs (D)
0 Fragmented BUSCOs (F)
303 Missing BUSCOs (M)
303 Total BUSCO groups searched
BUSCO did not find any match. Do not forget to check the file /bigdata/stajichlab/shared/projects/Caulerpa/annotation/quast_results/results_2022_01_03_14_07_58/busco_stats/run_Caulerpa_lentillifera_spades-ragtag-scaffolds-kept5000/augustus_output/augustus.log to exclude a problem regarding Augustus
[bash]	rm: cannot remove ‘/bigdata/stajichlab/shared/projects/Caulerpa/annotation/quast_results/results_2022_01_03_14_07_58/busco_stats/tmp/temp_Caulerpa_lentillifera_spades-ragtag-scaffolds-kept5000_3454683084’: No such file or directory
BUSCO analysis done with WARNING(s). Total running time: 278.4243948459625 seconds
Results written in /bigdata/stajichlab/shared/projects/Caulerpa/annotation/quast_results/results_2022_01_03_14_07_58/busco_stats/run_Caulerpa_lentillifera_spades-ragtag-scaffolds-kept5000/

lts_2022_01_03_14_07_58/busco_stats/run_Caulerpa_lentillifera_spades-ragtag-scaffolds-kept5000/augustus_output/extracted_proteins/EOG09370AJP.faa.2 for reading
[hmmsearch]	Error: Failed to open sequence file /bigdata/stajichlab/shared/projects/Caulerpa/annotation/quast_results/results_2022_01_03_14_07_58/busco_stats/run_Caulerpa_lentillifera_spades-ragtag-scaffolds-kept5000/augustus_output/extracted_proteins/EOG09370SV2.faa.1 for reading
[hmmsearch]	Error: Failed to open sequence file /bigdata/stajichlab/shared/projects/Caulerpa/annotation/quast_results/results_2022_01_03_14_07_58/busco_stats/run_Caulerpa_lentillifera_spades-ragtag-scaffolds-kept5000/augustus_output/extracted_proteins/EOG09370D13.faa.2 for reading
[hmmsearch]	Error: Failed to open sequence file /bigdata/stajichlab/shared/projects/Caulerpa/annotation/quast_results/results_2022_01_03_14_07_58/busco_stats/run_Caulerpa_lentillifera_spades-ragtag-scaffolds-kept5000/augustus_output/extracted_proteins/EOG09370H3E.faa.2 for reading
[hmmsearch]	Error: Failed to open sequence file /bigdata/stajichlab/shared/projects/Caulerpa/annotation/quast_results/results_2022_01_03_14_07_58/busco_stats/run_Caulerpa_lentillifera_spades-ragtag-scaffolds-kept5000/augustus_output/extracted_proteins/EOG09370CTU.faa.1 for reading
[hmmsearch]	Error: Failed to open sequence file /bigdata/stajichlab/shared/projects/Caulerpa/annotation/quast_results/results_2022_01_03_14_07_58/busco_stats/run_Caulerpa_lentillifera_spades-ragtag-scaffolds-kept5000/augustus_output/extracted_proteins/EOG09370M9E.faa.2 for reading
[hmmsearch]	Error: Failed to open sequence file /bigdata/stajichlab/shared/projects/Caulerpa/annotation/quast_results/results_2022_01_03_14_07_58/busco_stats/run_Caulerpa_lentillifera_spades-ragtag-scaffolds-kept5000/augustus_output/extracted_proteins/EOG093707HK.faa.1 for reading
[hmmsearch]	Error: Failed to open sequence file /bigdata/stajichlab/shared/projects/Caulerpa/annotation/quast_results/results_2022_01_03_14_07_58/busco_stats/run_Caulerpa_lentillifera_spades-ragtag-scaffolds-kept5000/augustus_output/extracted_proteins/EOG09370ADO.faa.2 for reading
[hmmsearch]	Error: Failed to open sequence file /bigdata/stajichlab/shared/projects/Caulerpa/annotation/quast_results/results_2022_01_03_14_07_58/busco_stats/run_Caulerpa_lentillifera_spades-ragtag-scaffolds-kept5000/augustus_output/extracted_proteins/EOG093717LU.faa.1 for reading
[hmmsearch]	Error: Failed to open sequence file /bigdata/stajichlab/shared/projects/Caulerpa/annotation/quast_results/results_2022_01_03_14_07_58/busco_stats/run_Caulerpa_lentillifera_spades-ragtag-scaffolds-kept5000/augustus_output/extracted_proteins/EOG09370FSS.faa.1 for reading
[hmmsearch]	Error: Failed to open sequence file /bigdata/stajichlab/shared/projects/Caulerpa/annotation/quast_results/results_2022_01_03_14_07_58/busco_stats/run_Caulerpa_lentillifera_spades-ragtag-scaffolds-kept5000/augustus_output/extracted_proteins/EOG09370EHZ.faa.2 for reading
[hmmsearch]	Error: Failed to open sequence file /bigdata/stajichlab/shared/projects/Caulerpa/annotation/quast_results/results_2022_01_03_14_07_58/busco_stats/run_Caulerpa_lentillifera_spades-ragtag-scaffolds-kept5000/augustus_output/extracted_proteins/EOG09370CAV.faa.2 for reading
[hmmsearch]	Error: Failed to open sequence file /bigdata/stajichlab/shared/projects/Caulerpa/annotation/quast_results/results_2022_01_03_14_07_58/busco_stats/run_Caulerpa_lentillifera_spades-ragtag-scaffolds-kept5000/augustus_output/extracted_proteins/EOG093703WD.faa.1 for reading
[hmmsearch]	Error: Failed to open sequence file /bigdata/stajichlab/shared/projects/Caulerpa/annotation/quast_results/results_2022_01_03_14_07_58/busco_stats/run_Caulerpa_lentillifera_spades-ragtag-scaffolds-kept5000/augustus_output/extracted_proteins/EOG09370S0F.faa.1 for reading
[hmmsearch]	Error: Failed to open sequence file /bigdata/stajichlab/shared/projects/Caulerpa/annotation/quast_results/results_2022_01_03_14_07_58/busco_stats/run_Caulerpa_lentillifera_spades-ragtag-scaffolds-kept5000/augustus_output/extracted_proteins/EOG093701EE.faa.2 for reading
[hmmsearch]	Error: Failed to open sequence file /bigdata/stajichlab/shared/projects/Caulerpa/annotation/quast_results/results_2022_01_03_14_07_58/busco_stats/run_Caulerpa_lentillifera_spades-ragtag-scaffolds-kept5000/augustus_output/extracted_proteins/EOG09370CAN.faa.1 for reading
[hmmsearch]	Error: Failed to open sequence file /bigdata/stajichlab/shared/projects/Caulerpa/annotation/quast_results/results_2022_01_03_14_07_58/busco_stats/run_Caulerpa_lentillifera_spades-ragtag-scaffolds-kept5000/augustus_output/extracted_proteins/EOG09370BYX.faa.1 for reading
[hmmsearch]	Error: Failed to open sequence file /bigdata/stajichlab/shared/projects/Caulerpa/annotation/quast_results/results_2022_01_03_14_07_58/busco_stats/run_Caulerpa_lentillifera_spades-ragtag-scaffolds-kept5000/augustus_output/extracted_proteins/EOG09370BYX.faa.3 for reading
[hmmsearch]	Error: Failed to open sequence file /bigdata/stajichlab/shared/projects/Caulerpa/annotation/quast_results/results_2022_01_03_14_07_58/busco_stats/run_Caulerpa_lentillifera_spades-ragtag-scaffolds-kept5000/augustus_output/extracted_proteins/EOG09370FLD.faa.1 for reading
[hmmsearch]	Error: Failed to open sequence file /bigdata/stajichlab/shared/projects/Caulerpa/annotation/quast_results/results_2022_01_03_14_07_58/busco_stats/run_Caulerpa_lentillifera_spades-ragtag-scaffolds-kept5000/augustus_output/extracted_proteins/EOG09370V9R.faa.1 for reading
[hmmsearch]	Error: Failed to open sequence file /bigdata/stajichlab/shared/projects/Caulerpa/annotation/quast_results/results_2022_01_03_14_07_58/busco_stats/run_Caulerpa_lentillifera_spades-ragtag-scaffolds-kept5000/augustus_output/extracted_proteins/EOG093702DP.faa.1 for reading
[hmmsearch]	Error: Failed to open sequence file /bigdata/stajichlab/shared/projects/Caulerpa/annotation/quast_results/results_2022_01_03_14_07_58/busco_stats/run_Caulerpa_lentillifera_spades-ragtag-scaffolds-kept5000/augustus_output/extracted_proteins/EOG09370ZI7.faa.1 for reading
[hmmsearch]	Error: Failed to open sequence file /bigdata/stajichlab/shared/projects/Caulerpa/annotation/quast_results/results_2022_01_03_14_07_58/busco_stats/run_Caulerpa_lentillifera_spades-ragtag-scaffolds-kept5000/augustus_output/extracted_proteins/EOG09370E8S.faa.1 for reading
[hmmsearch]	Error: Failed to open sequence file /bigdata/stajichlab/shared/projects/Caulerpa/annotation/quast_results/results_2022_01_03_14_07_58/busco_stats/run_Caulerpa_lentillifera_spades-ragtag-scaffolds-kept5000/augustus_output/extracted_proteins/EOG093704J7.faa.2 for reading
[hmmsearch]	Error: Failed to open sequence file /bigdata/stajichlab/shared/projects/Caulerpa/annotation/quast_results/results_2022_01_03_14_07_58/busco_stats/run_Caulerpa_lentillifera_spades-ragtag-scaffolds-kept5000/augustus_output/extracted_proteins/EOG09370MQ0.faa.1 for reading
[hmmsearch]	Error: Failed to open sequence file /bigdata/stajichlab/shared/projects/Caulerpa/annotation/quast_results/results_2022_01_03_14_07_58/busco_stats/run_Caulerpa_lentillifera_spades-ragtag-scaffolds-kept5000/augustus_output/extracted_proteins/EOG09370TBG.faa.1 for reading
[hmmsearch]	Error: Failed to open sequence file /bigdata/stajichlab/shared/projects/Caulerpa/annotation/quast_results/results_2022_01_03_14_07_58/busco_stats/run_Caulerpa_lentillifera_spades-ragtag-scaffolds-kept5000/augustus_output/extracted_proteins/EOG09370TBG.faa.3 for reading
[hmmsearch]	Error: Failed to open sequence file /bigdata/stajichlab/shared/projects/Caulerpa/annotation/quast_results/results_2022_01_03_14_07_58/busco_stats/run_Caulerpa_lentillifera_spades-ragtag-scaffolds-kept5000/augustus_output/extracted_proteins/EOG09370DV4.faa.1 for reading
[hmmsearch]	Error: Failed to open sequence file /bigdata/stajichlab/shared/projects/Caulerpa/annotation/quast_results/results_2022_01_03_14_07_58/busco_stats/run_Caulerpa_lentillifera_spades-ragtag-scaffolds-kept5000/augustus_output/extracted_proteins/EOG09370IH5.faa.1 for reading
[hmmsearch]	Error: Failed to open sequence file /bigdata/stajichlab/shared/projects/Caulerpa/annotation/quast_results/results_2022_01_03_14_07_58/busco_stats/run_Caulerpa_lentillifera_spades-ragtag-scaffolds-kept5000/augustus_output/extracted_proteins/EOG093705VV.faa.1 for reading
[hmmsearch]	Error: Failed to open sequence file /bigdata/stajichlab/shared/projects/Caulerpa/annotation/quast_results/results_2022_01_03_14_07_58/busco_stats/run_Caulerpa_lentillifera_spades-ragtag-scaffolds-kept5000/augustus_output/extracted_proteins/EOG09370GHM.faa.2 for reading
[hmmsearch]	Error: Failed to open sequence file /bigdata/stajichlab/shared/projects/Caulerpa/annotation/quast_results/results_2022_01_03_14_07_58/busco_stats/run_Caulerpa_lentillifera_spades-ragtag-scaffolds-kept5000/augustus_output/extracted_proteins/EOG093705DM.faa.1 for reading
[hmmsearch]	Error: Failed to open sequence file /bigdata/stajichlab/shared/projects/Caulerpa/annotation/quast_results/results_2022_01_03_14_07_58/busco_stats/run_Caulerpa_lentillifera_spades-ragtag-scaffolds-kept5000/augustus_output/extracted_proteins/EOG09370TFO.faa.2 for reading
[hmmsearch]	Error: Failed to open sequence file /bigdata/stajichlab/shared/projects/Caulerpa/annotation/quast_results/results_2022_01_03_14_07_58/busco_stats/run_Caulerpa_lentillifera_spades-ragtag-scaffolds-kept5000/augustus_output/extracted_proteins/EOG0937033T.faa.1 for reading
[hmmsearch]	Error: Failed to open sequence file /bigdata/stajichlab/shared/projects/Caulerpa/annotation/quast_results/results_2022_01_03_14_07_58/busco_stats/run_Caulerpa_lentillifera_spades-ragtag-scaffolds-kept5000/augustus_output/extracted_proteins/EOG09370TH4.faa.1 for reading
[hmmsearch]	Error: Failed to open sequence file /bigdata/stajichlab/shared/projects/Caulerpa/annotation/quast_results/results_2022_01_03_14_07_58/busco_stats/run_Caulerpa_lentillifera_spades-ragtag-scaffolds-kept5000/augustus_output/extracted_proteins/EOG09370NIG.faa.1 for reading
[hmmsearch]	Error: Failed to open sequence file /bigdata/stajichlab/shared/projects/Caulerpa/annotation/quast_results/results_2022_01_03_14_07_58/busco_stats/run_Caulerpa_lentillifera_spades-ragtag-scaffolds-kept5000/augustus_output/extracted_proteins/EOG09370L77.faa.1 for reading
[hmmsearch]	Error: Failed to open sequence file /bigdata/stajichlab/shared/projects/Caulerpa/annotation/quast_results/results_2022_01_03_14_07_58/busco_stats/run_Caulerpa_lentillifera_spades-ragtag-scaffolds-kept5000/augustus_output/extracted_proteins/EOG09370MDU.faa.2 for reading
[hmmsearch]	Error: Failed to open sequence file /bigdata/stajichlab/shared/projects/Caulerpa/annotation/quast_results/results_2022_01_03_14_07_58/busco_stats/run_Caulerpa_lentillifera_spades-ragtag-scaffolds-kept5000/augustus_output/extracted_proteins/EOG09370AS9.faa.1 for reading
[hmmsearch]	Error: Failed to open sequence file /bigdata/stajichlab/shared/projects/Caulerpa/annotation/quast_results/results_2022_01_03_14_07_58/busco_stats/run_Caulerpa_lentillifera_spades-ragtag-scaffolds-kept5000/augustus_output/extracted_proteins/EOG093706X0.faa.1 for reading
[hmmsearch]	Error: Failed to open sequence file /bigdata/stajichlab/shared/projects/Caulerpa/annotation/quast_results/results_2022_01_03_14_07_58/busco_stats/run_Caulerpa_lentillifera_spades-ragtag-scaffolds-kept5000/augustus_output/extracted_proteins/EOG0937066G.faa.2 for reading
[hmmsearch]	Error: Failed to open sequence file /bigdata/stajichlab/shared/projects/Caulerpa/annotation/quast_results/results_2022_01_03_14_07_58/busco_stats/run_Caulerpa_lentillifera_spades-ragtag-scaffolds-kept5000/augustus_output/extracted_proteins/EOG093714JU.faa.1 for reading
[hmmsearch]	Error: Failed to open sequence file /bigdata/stajichlab/shared/projects/Caulerpa/annotation/quast_results/results_2022_01_03_14_07_58/busco_stats/run_Caulerpa_lentillifera_spades-ragtag-scaffolds-kept5000/augustus_output/extracted_proteins/EOG093710SY.faa.1 for reading
[hmmsearch]	Error: Failed to open sequence file /bigdata/stajichlab/shared/projects/Caulerpa/annotation/quast_results/results_2022_01_03_14_07_58/busco_stats/run_Caulerpa_lentillifera_spades-ragtag-scaffolds-kept5000/augustus_output/extracted_proteins/EOG09370A22.faa.2 for reading
[hmmsearch]	Error: Failed to open sequence file /bigdata/stajichlab/shared/projects/Caulerpa/annotation/quast_results/results_2022_01_03_14_07_58/busco_stats/run_Caulerpa_lentillifera_spades-ragtag-scaffolds-kept5000/augustus_output/extracted_proteins/EOG093716T7.faa.1 for reading
[hmmsearch]	Error: Failed to open sequence file /bigdata/stajichlab/shared/projects/Caulerpa/annotation/quast_results/results_2022_01_03_14_07_58/busco_stats/run_Caulerpa_lentillifera_spades-ragtag-scaffolds-kept5000/augustus_output/extracted_proteins/EOG093710T1.faa.1 for reading
[hmmsearch]	Error: Failed to open sequence file /bigdata/stajichlab/shared/projects/Caulerpa/annotation/quast_results/results_2022_01_03_14_07_58/busco_stats/run_Caulerpa_lentillifera_spades-ragtag-scaffolds-kept5000/augustus_output/extracted_proteins/EOG093710T1.faa.3 for reading
[hmmsearch]	Error: Failed to open sequence file /bigdata/stajichlab/shared/projects/Caulerpa/annotation/quast_results/results_2022_01_03_14_07_58/busco_stats/run_Caulerpa_lentillifera_spades-ragtag-scaffolds-kept5000/augustus_output/extracted_proteins/EOG093711ZO.faa.1 for reading
[hmmsearch]	Error: Failed to open sequence file /bigdata/stajichlab/shared/projects/Caulerpa/annotation/quast_results/results_2022_01_03_14_07_58/busco_stats/run_Caulerpa_lentillifera_spades-ragtag-scaffolds-kept5000/augustus_output/extracted_proteins/EOG093711ZO.faa.3 for reading
[hmmsearch]	Error: Failed to open sequence file /bigdata/stajichlab/shared/projects/Caulerpa/annotation/quast_results/results_2022_01_03_14_07_58/busco_stats/run_Caulerpa_lentillifera_spades-ragtag-scaffolds-kept5000/augustus_output/extracted_proteins/EOG09370Y63.faa.1 for reading
[hmmsearch]	Error: Failed to open sequence file /bigdata/stajichlab/shared/projects/Caulerpa/annotation/quast_results/results_2022_01_03_14_07_58/busco_stats/run_Caulerpa_lentillifera_spades-ragtag-scaffolds-kept5000/augustus_output/extracted_proteins/EOG09370SYK.faa.1 for reading
[hmmsearch]	Error: Failed to open sequence file /bigdata/stajichlab/shared/projects/Caulerpa/annotation/quast_results/results_2022_01_03_14_07_58/busco_stats/run_Caulerpa_lentillifera_spades-ragtag-scaffolds-kept5000/augustus_output/extracted_proteins/EOG09371330.faa.1 for reading
[hmmsearch]	Error: Failed to open sequence file /bigdata/stajichlab/shared/projects/Caulerpa/annotation/quast_results/results_2022_01_03_14_07_58/busco_stats/run_Caulerpa_lentillifera_spades-ragtag-scaffolds-kept5000/augustus_output/extracted_proteins/EOG09370XO6.faa.2 for reading
[hmmsearch]	Error: Failed to open sequence file /bigdata/stajichlab/shared/projects/Caulerpa/annotation/quast_results/results_2022_01_03_14_07_58/busco_stats/run_Caulerpa_lentillifera_spades-ragtag-scaffolds-kept5000/augustus_output/extracted_proteins/EOG09370I3J.faa.1 for reading
[hmmsearch]	Error: Failed to open sequence file /bigdata/stajichlab/shared/projects/Caulerpa/annotation/quast_results/results_2022_01_03_14_07_58/busco_stats/run_Caulerpa_lentillifera_spades-ragtag-scaffolds-kept5000/augustus_output/extracted_proteins/EOG09370IMU.faa.1 for reading
[hmmsearch]	Error: Failed to open sequence file /bigdata/stajichlab/shared/projects/Caulerpa/annotation/quast_results/results_2022_01_03_14_07_58/busco_stats/run_Caulerpa_lentillifera_spades-ragtag-scaffolds-kept5000/augustus_output/extracted_proteins/EOG09370MMK.faa.2 for reading
[hmmsearch]	Error: Failed to open sequence file /bigdata/stajichlab/shared/projects/Caulerpa/annotation/quast_results/results_2022_01_03_14_07_58/busco_stats/run_Caulerpa_lentillifera_spades-ragtag-scaffolds-kept5000/augustus_output/extracted_proteins/EOG093711QY.faa.1 for reading
[hmmsearch]	Error: Failed to open sequence file /bigdata/stajichlab/shared/projects/Caulerpa/annotation/quast_results/results_2022_01_03_14_07_58/busco_stats/run_Caulerpa_lentillifera_spades-ragtag-scaffolds-kept5000/augustus_output/extracted_proteins/EOG09371675.faa.1 for reading
[hmmsearch]	Error: Failed to open sequence file /bigdata/stajichlab/shared/projects/Caulerpa/annotation/quast_results/results_2022_01_03_14_07_58/busco_stats/run_Caulerpa_lentillifera_spades-ragtag-scaffolds-kept5000/augustus_output/extracted_proteins/EOG09370GK0.faa.1 for reading
[hmmsearch]	Error: Failed to open sequence file /bigdata/stajichlab/shared/projects/Caulerpa/annotation/quast_results/results_2022_01_03_14_07_58/busco_stats/run_Caulerpa_lentillifera_spades-ragtag-scaffolds-kept5000/augustus_output/extracted_proteins/EOG09370AV1.faa.2 for reading
[hmmsearch]	Error: Failed to open sequence file /bigdata/stajichlab/shared/projects/Caulerpa/annotation/quast_results/results_2022_01_03_14_07_58/busco_stats/run_Caulerpa_lentillifera_spades-ragtag-scaffolds-kept5000/augustus_output/extracted_proteins/EOG09370UV4.faa.1 for reading
[hmmsearch]	Error: Failed to open sequence file /bigdata/stajichlab/shared/projects/Caulerpa/annotation/quast_results/results_2022_01_03_14_07_58/busco_stats/run_Caulerpa_lentillifera_spades-ragtag-scaffolds-kept5000/augustus_output/extracted_proteins/EOG093712G8.faa.1 for reading
[hmmsearch]	Error: Failed to open sequence file /bigdata/stajichlab/shared/projects/Caulerpa/annotation/quast_results/results_2022_01_03_14_07_58/busco_stats/run_Caulerpa_lentillifera_spades-ragtag-scaffolds-kept5000/augustus_output/extracted_proteins/EOG093709BZ.faa.1 for reading
[hmmsearch]	Error: Failed to open sequence file /bigdata/stajichlab/shared/projects/Caulerpa/annotation/quast_results/results_2022_01_03_14_07_58/busco_stats/run_Caulerpa_lentillifera_spades-ragtag-scaffolds-kept5000/augustus_output/extracted_proteins/EOG09370MGF.faa.1 for reading
[hmmsearch]	Error: Failed to open sequence file /bigdata/stajichlab/shared/projects/Caulerpa/annotation/quast_results/results_2022_01_03_14_07_58/busco_stats/run_Caulerpa_lentillifera_spades-ragtag-scaffolds-kept5000/augustus_output/extracted_proteins/EOG09370KM9.faa.1 for reading
[hmmsearch]	Error: Failed to open sequence file /bigdata/stajichlab/shared/projects/Caulerpa/annotation/quast_results/results_2022_01_03_14_07_58/busco_stats/run_Caulerpa_lentillifera_spades-ragtag-scaffolds-kept5000/augustus_output/extracted_proteins/EOG09370FWQ.faa.1 for reading
[hmmsearch]	Error: Failed to open sequence file /bigdata/stajichlab/shared/projects/Caulerpa/annotation/quast_results/results_2022_01_03_14_07_58/busco_stats/run_Caulerpa_lentillifera_spades-ragtag-scaffolds-kept5000/augustus_output/extracted_proteins/EOG09370VTP.faa.1 for reading
[hmmsearch]	Error: Failed to open sequence file /bigdata/stajichlab/shared/projects/Caulerpa/annotation/quast_results/results_2022_01_03_14_07_58/busco_stats/run_Caulerpa_lentillifera_spades-ragtag-scaffolds-kept5000/augustus_output/extracted_proteins/EOG09370OO3.faa.1 for reading
[hmmsearch]	Error: Failed to open sequence file /bigdata/stajichlab/shared/projects/Caulerpa/annotation/quast_results/results_2022_01_03_14_07_58/busco_stats/run_Caulerpa_lentillifera_spades-ragtag-scaffolds-kept5000/augustus_output/extracted_proteins/EOG09370BBR.faa.1 for reading
[hmmsearch]	Error: Failed to open sequence file /bigdata/stajichlab/shared/projects/Caulerpa/annotation/quast_results/results_2022_01_03_14_07_58/busco_stats/run_Caulerpa_lentillifera_spades-ragtag-scaffolds-kept5000/augustus_output/extracted_proteins/EOG093703YA.faa.1 for reading
[hmmsearch]	Error: Failed to open sequence file /bigdata/stajichlab/shared/projects/Caulerpa/annotation/quast_results/results_2022_01_03_14_07_58/busco_stats/run_Caulerpa_lentillifera_spades-ragtag-scaffolds-kept5000/augustus_output/extracted_proteins/EOG093703YA.faa.3 for reading
[hmmsearch]	Error: Failed to open sequence file /bigdata/stajichlab/shared/projects/Caulerpa/annotation/quast_results/results_2022_01_03_14_07_58/busco_stats/run_Caulerpa_lentillifera_spades-ragtag-scaffolds-kept5000/augustus_output/extracted_proteins/EOG09370762.faa.2 for reading
[hmmsearch]	Error: Failed to open sequence file /bigdata/stajichlab/shared/projects/Caulerpa/annotation/quast_results/results_2022_01_03_14_07_58/busco_stats/run_Caulerpa_lentillifera_spades-ragtag-scaffolds-kept5000/augustus_output/extracted_proteins/EOG09370ER5.faa.1 for reading
[hmmsearch]	Error: Failed to open sequence file /bigdata/stajichlab/shared/projects/Caulerpa/annotation/quast_results/results_2022_01_03_14_07_58/busco_stats/run_Caulerpa_lentillifera_spades-ragtag-scaffolds-kept5000/augustus_output/extracted_proteins/EOG09370CIV.faa.1 for reading
[hmmsearch]	Error: Failed to open sequence file /bigdata/stajichlab/shared/projects/Caulerpa/annotation/quast_results/results_2022_01_03_14_07_58/busco_stats/run_Caulerpa_lentillifera_spades-ragtag-scaffolds-kept5000/augustus_output/extracted_proteins/EOG09370NHX.faa.2 for reading
[hmmsearch]	Error: Failed to open sequence file /bigdata/stajichlab/shared/projects/Caulerpa/annotation/quast_results/results_2022_01_03_14_07_58/busco_stats/run_Caulerpa_lentillifera_spades-ragtag-scaffolds-kept5000/augustus_output/extracted_proteins/EOG09370B7D.faa.1 for reading
[hmmsearch]	Error: Failed to open sequence file /bigdata/stajichlab/shared/projects/Caulerpa/annotation/quast_results/results_2022_01_03_14_07_58/busco_stats/run_Caulerpa_lentillifera_spades-ragtag-scaffolds-kept5000/augustus_output/extracted_proteins/EOG09370TG6.faa.1 for reading
[hmmsearch]	Error: Failed to open sequence file /bigdata/stajichlab/shared/projects/Caulerpa/annotation/quast_results/results_2022_01_03_14_07_58/busco_stats/run_Caulerpa_lentillifera_spades-ragtag-scaffolds-kept5000/augustus_output/extracted_proteins/EOG0937049Y.faa.1 for reading
[hmmsearch]	Error: Failed to open sequence file /bigdata/stajichlab/shared/projects/Caulerpa/annotation/quast_results/results_2022_01_03_14_07_58/busco_stats/run_Caulerpa_lentillifera_spades-ragtag-scaffolds-kept5000/augustus_output/extracted_proteins/EOG09370TCX.faa.1 for reading
[hmmsearch]	Error: Failed to open sequence file /bigdata/stajichlab/shared/projects/Caulerpa/annotation/quast_results/results_2022_01_03_14_07_58/busco_stats/run_Caulerpa_lentillifera_spades-ragtag-scaffolds-kept5000/augustus_output/extracted_proteins/EOG093701S0.faa.1 for reading
[hmmsearch]	Error: Failed to open sequence file /bigdata/stajichlab/shared/projects/Caulerpa/annotation/quast_results/results_2022_01_03_14_07_58/busco_stats/run_Caulerpa_lentillifera_spades-ragtag-scaffolds-kept5000/augustus_output/extracted_proteins/EOG09370WT1.faa.1 for reading
[hmmsearch]	Error: Failed to open sequence file /bigdata/stajichlab/shared/projects/Caulerpa/annotation/quast_results/results_2022_01_03_14_07_58/busco_stats/run_Caulerpa_lentillifera_spades-ragtag-scaffolds-kept5000/augustus_output/extracted_proteins/EOG0937129K.faa.1 for reading
[hmmsearch]	Error: Failed to open sequence file /bigdata/stajichlab/shared/projects/Caulerpa/annotation/quast_results/results_2022_01_03_14_07_58/busco_stats/run_Caulerpa_lentillifera_spades-ragtag-scaffolds-kept5000/augustus_output/extracted_proteins/EOG093702AT.faa.1 for reading
[hmmsearch]	Error: Failed to open sequence file /bigdata/stajichlab/shared/projects/Caulerpa/annotation/quast_results/results_2022_01_03_14_07_58/busco_stats/run_Caulerpa_lentillifera_spades-ragtag-scaffolds-kept5000/augustus_output/extracted_proteins/EOG09370GC2.faa.1 for reading
[hmmsearch]	Error: Failed to open sequence file /bigdata/stajichlab/shared/projects/Caulerpa/annotation/quast_results/results_2022_01_03_14_07_58/busco_stats/run_Caulerpa_lentillifera_spades-ragtag-scaffolds-kept5000/augustus_output/extracted_proteins/EOG09370P7I.faa.1 for reading
[hmmsearch]	Error: Failed to open sequence file /bigdata/stajichlab/shared/projects/Caulerpa/annotation/quast_results/results_2022_01_03_14_07_58/busco_stats/run_Caulerpa_lentillifera_spades-ragtag-scaffolds-kept5000/augustus_output/extracted_proteins/EOG093704UY.faa.2 for reading
[hmmsearch]	Error: Failed to open sequence file /bigdata/stajichlab/shared/projects/Caulerpa/annotation/quast_results/results_2022_01_03_14_07_58/busco_stats/run_Caulerpa_lentillifera_spades-ragtag-scaffolds-kept5000/augustus_output/extracted_proteins/EOG093705EY.faa.1 for reading
[hmmsearch]	Error: Failed to open sequence file /bigdata/stajichlab/shared/projects/Caulerpa/annotation/quast_results/results_2022_01_03_14_07_58/busco_stats/run_Caulerpa_lentillifera_spades-ragtag-scaffolds-kept5000/augustus_output/extracted_proteins/EOG09370JIK.faa.1 for reading
[hmmsearch]	Error: Failed to open sequence file /bigdata/stajichlab/shared/projects/Caulerpa/annotation/quast_results/results_2022_01_03_14_07_58/busco_stats/run_Caulerpa_lentillifera_spades-ragtag-scaffolds-kept5000/augustus_output/extracted_proteins/EOG09370TP2.faa.1 for reading
[hmmsearch]	Error: Failed to open sequence file /bigdata/stajichlab/shared/projects/Caulerpa/annotation/quast_results/results_2022_01_03_14_07_58/busco_stats/run_Caulerpa_lentillifera_spades-ragtag-scaffolds-kept5000/augustus_output/extracted_proteins/EOG09370SON.faa.1 for reading
[hmmsearch]	Error: Failed to open sequence file /bigdata/stajichlab/shared/projects/Caulerpa/annotation/quast_results/results_2022_01_03_14_07_58/busco_stats/run_Caulerpa_lentillifera_spades-ragtag-scaffolds-kept5000/augustus_output/extracted_proteins/EOG09370KYZ.faa.2 for reading
[hmmsearch]	Error: Failed to open sequence file /bigdata/stajichlab/shared/projects/Caulerpa/annotation/quast_results/results_2022_01_03_14_07_58/busco_stats/run_Caulerpa_lentillifera_spades-ragtag-scaffolds-kept5000/augustus_output/extracted_proteins/EOG09370P9T.faa.2 for reading
[hmmsearch]	Error: Failed to open sequence file /bigdata/stajichlab/shared/projects/Caulerpa/annotation/quast_results/results_2022_01_03_14_07_58/busco_stats/run_Caulerpa_lentillifera_spades-ragtag-scaffolds-kept5000/augustus_output/extracted_proteins/EOG09370OGU.faa.1 for reading
[hmmsearch]	Error: Failed to open sequence file /bigdata/stajichlab/shared/projects/Caulerpa/annotation/quast_results/results_2022_01_03_14_07_58/busco_stats/run_Caulerpa_lentillifera_spades-ragtag-scaffolds-kept5000/augustus_output/extracted_proteins/EOG0937128O.faa.1 for reading
[hmmsearch]	Error: Failed to open sequence file /bigdata/stajichlab/shared/projects/Caulerpa/annotation/quast_results/results_2022_01_03_14_07_58/busco_stats/run_Caulerpa_lentillifera_spades-ragtag-scaffolds-kept5000/augustus_output/extracted_proteins/EOG09370F47.faa.1 for reading
[hmmsearch]	Error: Failed to open sequence file /bigdata/stajichlab/shared/projects/Caulerpa/annotation/quast_results/results_2022_01_03_14_07_58/busco_stats/run_Caulerpa_lentillifera_spades-ragtag-scaffolds-kept5000/augustus_output/extracted_proteins/EOG09370S4T.faa.1 for reading
[hmmsearch]	Error: Failed to open sequence file /bigdata/stajichlab/shared/projects/Caulerpa/annotation/quast_results/results_2022_01_03_14_07_58/busco_stats/run_Caulerpa_lentillifera_spades-ragtag-scaffolds-kept5000/augustus_output/extracted_proteins/EOG093703W1.faa.1 for reading
[hmmsearch]	Error: Failed to open sequence file /bigdata/stajichlab/shared/projects/Caulerpa/annotation/quast_results/results_2022_01_03_14_07_58/busco_stats/run_Caulerpa_lentillifera_spades-ragtag-scaffolds-kept5000/augustus_output/extracted_proteins/EOG093705U4.faa.2 for reading
[hmmsearch]	Error: Failed to open sequence file /bigdata/stajichlab/shared/projects/Caulerpa/annotation/quast_results/results_2022_01_03_14_07_58/busco_stats/run_Caulerpa_lentillifera_spades-ragtag-scaffolds-kept5000/augustus_output/extracted_proteins/EOG09370UO4.faa.1 for reading
[hmmsearch]	Error: Failed to open sequence file /bigdata/stajichlab/shared/projects/Caulerpa/annotation/quast_results/results_2022_01_03_14_07_58/busco_stats/run_Caulerpa_lentillifera_spades-ragtag-scaffolds-kept5000/augustus_output/extracted_proteins/EOG0937029K.faa.1 for reading
[hmmsearch]	Error: Failed to open sequence file /bigdata/stajichlab/shared/projects/Caulerpa/annotation/quast_results/results_2022_01_03_14_07_58/busco_stats/run_Caulerpa_lentillifera_spades-ragtag-scaffolds-kept5000/augustus_output/extracted_proteins/EOG093719M8.faa.1 for reading
[hmmsearch]	Error: Failed to open sequence file /bigdata/stajichlab/shared/projects/Caulerpa/annotation/quast_results/results_2022_01_03_14_07_58/busco_stats/run_Caulerpa_lentillifera_spades-ragtag-scaffolds-kept5000/augustus_output/extracted_proteins/EOG09370E4U.faa.2 for reading
[hmmsearch]	Error: Failed to open sequence file /bigdata/stajichlab/shared/projects/Caulerpa/annotation/quast_results/results_2022_01_03_14_07_58/busco_stats/run_Caulerpa_lentillifera_spades-ragtag-scaffolds-kept5000/augustus_output/extracted_proteins/EOG09370RCS.faa.1 for reading
[hmmsearch]	Error: Failed to open sequence file /bigdata/stajichlab/shared/projects/Caulerpa/annotation/quast_results/results_2022_01_03_14_07_58/busco_stats/run_Caulerpa_lentillifera_spades-ragtag-scaffolds-kept5000/augustus_output/extracted_proteins/EOG093700N7.faa.1 for reading
[hmmsearch]	Error: Failed to open sequence file /bigdata/stajichlab/shared/projects/Caulerpa/annotation/quast_results/results_2022_01_03_14_07_58/busco_stats/run_Caulerpa_lentillifera_spades-ragtag-scaffolds-kept5000/augustus_output/extracted_proteins/EOG09370DP4.faa.2 for reading
[hmmsearch]	Error: Failed to open sequence file /bigdata/stajichlab/shared/projects/Caulerpa/annotation/quast_results/results_2022_01_03_14_07_58/busco_stats/run_Caulerpa_lentillifera_spades-ragtag-scaffolds-kept5000/augustus_output/extracted_proteins/EOG09370PBD.faa.1 for reading
[hmmsearch]	Error: Failed to open sequence file /bigdata/stajichlab/shared/projects/Caulerpa/annotation/quast_results/results_2022_01_03_14_07_58/busco_stats/run_Caulerpa_lentillifera_spades-ragtag-scaffolds-kept5000/augustus_output/extracted_proteins/EOG09370K1R.faa.1 for reading
[hmmsearch]	Error: Failed to open sequence file /bigdata/stajichlab/shared/projects/Caulerpa/annotation/quast_results/results_2022_01_03_14_07_58/busco_stats/run_Caulerpa_lentillifera_spades-ragtag-scaffolds-kept5000/augustus_output/extracted_proteins/EOG09370BJE.faa.1 for reading
[hmmsearch]	Error: Failed to open sequence file /bigdata/stajichlab/shared/projects/Caulerpa/annotation/quast_results/results_2022_01_03_14_07_58/busco_stats/run_Caulerpa_lentillifera_spades-ragtag-scaffolds-kept5000/augustus_output/extracted_proteins/EOG09370WYG.faa.1 for reading
[hmmsearch]	Error: Failed to open sequence file /bigdata/stajichlab/shared/projects/Caulerpa/annotation/quast_results/results_2022_01_03_14_07_58/busco_stats/run_Caulerpa_lentillifera_spades-ragtag-scaffolds-kept5000/augustus_output/extracted_proteins/EOG09370WYG.faa.3 for reading
[hmmsearch]	Error: Failed to open sequence file /bigdata/stajichlab/shared/projects/Caulerpa/annotation/quast_results/results_2022_01_03_14_07_58/busco_stats/run_Caulerpa_lentillifera_spades-ragtag-scaffolds-kept5000/augustus_output/extracted_proteins/EOG09370P2W.faa.1 for reading
[hmmsearch]	Error: Failed to open sequence file /bigdata/stajichlab/shared/projects/Caulerpa/annotation/quast_results/results_2022_01_03_14_07_58/busco_stats/run_Caulerpa_lentillifera_spades-ragtag-scaffolds-kept5000/augustus_output/extracted_proteins/EOG09370TG2.faa.1 for reading
[hmmsearch]	Error: Failed to open sequence file /bigdata/stajichlab/shared/projects/Caulerpa/annotation/quast_results/results_2022_01_03_14_07_58/busco_stats/run_Caulerpa_lentillifera_spades-ragtag-scaffolds-kept5000/augustus_output/extracted_proteins/EOG09370OGW.faa.1 for reading
[hmmsearch]	Error: Failed to open sequence file /bigdata/stajichlab/shared/projects/Caulerpa/annotation/quast_results/results_2022_01_03_14_07_58/busco_stats/run_Caulerpa_lentillifera_spades-ragtag-scaffolds-kept5000/augustus_output/extracted_proteins/EOG09370U71.faa.2 for reading
[hmmsearch]	Error: Failed to open sequence file /bigdata/stajichlab/shared/projects/Caulerpa/annotation/quast_results/results_2022_01_03_14_07_58/busco_stats/run_Caulerpa_lentillifera_spades-ragtag-scaffolds-kept5000/augustus_output/extracted_proteins/EOG09370CF1.faa.1 for reading
[hmmsearch]	Error: Failed to open sequence file /bigdata/stajichlab/shared/projects/Caulerpa/annotation/quast_results/results_2022_01_03_14_07_58/busco_stats/run_Caulerpa_lentillifera_spades-ragtag-scaffolds-kept5000/augustus_output/extracted_proteins/EOG0937004M.faa.1 for reading
[hmmsearch]	Error: Failed to open sequence file /bigdata/stajichlab/shared/projects/Caulerpa/annotation/quast_results/results_2022_01_03_14_07_58/busco_stats/run_Caulerpa_lentillifera_spades-ragtag-scaffolds-kept5000/augustus_output/extracted_proteins/EOG09370IF5.faa.1 for reading
[hmmsearch]	Error: Failed to open sequence file /bigdata/stajichlab/shared/projects/Caulerpa/annotation/quast_results/results_2022_01_03_14_07_58/busco_stats/run_Caulerpa_lentillifera_spades-ragtag-scaffolds-kept5000/augustus_output/extracted_proteins/EOG09370KD4.faa.2 for reading
[hmmsearch]	Error: Failed to open sequence file /bigdata/stajichlab/shared/projects/Caulerpa/annotation/quast_results/results_2022_01_03_14_07_58/busco_stats/run_Caulerpa_lentillifera_spades-ragtag-scaffolds-kept5000/augustus_output/extracted_proteins/EOG09370IF5.faa.3 for reading
[hmmsearch]	Error: Failed to open sequence file /bigdata/stajichlab/shared/projects/Caulerpa/annotation/quast_results/results_2022_01_03_14_07_58/busco_stats/run_Caulerpa_lentillifera_spades-ragtag-scaffolds-kept5000/augustus_output/extracted_proteins/EOG09370E36.faa.1 for reading
[hmmsearch]	Error: Failed to open sequence file /bigdata/stajichlab/shared/projects/Caulerpa/annotation/quast_results/results_2022_01_03_14_07_58/busco_stats/run_Caulerpa_lentillifera_spades-ragtag-scaffolds-kept5000/augustus_output/extracted_proteins/EOG09370YSI.faa.2 for reading
[hmmsearch]	Error: Failed to open sequence file /bigdata/stajichlab/shared/projects/Caulerpa/annotation/quast_results/results_2022_01_03_14_07_58/busco_stats/run_Caulerpa_lentillifera_spades-ragtag-scaffolds-kept5000/augustus_output/extracted_proteins/EOG09370LFI.faa.1 for reading
[hmmsearch]	Error: Failed to open sequence file /bigdata/stajichlab/shared/projects/Caulerpa/annotation/quast_results/results_2022_01_03_14_07_58/busco_stats/run_Caulerpa_lentillifera_spades-ragtag-scaffolds-kept5000/augustus_output/extracted_proteins/EOG09370AL3.faa.2 for reading
[hmmsearch]	Error: Failed to open sequence file /bigdata/stajichlab/shared/projects/Caulerpa/annotation/quast_results/results_2022_01_03_14_07_58/busco_stats/run_Caulerpa_lentillifera_spades-ragtag-scaffolds-kept5000/augustus_output/extracted_proteins/EOG0937060I.faa.2 for reading
[hmmsearch]	Error: Failed to open sequence file /bigdata/stajichlab/shared/projects/Caulerpa/annotation/quast_results/results_2022_01_03_14_07_58/busco_stats/run_Caulerpa_lentillifera_spades-ragtag-scaffolds-kept5000/augustus_output/extracted_proteins/EOG09370VLM.faa.1 for reading
[hmmsearch]	Error: Failed to open sequence file /bigdata/stajichlab/shared/projects/Caulerpa/annotation/quast_results/results_2022_01_03_14_07_58/busco_stats/run_Caulerpa_lentillifera_spades-ragtag-scaffolds-kept5000/augustus_output/extracted_proteins/EOG09370VLM.faa.3 for reading
[hmmsearch]	Error: Failed to open sequence file /bigdata/stajichlab/shared/projects/Caulerpa/annotation/quast_results/results_2022_01_03_14_07_58/busco_stats/run_Caulerpa_lentillifera_spades-ragtag-scaffolds-kept5000/augustus_output/extracted_proteins/EOG09370OS5.faa.2 for reading
[hmmsearch]	Error: Failed to open sequence file /bigdata/stajichlab/shared/projects/Caulerpa/annotation/quast_results/results_2022_01_03_14_07_58/busco_stats/run_Caulerpa_lentillifera_spades-ragtag-scaffolds-kept5000/augustus_output/extracted_proteins/EOG09370MHI.faa.1 for reading
[hmmsearch]	Error: Failed to open sequence file /bigdata/stajichlab/shared/projects/Caulerpa/annotation/quast_results/results_2022_01_03_14_07_58/busco_stats/run_Caulerpa_lentillifera_spades-ragtag-scaffolds-kept5000/augustus_output/extracted_proteins/EOG09370PLC.faa.2 for reading
[hmmsearch]	Error: Failed to open sequence file /bigdata/stajichlab/shared/projects/Caulerpa/annotation/quast_results/results_2022_01_03_14_07_58/busco_stats/run_Caulerpa_lentillifera_spades-ragtag-scaffolds-kept5000/augustus_output/extracted_proteins/EOG09370GIK.faa.2 for reading
[hmmsearch]	Error: Failed to open sequence file /bigdata/stajichlab/shared/projects/Caulerpa/annotation/quast_results/results_2022_01_03_14_07_58/busco_stats/run_Caulerpa_lentillifera_spades-ragtag-scaffolds-kept5000/augustus_output/extracted_proteins/EOG09370P5Q.faa.1 for reading
[hmmsearch]	Error: Failed to open sequence file /bigdata/stajichlab/shared/projects/Caulerpa/annotation/quast_results/results_2022_01_03_14_07_58/busco_stats/run_Caulerpa_lentillifera_spades-ragtag-scaffolds-kept5000/augustus_output/extracted_proteins/EOG0937068H.faa.1 for reading
[hmmsearch]	Error: Failed to open sequence file /bigdata/stajichlab/shared/projects/Caulerpa/annotation/quast_results/results_2022_01_03_14_07_58/busco_stats/run_Caulerpa_lentillifera_spades-ragtag-scaffolds-kept5000/augustus_output/extracted_proteins/EOG09370YC4.faa.2 for reading
[hmmsearch]	Error: Failed to open sequence file /bigdata/stajichlab/shared/projects/Caulerpa/annotation/quast_results/results_2022_01_03_14_07_58/busco_stats/run_Caulerpa_lentillifera_spades-ragtag-scaffolds-kept5000/augustus_output/extracted_proteins/EOG0937085E.faa.1 for reading
[hmmsearch]	Error: Failed to open sequence file /bigdata/stajichlab/shared/projects/Caulerpa/annotation/quast_results/results_2022_01_03_14_07_58/busco_stats/run_Caulerpa_lentillifera_spades-ragtag-scaffolds-kept5000/augustus_output/extracted_proteins/EOG0937106Y.faa.1 for reading
[hmmsearch]	Error: Failed to open sequence file /bigdata/stajichlab/shared/projects/Caulerpa/annotation/quast_results/results_2022_01_03_14_07_58/busco_stats/run_Caulerpa_lentillifera_spades-ragtag-scaffolds-kept5000/augustus_output/extracted_proteins/EOG09370CZT.faa.2 for reading
[hmmsearch]	Error: Failed to open sequence file /bigdata/stajichlab/shared/projects/Caulerpa/annotation/quast_results/results_2022_01_03_14_07_58/busco_stats/run_Caulerpa_lentillifera_spades-ragtag-scaffolds-kept5000/augustus_output/extracted_proteins/EOG093712Q6.faa.1 for reading
[hmmsearch]	Error: Failed to open sequence file /bigdata/stajichlab/shared/projects/Caulerpa/annotation/quast_results/results_2022_01_03_14_07_58/busco_stats/run_Caulerpa_lentillifera_spades-ragtag-scaffolds-kept5000/augustus_output/extracted_proteins/EOG093703C8.faa.1 for reading
[hmmsearch]	Error: Failed to open sequence file /bigdata/stajichlab/shared/projects/Caulerpa/annotation/quast_results/results_2022_01_03_14_07_58/busco_stats/run_Caulerpa_lentillifera_spades-ragtag-scaffolds-kept5000/augustus_output/extracted_proteins/EOG093707LO.faa.1 for reading
[hmmsearch]	Error: Failed to open sequence file /bigdata/stajichlab/shared/projects/Caulerpa/annotation/quast_results/results_2022_01_03_14_07_58/busco_stats/run_Caulerpa_lentillifera_spades-ragtag-scaffolds-kept5000/augustus_output/extracted_proteins/EOG09370F1Q.faa.1 for reading
[hmmsearch]	Error: Failed to open sequence file /bigdata/stajichlab/shared/projects/Caulerpa/annotation/quast_results/results_2022_01_03_14_07_58/busco_stats/run_Caulerpa_lentillifera_spades-ragtag-scaffolds-kept5000/augustus_output/extracted_proteins/EOG09370O51.faa.1 for reading
[hmmsearch]	Error: Failed to open sequence file /bigdata/stajichlab/shared/projects/Caulerpa/annotation/quast_results/results_2022_01_03_14_07_58/busco_stats/run_Caulerpa_lentillifera_spades-ragtag-scaffolds-kept5000/augustus_output/extracted_proteins/EOG09370GEO.faa.1 for reading
[hmmsearch]	Error: Failed to open sequence file /bigdata/stajichlab/shared/projects/Caulerpa/annotation/quast_results/results_2022_01_03_14_07_58/busco_stats/run_Caulerpa_lentillifera_spades-ragtag-scaffolds-kept5000/augustus_output/extracted_proteins/EOG0937017X.faa.1 for reading
[hmmsearch]	Error: Failed to open sequence file /bigdata/stajichlab/shared/projects/Caulerpa/annotation/quast_results/results_2022_01_03_14_07_58/busco_stats/run_Caulerpa_lentillifera_spades-ragtag-scaffolds-kept5000/augustus_output/extracted_proteins/EOG0937091Y.faa.1 for reading
[hmmsearch]	Error: Failed to open sequence file /bigdata/stajichlab/shared/projects/Caulerpa/annotation/quast_results/results_2022_01_03_14_07_58/busco_stats/run_Caulerpa_lentillifera_spades-ragtag-scaffolds-kept5000/augustus_output/extracted_proteins/EOG093702PE.faa.1 for reading
[hmmsearch]	Error: Failed to open sequence file /bigdata/stajichlab/shared/projects/Caulerpa/annotation/quast_results/results_2022_01_03_14_07_58/busco_stats/run_Caulerpa_lentillifera_spades-ragtag-scaffolds-kept5000/augustus_output/extracted_proteins/EOG093704Q0.faa.1 for reading
[hmmsearch]	Error: Failed to open sequence file /bigdata/stajichlab/shared/projects/Caulerpa/annotation/quast_results/results_2022_01_03_14_07_58/busco_stats/run_Caulerpa_lentillifera_spades-ragtag-scaffolds-kept5000/augustus_output/extracted_proteins/EOG09370BQO.faa.1 for reading
[hmmsearch]	Error: Failed to open sequence file /bigdata/stajichlab/shared/projects/Caulerpa/annotation/quast_results/results_2022_01_03_14_07_58/busco_stats/run_Caulerpa_lentillifera_spades-ragtag-scaffolds-kept5000/augustus_output/extracted_proteins/EOG09371431.faa.1 for reading
[hmmsearch]	Error: Failed to open sequence file /bigdata/stajichlab/shared/projects/Caulerpa/annotation/quast_results/results_2022_01_03_14_07_58/busco_stats/run_Caulerpa_lentillifera_spades-ragtag-scaffolds-kept5000/augustus_output/extracted_proteins/EOG09370GJ7.faa.1 for reading
[hmmsearch]	Error: Failed to open sequence file /bigdata/stajichlab/shared/projects/Caulerpa/annotation/quast_results/results_2022_01_03_14_07_58/busco_stats/run_Caulerpa_lentillifera_spades-ragtag-scaffolds-kept5000/augustus_output/extracted_proteins/EOG09370OFR.faa.1 for reading
[hmmsearch]	Error: Failed to open sequence file /bigdata/stajichlab/shared/projects/Caulerpa/annotation/quast_results/results_2022_01_03_14_07_58/busco_stats/run_Caulerpa_lentillifera_spades-ragtag-scaffolds-kept5000/augustus_output/extracted_proteins/EOG093718EG.faa.1 for reading
[hmmsearch]	Error: Failed to open sequence file /bigdata/stajichlab/shared/projects/Caulerpa/annotation/quast_results/results_2022_01_03_14_07_58/busco_stats/run_Caulerpa_lentillifera_spades-ragtag-scaffolds-kept5000/augustus_output/extracted_proteins/EOG09370AI8.faa.1 for reading
[hmmsearch]	Error: Failed to open sequence file /bigdata/stajichlab/shared/projects/Caulerpa/annotation/quast_results/results_2022_01_03_14_07_58/busco_stats/run_Caulerpa_lentillifera_spades-ragtag-scaffolds-kept5000/augustus_output/extracted_proteins/EOG09370JZ3.faa.1 for reading
