	STAR --outSAMtype BAM SortedByCoordinate --outReadsUnmapped Fastx --quantMode GeneCounts --twopassMode Basic --runThreadN 32 --outFilterType BySJout --outFilterMultimapNmax 20 --alignSJoverhangMin 8 --alignSJDBoverhangMin 1 --outFilterMismatchNmax 999 --outFilterMismatchNoverReadLmax 0.08 --alignIntronMin 20 --alignIntronMax 10000 --alignMatesGapMax 10000 --genomeDir data/STAR --outFileNamePrefix results/STAR/Caulerpa_lentillifera_v2. --readFilesIn data/CLENT_R1.fastq.gz data/CLENT_R2.fastq.gz --readFilesCommand zcat
	STAR version: 2.7.9a   compiled: 2021-05-04T09:43:56-0400 vega:/home/dobin/data/STAR/STARcode/STAR.master/source
Jan 20 15:39:15 ..... started STAR run
Jan 20 15:39:15 ..... loading genome
Jan 20 15:39:18 ..... started 1st pass mapping
Jan 20 16:01:09 ..... finished 1st pass mapping
Jan 20 16:01:09 ..... inserting junctions into the genome indices
Jan 20 16:02:13 ..... started mapping
Jan 20 16:26:45 ..... finished mapping
Jan 20 16:26:46 ..... started sorting BAM
Jan 20 16:36:13 ..... finished successfully

        ==========     _____ _    _ ____  _____  ______          _____  
        =====         / ____| |  | |  _ \|  __ \|  ____|   /\   |  __ \ 
          =====      | (___ | |  | | |_) | |__) | |__     /  \  | |  | |
            ====      \___ \| |  | |  _ <|  _  /|  __|   / /\ \ | |  | |
              ====    ____) | |__| | |_) | | \ \| |____ / ____ \| |__| |
        ==========   |_____/ \____/|____/|_|  \_\______/_/    \_\_____/
	  v2.0.2

//========================== featureCounts setting ===========================\\
||                                                                            ||
||             Input files : 1 BAM file                                       ||
||                                                                            ||
||                           Caulerpa_lentillifera_v2.Aligned.sortedByCoo ... ||
||                                                                            ||
||             Output file : Caulerpa_lentillifera_v2.featureCounts.tsv       ||
||                 Summary : Caulerpa_lentillifera_v2.featureCounts.tsv.s ... ||
||              Paired-end : yes                                              ||
||        Count read pairs : no                                               ||
||              Annotation : Caulerpa_lentillifera_v2.gtf (GTF)               ||
||      Dir for temp files : results/STAR                                     ||
||       Junction Counting : <output_file>.jcounts                            ||
||                                                                            ||
||                 Threads : 16                                               ||
||                   Level : meta-feature level                               ||
||      Multimapping reads : not counted                                      ||
|| Multi-overlapping reads : not counted                                      ||
||   Min overlapping bases : 1                                                ||
||                                                                            ||
\\============================================================================//

//================================= Running ==================================\\
||                                                                            ||
|| Load annotation file Caulerpa_lentillifera_v2.gtf ...                      ||
||    Features : 56209                                                        ||
||    Meta-features : 12851                                                   ||
||    Chromosomes/contigs : 275                                               ||
||                                                                            ||
|| Load FASTA contigs from Caulerpa_lentillifera_v2.scaffolds.fa...           ||
||    312 contigs were loaded                                                 ||
||                                                                            ||
|| Process BAM file Caulerpa_lentillifera_v2.Aligned.sortedByCoord.out.ba ... ||
||    Paired-end reads are included.                                          ||
||    The reads are assigned on the single-end mode.                          ||
||    Total alignments : 107627856                                            ||
||    Successfully assigned alignments : 74040514 (68.8%)                     ||
||    Running time : 0.46 minutes                                             ||
||                                                                            ||
|| Write the final count table.                                               ||
|| Write the junction count table.                                            ||
|| Write the read assignment summary.                                         ||
||                                                                            ||
|| Summary of counting results can be found in file "results/STAR/Caulerpa_l  ||
|| entillifera_v2.featureCounts.tsv.summary"                                  ||
||                                                                            ||
\\============================================================================//

